{"C:\\Users\\reuto\\CascadeProjects\\windsurf-project\\src\\database.js": {"path":"C:\\Users\\reuto\\CascadeProjects\\windsurf-project\\src\\database.js","statementMap":{"0":{"start":{"line":1,"column":16},"end":{"line":1,"column":44}},"1":{"start":{"line":2,"column":13},"end":{"line":2,"column":28}},"2":{"start":{"line":3,"column":11},"end":{"line":3,"column":24}},"3":{"start":{"line":4,"column":23},"end":{"line":4,"column":38}},"4":{"start":{"line":5,"column":15},"end":{"line":5,"column":32}},"5":{"start":{"line":7,"column":28},"end":{"line":39,"column":1}},"6":{"start":{"line":43,"column":4},"end":{"line":43,"column":19}},"7":{"start":{"line":44,"column":4},"end":{"line":46,"column":50}},"8":{"start":{"line":50,"column":4},"end":{"line":58,"column":6}},"9":{"start":{"line":60,"column":16},"end":{"line":60,"column":98}},"10":{"start":{"line":61,"column":4},"end":{"line":68,"column":5}},"11":{"start":{"line":62,"column":22},"end":{"line":62,"column":57}},"12":{"start":{"line":63,"column":6},"end":{"line":67,"column":8}},"13":{"start":{"line":72,"column":16},"end":{"line":72,"column":71}},"14":{"start":{"line":73,"column":4},"end":{"line":73,"column":33}},"15":{"start":{"line":73,"column":26},"end":{"line":73,"column":33}},"16":{"start":{"line":75,"column":20},"end":{"line":75,"column":102}},"17":{"start":{"line":76,"column":21},"end":{"line":76,"column":86}},"18":{"start":{"line":77,"column":17},"end":{"line":77,"column":55}},"19":{"start":{"line":78,"column":17},"end":{"line":78,"column":91}},"20":{"start":{"line":79,"column":4},"end":{"line":82,"column":6}},"21":{"start":{"line":86,"column":20},"end":{"line":86,"column":65}},"22":{"start":{"line":87,"column":24},"end":{"line":87,"column":59}},"23":{"start":{"line":87,"column":51},"end":{"line":87,"column":57}},"24":{"start":{"line":89,"column":4},"end":{"line":92,"column":5}},"25":{"start":{"line":90,"column":6},"end":{"line":90,"column":84}},"26":{"start":{"line":91,"column":6},"end":{"line":91,"column":86}},"27":{"start":{"line":93,"column":4},"end":{"line":95,"column":5}},"28":{"start":{"line":94,"column":6},"end":{"line":94,"column":84}},"29":{"start":{"line":99,"column":20},"end":{"line":99,"column":77}},"30":{"start":{"line":100,"column":4},"end":{"line":100,"column":49}},"31":{"start":{"line":100,"column":42},"end":{"line":100,"column":49}},"32":{"start":{"line":101,"column":24},"end":{"line":101,"column":59}},"33":{"start":{"line":101,"column":51},"end":{"line":101,"column":57}},"34":{"start":{"line":103,"column":4},"end":{"line":105,"column":5}},"35":{"start":{"line":104,"column":6},"end":{"line":104,"column":88}},"36":{"start":{"line":109,"column":20},"end":{"line":109,"column":65}},"37":{"start":{"line":110,"column":24},"end":{"line":110,"column":59}},"38":{"start":{"line":110,"column":51},"end":{"line":110,"column":57}},"39":{"start":{"line":112,"column":4},"end":{"line":114,"column":5}},"40":{"start":{"line":113,"column":6},"end":{"line":113,"column":76}},"41":{"start":{"line":118,"column":20},"end":{"line":118,"column":65}},"42":{"start":{"line":119,"column":24},"end":{"line":119,"column":59}},"43":{"start":{"line":119,"column":51},"end":{"line":119,"column":57}},"44":{"start":{"line":121,"column":4},"end":{"line":123,"column":5}},"45":{"start":{"line":122,"column":6},"end":{"line":122,"column":73}},"46":{"start":{"line":127,"column":20},"end":{"line":127,"column":65}},"47":{"start":{"line":128,"column":24},"end":{"line":128,"column":59}},"48":{"start":{"line":128,"column":51},"end":{"line":128,"column":57}},"49":{"start":{"line":130,"column":4},"end":{"line":133,"column":5}},"50":{"start":{"line":131,"column":6},"end":{"line":131,"column":89}},"51":{"start":{"line":132,"column":6},"end":{"line":132,"column":95}},"52":{"start":{"line":137,"column":20},"end":{"line":137,"column":69}},"53":{"start":{"line":138,"column":4},"end":{"line":138,"column":49}},"54":{"start":{"line":138,"column":42},"end":{"line":138,"column":49}},"55":{"start":{"line":140,"column":4},"end":{"line":143,"column":6}},"56":{"start":{"line":147,"column":20},"end":{"line":147,"column":62}},"57":{"start":{"line":148,"column":24},"end":{"line":148,"column":59}},"58":{"start":{"line":148,"column":51},"end":{"line":148,"column":57}},"59":{"start":{"line":150,"column":4},"end":{"line":152,"column":5}},"60":{"start":{"line":151,"column":6},"end":{"line":151,"column":70}},"61":{"start":{"line":156,"column":20},"end":{"line":156,"column":69}},"62":{"start":{"line":157,"column":24},"end":{"line":157,"column":59}},"63":{"start":{"line":157,"column":51},"end":{"line":157,"column":57}},"64":{"start":{"line":159,"column":4},"end":{"line":161,"column":5}},"65":{"start":{"line":160,"column":6},"end":{"line":160,"column":89}},"66":{"start":{"line":162,"column":4},"end":{"line":164,"column":5}},"67":{"start":{"line":163,"column":6},"end":{"line":163,"column":87}},"68":{"start":{"line":168,"column":20},"end":{"line":168,"column":61}},"69":{"start":{"line":169,"column":4},"end":{"line":169,"column":49}},"70":{"start":{"line":169,"column":42},"end":{"line":169,"column":49}},"71":{"start":{"line":170,"column":24},"end":{"line":170,"column":59}},"72":{"start":{"line":170,"column":51},"end":{"line":170,"column":57}},"73":{"start":{"line":172,"column":4},"end":{"line":175,"column":5}},"74":{"start":{"line":173,"column":6},"end":{"line":173,"column":77}},"75":{"start":{"line":174,"column":6},"end":{"line":174,"column":76}},"76":{"start":{"line":179,"column":20},"end":{"line":179,"column":70}},"77":{"start":{"line":180,"column":4},"end":{"line":180,"column":49}},"78":{"start":{"line":180,"column":42},"end":{"line":180,"column":49}},"79":{"start":{"line":181,"column":24},"end":{"line":181,"column":59}},"80":{"start":{"line":181,"column":51},"end":{"line":181,"column":57}},"81":{"start":{"line":183,"column":4},"end":{"line":185,"column":5}},"82":{"start":{"line":184,"column":6},"end":{"line":184,"column":72}},"83":{"start":{"line":189,"column":4},"end":{"line":203,"column":7}},"84":{"start":{"line":190,"column":21},"end":{"line":190,"column":46}},"85":{"start":{"line":191,"column":7},"end":{"line":193,"column":8}},"86":{"start":{"line":192,"column":9},"end":{"line":192,"column":50}},"87":{"start":{"line":195,"column":6},"end":{"line":202,"column":9}},"88":{"start":{"line":196,"column":8},"end":{"line":201,"column":9}},"89":{"start":{"line":197,"column":10},"end":{"line":197,"column":22}},"90":{"start":{"line":199,"column":10},"end":{"line":199,"column":54}},"91":{"start":{"line":200,"column":10},"end":{"line":200,"column":58}},"92":{"start":{"line":209,"column":4},"end":{"line":209,"column":38}},"93":{"start":{"line":211,"column":19},"end":{"line":452,"column":5}},"94":{"start":{"line":454,"column":4},"end":{"line":456,"column":5}},"95":{"start":{"line":455,"column":6},"end":{"line":455,"column":28}},"96":{"start":{"line":460,"column":4},"end":{"line":460,"column":43}},"97":{"start":{"line":463,"column":4},"end":{"line":463,"column":42}},"98":{"start":{"line":466,"column":4},"end":{"line":466,"column":46}},"99":{"start":{"line":467,"column":4},"end":{"line":467,"column":48}},"100":{"start":{"line":470,"column":4},"end":{"line":470,"column":44}},"101":{"start":{"line":473,"column":4},"end":{"line":473,"column":46}},"102":{"start":{"line":476,"column":4},"end":{"line":476,"column":47}},"103":{"start":{"line":479,"column":4},"end":{"line":479,"column":46}},"104":{"start":{"line":482,"column":4},"end":{"line":482,"column":52}},"105":{"start":{"line":485,"column":4},"end":{"line":485,"column":49}},"106":{"start":{"line":488,"column":4},"end":{"line":488,"column":56}},"107":{"start":{"line":491,"column":4},"end":{"line":491,"column":40}},"108":{"start":{"line":494,"column":4},"end":{"line":494,"column":46}},"109":{"start":{"line":496,"column":4},"end":{"line":496,"column":47}},"110":{"start":{"line":499,"column":4},"end":{"line":499,"column":44}},"111":{"start":{"line":502,"column":4},"end":{"line":502,"column":40}},"112":{"start":{"line":506,"column":19},"end":{"line":506,"column":92}},"113":{"start":{"line":507,"column":23},"end":{"line":507,"column":57}},"114":{"start":{"line":507,"column":49},"end":{"line":507,"column":55}},"115":{"start":{"line":509,"column":25},"end":{"line":516,"column":5}},"116":{"start":{"line":510,"column":19},"end":{"line":510,"column":64}},"117":{"start":{"line":511,"column":6},"end":{"line":511,"column":45}},"118":{"start":{"line":511,"column":38},"end":{"line":511,"column":45}},"119":{"start":{"line":512,"column":23},"end":{"line":512,"column":55}},"120":{"start":{"line":512,"column":47},"end":{"line":512,"column":53}},"121":{"start":{"line":513,"column":6},"end":{"line":515,"column":7}},"122":{"start":{"line":514,"column":8},"end":{"line":514,"column":78}},"123":{"start":{"line":518,"column":4},"end":{"line":536,"column":5}},"124":{"start":{"line":519,"column":6},"end":{"line":535,"column":7}},"125":{"start":{"line":521,"column":8},"end":{"line":531,"column":10}},"126":{"start":{"line":532,"column":8},"end":{"line":532,"column":55}},"127":{"start":{"line":534,"column":8},"end":{"line":534,"column":82}},"128":{"start":{"line":538,"column":4},"end":{"line":551,"column":5}},"129":{"start":{"line":539,"column":6},"end":{"line":550,"column":7}},"130":{"start":{"line":540,"column":8},"end":{"line":546,"column":10}},"131":{"start":{"line":547,"column":8},"end":{"line":547,"column":59}},"132":{"start":{"line":549,"column":8},"end":{"line":549,"column":90}},"133":{"start":{"line":554,"column":4},"end":{"line":554,"column":73}},"134":{"start":{"line":555,"column":4},"end":{"line":555,"column":73}},"135":{"start":{"line":556,"column":4},"end":{"line":556,"column":70}},"136":{"start":{"line":557,"column":4},"end":{"line":557,"column":70}},"137":{"start":{"line":559,"column":4},"end":{"line":559,"column":73}},"138":{"start":{"line":560,"column":4},"end":{"line":560,"column":69}},"139":{"start":{"line":561,"column":4},"end":{"line":561,"column":77}},"140":{"start":{"line":562,"column":4},"end":{"line":562,"column":77}},"141":{"start":{"line":564,"column":4},"end":{"line":564,"column":85}},"142":{"start":{"line":565,"column":4},"end":{"line":565,"column":75}},"143":{"start":{"line":569,"column":20},"end":{"line":569,"column":69}},"144":{"start":{"line":570,"column":4},"end":{"line":570,"column":49}},"145":{"start":{"line":570,"column":42},"end":{"line":570,"column":49}},"146":{"start":{"line":572,"column":4},"end":{"line":572,"column":40}},"147":{"start":{"line":573,"column":4},"end":{"line":606,"column":5}},"148":{"start":{"line":574,"column":6},"end":{"line":596,"column":7}},"149":{"start":{"line":575,"column":25},"end":{"line":578,"column":9}},"150":{"start":{"line":580,"column":25},"end":{"line":580,"column":37}},"151":{"start":{"line":581,"column":8},"end":{"line":588,"column":9}},"152":{"start":{"line":582,"column":10},"end":{"line":582,"column":32}},"153":{"start":{"line":583,"column":10},"end":{"line":587,"column":12}},"154":{"start":{"line":590,"column":8},"end":{"line":595,"column":10}},"155":{"start":{"line":598,"column":6},"end":{"line":598,"column":31}},"156":{"start":{"line":600,"column":6},"end":{"line":604,"column":7}},"157":{"start":{"line":601,"column":8},"end":{"line":601,"column":35}},"158":{"start":{"line":605,"column":6},"end":{"line":605,"column":14}},"159":{"start":{"line":610,"column":20},"end":{"line":610,"column":62}},"160":{"start":{"line":611,"column":24},"end":{"line":611,"column":59}},"161":{"start":{"line":611,"column":51},"end":{"line":611,"column":57}},"162":{"start":{"line":613,"column":4},"end":{"line":615,"column":5}},"163":{"start":{"line":614,"column":6},"end":{"line":614,"column":71}},"164":{"start":{"line":616,"column":4},"end":{"line":618,"column":5}},"165":{"start":{"line":617,"column":6},"end":{"line":617,"column":72}},"166":{"start":{"line":622,"column":20},"end":{"line":622,"column":62}},"167":{"start":{"line":623,"column":24},"end":{"line":623,"column":59}},"168":{"start":{"line":623,"column":51},"end":{"line":623,"column":57}},"169":{"start":{"line":625,"column":4},"end":{"line":627,"column":5}},"170":{"start":{"line":626,"column":6},"end":{"line":626,"column":71}},"171":{"start":{"line":631,"column":20},"end":{"line":631,"column":55}},"172":{"start":{"line":632,"column":4},"end":{"line":632,"column":37}},"173":{"start":{"line":632,"column":30},"end":{"line":632,"column":37}},"174":{"start":{"line":634,"column":4},"end":{"line":634,"column":40}},"175":{"start":{"line":635,"column":4},"end":{"line":653,"column":5}},"176":{"start":{"line":636,"column":6},"end":{"line":644,"column":7}},"177":{"start":{"line":637,"column":8},"end":{"line":643,"column":10}},"178":{"start":{"line":645,"column":6},"end":{"line":645,"column":31}},"179":{"start":{"line":647,"column":6},"end":{"line":651,"column":7}},"180":{"start":{"line":648,"column":8},"end":{"line":648,"column":35}},"181":{"start":{"line":652,"column":6},"end":{"line":652,"column":14}},"182":{"start":{"line":657,"column":4},"end":{"line":665,"column":7}},"183":{"start":{"line":658,"column":6},"end":{"line":664,"column":9}},"184":{"start":{"line":659,"column":8},"end":{"line":663,"column":9}},"185":{"start":{"line":660,"column":10},"end":{"line":660,"column":22}},"186":{"start":{"line":662,"column":10},"end":{"line":662,"column":62}},"187":{"start":{"line":669,"column":4},"end":{"line":677,"column":7}},"188":{"start":{"line":670,"column":6},"end":{"line":676,"column":9}},"189":{"start":{"line":671,"column":8},"end":{"line":675,"column":9}},"190":{"start":{"line":672,"column":10},"end":{"line":672,"column":22}},"191":{"start":{"line":674,"column":10},"end":{"line":674,"column":23}},"192":{"start":{"line":681,"column":4},"end":{"line":689,"column":7}},"193":{"start":{"line":682,"column":6},"end":{"line":688,"column":9}},"194":{"start":{"line":683,"column":8},"end":{"line":687,"column":9}},"195":{"start":{"line":684,"column":10},"end":{"line":684,"column":22}},"196":{"start":{"line":686,"column":10},"end":{"line":686,"column":24}},"197":{"start":{"line":693,"column":4},"end":{"line":702,"column":7}},"198":{"start":{"line":694,"column":6},"end":{"line":701,"column":9}},"199":{"start":{"line":695,"column":8},"end":{"line":700,"column":9}},"200":{"start":{"line":696,"column":10},"end":{"line":696,"column":22}},"201":{"start":{"line":698,"column":10},"end":{"line":698,"column":52}},"202":{"start":{"line":699,"column":10},"end":{"line":699,"column":20}},"203":{"start":{"line":706,"column":0},"end":{"line":706,"column":26}}},"fnMap":{"0":{"name":"(anonymous_0)","decl":{"start":{"line":42,"column":2},"end":{"line":42,"column":3}},"loc":{"start":{"line":42,"column":16},"end":{"line":47,"column":3}},"line":42},"1":{"name":"(anonymous_1)","decl":{"start":{"line":49,"column":2},"end":{"line":49,"column":3}},"loc":{"start":{"line":49,"column":37},"end":{"line":69,"column":3}},"line":49},"2":{"name":"(anonymous_2)","decl":{"start":{"line":71,"column":2},"end":{"line":71,"column":3}},"loc":{"start":{"line":71,"column":33},"end":{"line":83,"column":3}},"line":71},"3":{"name":"(anonymous_3)","decl":{"start":{"line":85,"column":2},"end":{"line":85,"column":3}},"loc":{"start":{"line":85,"column":39},"end":{"line":96,"column":3}},"line":85},"4":{"name":"(anonymous_4)","decl":{"start":{"line":87,"column":44},"end":{"line":87,"column":45}},"loc":{"start":{"line":87,"column":51},"end":{"line":87,"column":57}},"line":87},"5":{"name":"(anonymous_5)","decl":{"start":{"line":98,"column":2},"end":{"line":98,"column":3}},"loc":{"start":{"line":98,"column":45},"end":{"line":106,"column":3}},"line":98},"6":{"name":"(anonymous_6)","decl":{"start":{"line":101,"column":44},"end":{"line":101,"column":45}},"loc":{"start":{"line":101,"column":51},"end":{"line":101,"column":57}},"line":101},"7":{"name":"(anonymous_7)","decl":{"start":{"line":108,"column":2},"end":{"line":108,"column":3}},"loc":{"start":{"line":108,"column":37},"end":{"line":115,"column":3}},"line":108},"8":{"name":"(anonymous_8)","decl":{"start":{"line":110,"column":44},"end":{"line":110,"column":45}},"loc":{"start":{"line":110,"column":51},"end":{"line":110,"column":57}},"line":110},"9":{"name":"(anonymous_9)","decl":{"start":{"line":117,"column":2},"end":{"line":117,"column":3}},"loc":{"start":{"line":117,"column":39},"end":{"line":124,"column":3}},"line":117},"10":{"name":"(anonymous_10)","decl":{"start":{"line":119,"column":44},"end":{"line":119,"column":45}},"loc":{"start":{"line":119,"column":51},"end":{"line":119,"column":57}},"line":119},"11":{"name":"(anonymous_11)","decl":{"start":{"line":126,"column":2},"end":{"line":126,"column":3}},"loc":{"start":{"line":126,"column":40},"end":{"line":134,"column":3}},"line":126},"12":{"name":"(anonymous_12)","decl":{"start":{"line":128,"column":44},"end":{"line":128,"column":45}},"loc":{"start":{"line":128,"column":51},"end":{"line":128,"column":57}},"line":128},"13":{"name":"(anonymous_13)","decl":{"start":{"line":136,"column":2},"end":{"line":136,"column":3}},"loc":{"start":{"line":136,"column":42},"end":{"line":144,"column":3}},"line":136},"14":{"name":"(anonymous_14)","decl":{"start":{"line":146,"column":2},"end":{"line":146,"column":3}},"loc":{"start":{"line":146,"column":35},"end":{"line":153,"column":3}},"line":146},"15":{"name":"(anonymous_15)","decl":{"start":{"line":148,"column":44},"end":{"line":148,"column":45}},"loc":{"start":{"line":148,"column":51},"end":{"line":148,"column":57}},"line":148},"16":{"name":"(anonymous_16)","decl":{"start":{"line":155,"column":2},"end":{"line":155,"column":3}},"loc":{"start":{"line":155,"column":49},"end":{"line":165,"column":3}},"line":155},"17":{"name":"(anonymous_17)","decl":{"start":{"line":157,"column":44},"end":{"line":157,"column":45}},"loc":{"start":{"line":157,"column":51},"end":{"line":157,"column":57}},"line":157},"18":{"name":"(anonymous_18)","decl":{"start":{"line":167,"column":2},"end":{"line":167,"column":3}},"loc":{"start":{"line":167,"column":33},"end":{"line":176,"column":3}},"line":167},"19":{"name":"(anonymous_19)","decl":{"start":{"line":170,"column":44},"end":{"line":170,"column":45}},"loc":{"start":{"line":170,"column":51},"end":{"line":170,"column":57}},"line":170},"20":{"name":"(anonymous_20)","decl":{"start":{"line":178,"column":2},"end":{"line":178,"column":3}},"loc":{"start":{"line":178,"column":39},"end":{"line":186,"column":3}},"line":178},"21":{"name":"(anonymous_21)","decl":{"start":{"line":181,"column":44},"end":{"line":181,"column":45}},"loc":{"start":{"line":181,"column":51},"end":{"line":181,"column":57}},"line":181},"22":{"name":"(anonymous_22)","decl":{"start":{"line":188,"column":2},"end":{"line":188,"column":3}},"loc":{"start":{"line":188,"column":21},"end":{"line":204,"column":3}},"line":188},"23":{"name":"(anonymous_23)","decl":{"start":{"line":189,"column":23},"end":{"line":189,"column":24}},"loc":{"start":{"line":189,"column":44},"end":{"line":203,"column":5}},"line":189},"24":{"name":"(anonymous_24)","decl":{"start":{"line":195,"column":50},"end":{"line":195,"column":51}},"loc":{"start":{"line":195,"column":59},"end":{"line":202,"column":7}},"line":195},"25":{"name":"(anonymous_25)","decl":{"start":{"line":206,"column":2},"end":{"line":206,"column":3}},"loc":{"start":{"line":206,"column":23},"end":{"line":503,"column":3}},"line":206},"26":{"name":"(anonymous_26)","decl":{"start":{"line":505,"column":2},"end":{"line":505,"column":3}},"loc":{"start":{"line":505,"column":31},"end":{"line":566,"column":3}},"line":505},"27":{"name":"(anonymous_27)","decl":{"start":{"line":507,"column":42},"end":{"line":507,"column":43}},"loc":{"start":{"line":507,"column":49},"end":{"line":507,"column":55}},"line":507},"28":{"name":"(anonymous_28)","decl":{"start":{"line":509,"column":25},"end":{"line":509,"column":26}},"loc":{"start":{"line":509,"column":52},"end":{"line":516,"column":5}},"line":509},"29":{"name":"(anonymous_29)","decl":{"start":{"line":512,"column":40},"end":{"line":512,"column":41}},"loc":{"start":{"line":512,"column":47},"end":{"line":512,"column":53}},"line":512},"30":{"name":"(anonymous_30)","decl":{"start":{"line":568,"column":2},"end":{"line":568,"column":3}},"loc":{"start":{"line":568,"column":40},"end":{"line":607,"column":3}},"line":568},"31":{"name":"(anonymous_31)","decl":{"start":{"line":609,"column":2},"end":{"line":609,"column":3}},"loc":{"start":{"line":609,"column":36},"end":{"line":619,"column":3}},"line":609},"32":{"name":"(anonymous_32)","decl":{"start":{"line":611,"column":44},"end":{"line":611,"column":45}},"loc":{"start":{"line":611,"column":51},"end":{"line":611,"column":57}},"line":611},"33":{"name":"(anonymous_33)","decl":{"start":{"line":621,"column":2},"end":{"line":621,"column":3}},"loc":{"start":{"line":621,"column":39},"end":{"line":628,"column":3}},"line":621},"34":{"name":"(anonymous_34)","decl":{"start":{"line":623,"column":44},"end":{"line":623,"column":45}},"loc":{"start":{"line":623,"column":51},"end":{"line":623,"column":57}},"line":623},"35":{"name":"(anonymous_35)","decl":{"start":{"line":630,"column":2},"end":{"line":630,"column":3}},"loc":{"start":{"line":630,"column":41},"end":{"line":654,"column":3}},"line":630},"36":{"name":"(anonymous_36)","decl":{"start":{"line":656,"column":2},"end":{"line":656,"column":3}},"loc":{"start":{"line":656,"column":24},"end":{"line":666,"column":3}},"line":656},"37":{"name":"(anonymous_37)","decl":{"start":{"line":657,"column":23},"end":{"line":657,"column":24}},"loc":{"start":{"line":657,"column":44},"end":{"line":665,"column":5}},"line":657},"38":{"name":"(anonymous_38)","decl":{"start":{"line":658,"column":31},"end":{"line":658,"column":32}},"loc":{"start":{"line":658,"column":45},"end":{"line":664,"column":7}},"line":658},"39":{"name":"(anonymous_39)","decl":{"start":{"line":668,"column":2},"end":{"line":668,"column":3}},"loc":{"start":{"line":668,"column":24},"end":{"line":678,"column":3}},"line":668},"40":{"name":"(anonymous_40)","decl":{"start":{"line":669,"column":23},"end":{"line":669,"column":24}},"loc":{"start":{"line":669,"column":44},"end":{"line":677,"column":5}},"line":669},"41":{"name":"(anonymous_41)","decl":{"start":{"line":670,"column":31},"end":{"line":670,"column":32}},"loc":{"start":{"line":670,"column":45},"end":{"line":676,"column":7}},"line":670},"42":{"name":"(anonymous_42)","decl":{"start":{"line":680,"column":2},"end":{"line":680,"column":3}},"loc":{"start":{"line":680,"column":24},"end":{"line":690,"column":3}},"line":680},"43":{"name":"(anonymous_43)","decl":{"start":{"line":681,"column":23},"end":{"line":681,"column":24}},"loc":{"start":{"line":681,"column":44},"end":{"line":689,"column":5}},"line":681},"44":{"name":"(anonymous_44)","decl":{"start":{"line":682,"column":31},"end":{"line":682,"column":32}},"loc":{"start":{"line":682,"column":46},"end":{"line":688,"column":7}},"line":682},"45":{"name":"(anonymous_45)","decl":{"start":{"line":692,"column":2},"end":{"line":692,"column":3}},"loc":{"start":{"line":692,"column":10},"end":{"line":703,"column":3}},"line":692},"46":{"name":"(anonymous_46)","decl":{"start":{"line":693,"column":23},"end":{"line":693,"column":24}},"loc":{"start":{"line":693,"column":44},"end":{"line":702,"column":5}},"line":693},"47":{"name":"(anonymous_47)","decl":{"start":{"line":694,"column":20},"end":{"line":694,"column":21}},"loc":{"start":{"line":694,"column":29},"end":{"line":701,"column":7}},"line":694}},"branchMap":{"0":{"loc":{"start":{"line":44,"column":18},"end":{"line":46,"column":49}},"type":"cond-expr","locations":[{"start":{"line":45,"column":8},"end":{"line":45,"column":41}},{"start":{"line":46,"column":8},"end":{"line":46,"column":49}}],"line":44},"1":{"loc":{"start":{"line":61,"column":4},"end":{"line":68,"column":5}},"type":"if","locations":[{"start":{"line":61,"column":4},"end":{"line":68,"column":5}},{"start":{},"end":{}}],"line":61},"2":{"loc":{"start":{"line":61,"column":8},"end":{"line":61,"column":33}},"type":"binary-expr","locations":[{"start":{"line":61,"column":8},"end":{"line":61,"column":12}},{"start":{"line":61,"column":16},"end":{"line":61,"column":33}}],"line":61},"3":{"loc":{"start":{"line":62,"column":22},"end":{"line":62,"column":57}},"type":"binary-expr","locations":[{"start":{"line":62,"column":22},"end":{"line":62,"column":48}},{"start":{"line":62,"column":52},"end":{"line":62,"column":57}}],"line":62},"4":{"loc":{"start":{"line":73,"column":4},"end":{"line":73,"column":33}},"type":"if","locations":[{"start":{"line":73,"column":4},"end":{"line":73,"column":33}},{"start":{},"end":{}}],"line":73},"5":{"loc":{"start":{"line":73,"column":8},"end":{"line":73,"column":24}},"type":"binary-expr","locations":[{"start":{"line":73,"column":8},"end":{"line":73,"column":11}},{"start":{"line":73,"column":15},"end":{"line":73,"column":24}}],"line":73},"6":{"loc":{"start":{"line":76,"column":21},"end":{"line":76,"column":86}},"type":"binary-expr","locations":[{"start":{"line":76,"column":22},"end":{"line":76,"column":29}},{"start":{"line":76,"column":33},"end":{"line":76,"column":46}},{"start":{"line":76,"column":51},"end":{"line":76,"column":77}},{"start":{"line":76,"column":81},"end":{"line":76,"column":86}}],"line":76},"7":{"loc":{"start":{"line":89,"column":4},"end":{"line":92,"column":5}},"type":"if","locations":[{"start":{"line":89,"column":4},"end":{"line":92,"column":5}},{"start":{},"end":{}}],"line":89},"8":{"loc":{"start":{"line":93,"column":4},"end":{"line":95,"column":5}},"type":"if","locations":[{"start":{"line":93,"column":4},"end":{"line":95,"column":5}},{"start":{},"end":{}}],"line":93},"9":{"loc":{"start":{"line":100,"column":4},"end":{"line":100,"column":49}},"type":"if","locations":[{"start":{"line":100,"column":4},"end":{"line":100,"column":49}},{"start":{},"end":{}}],"line":100},"10":{"loc":{"start":{"line":100,"column":8},"end":{"line":100,"column":40}},"type":"binary-expr","locations":[{"start":{"line":100,"column":8},"end":{"line":100,"column":16}},{"start":{"line":100,"column":20},"end":{"line":100,"column":40}}],"line":100},"11":{"loc":{"start":{"line":103,"column":4},"end":{"line":105,"column":5}},"type":"if","locations":[{"start":{"line":103,"column":4},"end":{"line":105,"column":5}},{"start":{},"end":{}}],"line":103},"12":{"loc":{"start":{"line":112,"column":4},"end":{"line":114,"column":5}},"type":"if","locations":[{"start":{"line":112,"column":4},"end":{"line":114,"column":5}},{"start":{},"end":{}}],"line":112},"13":{"loc":{"start":{"line":121,"column":4},"end":{"line":123,"column":5}},"type":"if","locations":[{"start":{"line":121,"column":4},"end":{"line":123,"column":5}},{"start":{},"end":{}}],"line":121},"14":{"loc":{"start":{"line":130,"column":4},"end":{"line":133,"column":5}},"type":"if","locations":[{"start":{"line":130,"column":4},"end":{"line":133,"column":5}},{"start":{},"end":{}}],"line":130},"15":{"loc":{"start":{"line":138,"column":4},"end":{"line":138,"column":49}},"type":"if","locations":[{"start":{"line":138,"column":4},"end":{"line":138,"column":49}},{"start":{},"end":{}}],"line":138},"16":{"loc":{"start":{"line":138,"column":8},"end":{"line":138,"column":40}},"type":"binary-expr","locations":[{"start":{"line":138,"column":8},"end":{"line":138,"column":16}},{"start":{"line":138,"column":20},"end":{"line":138,"column":40}}],"line":138},"17":{"loc":{"start":{"line":150,"column":4},"end":{"line":152,"column":5}},"type":"if","locations":[{"start":{"line":150,"column":4},"end":{"line":152,"column":5}},{"start":{},"end":{}}],"line":150},"18":{"loc":{"start":{"line":159,"column":4},"end":{"line":161,"column":5}},"type":"if","locations":[{"start":{"line":159,"column":4},"end":{"line":161,"column":5}},{"start":{},"end":{}}],"line":159},"19":{"loc":{"start":{"line":162,"column":4},"end":{"line":164,"column":5}},"type":"if","locations":[{"start":{"line":162,"column":4},"end":{"line":164,"column":5}},{"start":{},"end":{}}],"line":162},"20":{"loc":{"start":{"line":169,"column":4},"end":{"line":169,"column":49}},"type":"if","locations":[{"start":{"line":169,"column":4},"end":{"line":169,"column":49}},{"start":{},"end":{}}],"line":169},"21":{"loc":{"start":{"line":169,"column":8},"end":{"line":169,"column":40}},"type":"binary-expr","locations":[{"start":{"line":169,"column":8},"end":{"line":169,"column":16}},{"start":{"line":169,"column":20},"end":{"line":169,"column":40}}],"line":169},"22":{"loc":{"start":{"line":172,"column":4},"end":{"line":175,"column":5}},"type":"if","locations":[{"start":{"line":172,"column":4},"end":{"line":175,"column":5}},{"start":{},"end":{}}],"line":172},"23":{"loc":{"start":{"line":180,"column":4},"end":{"line":180,"column":49}},"type":"if","locations":[{"start":{"line":180,"column":4},"end":{"line":180,"column":49}},{"start":{},"end":{}}],"line":180},"24":{"loc":{"start":{"line":180,"column":8},"end":{"line":180,"column":40}},"type":"binary-expr","locations":[{"start":{"line":180,"column":8},"end":{"line":180,"column":16}},{"start":{"line":180,"column":20},"end":{"line":180,"column":40}}],"line":180},"25":{"loc":{"start":{"line":183,"column":4},"end":{"line":185,"column":5}},"type":"if","locations":[{"start":{"line":183,"column":4},"end":{"line":185,"column":5}},{"start":{},"end":{}}],"line":183},"26":{"loc":{"start":{"line":191,"column":7},"end":{"line":193,"column":8}},"type":"if","locations":[{"start":{"line":191,"column":7},"end":{"line":193,"column":8}},{"start":{},"end":{}}],"line":191},"27":{"loc":{"start":{"line":196,"column":8},"end":{"line":201,"column":9}},"type":"if","locations":[{"start":{"line":196,"column":8},"end":{"line":201,"column":9}},{"start":{"line":198,"column":15},"end":{"line":201,"column":9}}],"line":196},"28":{"loc":{"start":{"line":511,"column":6},"end":{"line":511,"column":45}},"type":"if","locations":[{"start":{"line":511,"column":6},"end":{"line":511,"column":45}},{"start":{},"end":{}}],"line":511},"29":{"loc":{"start":{"line":511,"column":10},"end":{"line":511,"column":36}},"type":"binary-expr","locations":[{"start":{"line":511,"column":10},"end":{"line":511,"column":15}},{"start":{"line":511,"column":19},"end":{"line":511,"column":36}}],"line":511},"30":{"loc":{"start":{"line":513,"column":6},"end":{"line":515,"column":7}},"type":"if","locations":[{"start":{"line":513,"column":6},"end":{"line":515,"column":7}},{"start":{},"end":{}}],"line":513},"31":{"loc":{"start":{"line":513,"column":10},"end":{"line":513,"column":49}},"type":"binary-expr","locations":[{"start":{"line":513,"column":10},"end":{"line":513,"column":28}},{"start":{"line":513,"column":32},"end":{"line":513,"column":49}}],"line":513},"32":{"loc":{"start":{"line":518,"column":4},"end":{"line":536,"column":5}},"type":"if","locations":[{"start":{"line":518,"column":4},"end":{"line":536,"column":5}},{"start":{},"end":{}}],"line":518},"33":{"loc":{"start":{"line":519,"column":6},"end":{"line":535,"column":7}},"type":"if","locations":[{"start":{"line":519,"column":6},"end":{"line":535,"column":7}},{"start":{"line":533,"column":13},"end":{"line":535,"column":7}}],"line":519},"34":{"loc":{"start":{"line":538,"column":4},"end":{"line":551,"column":5}},"type":"if","locations":[{"start":{"line":538,"column":4},"end":{"line":551,"column":5}},{"start":{},"end":{}}],"line":538},"35":{"loc":{"start":{"line":539,"column":6},"end":{"line":550,"column":7}},"type":"if","locations":[{"start":{"line":539,"column":6},"end":{"line":550,"column":7}},{"start":{"line":548,"column":13},"end":{"line":550,"column":7}}],"line":539},"36":{"loc":{"start":{"line":570,"column":4},"end":{"line":570,"column":49}},"type":"if","locations":[{"start":{"line":570,"column":4},"end":{"line":570,"column":49}},{"start":{},"end":{}}],"line":570},"37":{"loc":{"start":{"line":570,"column":8},"end":{"line":570,"column":40}},"type":"binary-expr","locations":[{"start":{"line":570,"column":8},"end":{"line":570,"column":16}},{"start":{"line":570,"column":20},"end":{"line":570,"column":40}}],"line":570},"38":{"loc":{"start":{"line":581,"column":8},"end":{"line":588,"column":9}},"type":"if","locations":[{"start":{"line":581,"column":8},"end":{"line":588,"column":9}},{"start":{},"end":{}}],"line":581},"39":{"loc":{"start":{"line":613,"column":4},"end":{"line":615,"column":5}},"type":"if","locations":[{"start":{"line":613,"column":4},"end":{"line":615,"column":5}},{"start":{},"end":{}}],"line":613},"40":{"loc":{"start":{"line":616,"column":4},"end":{"line":618,"column":5}},"type":"if","locations":[{"start":{"line":616,"column":4},"end":{"line":618,"column":5}},{"start":{},"end":{}}],"line":616},"41":{"loc":{"start":{"line":625,"column":4},"end":{"line":627,"column":5}},"type":"if","locations":[{"start":{"line":625,"column":4},"end":{"line":627,"column":5}},{"start":{},"end":{}}],"line":625},"42":{"loc":{"start":{"line":632,"column":4},"end":{"line":632,"column":37}},"type":"if","locations":[{"start":{"line":632,"column":4},"end":{"line":632,"column":37}},{"start":{},"end":{}}],"line":632},"43":{"loc":{"start":{"line":656,"column":11},"end":{"line":656,"column":22}},"type":"default-arg","locations":[{"start":{"line":656,"column":20},"end":{"line":656,"column":22}}],"line":656},"44":{"loc":{"start":{"line":659,"column":8},"end":{"line":663,"column":9}},"type":"if","locations":[{"start":{"line":659,"column":8},"end":{"line":663,"column":9}},{"start":{"line":661,"column":15},"end":{"line":663,"column":9}}],"line":659},"45":{"loc":{"start":{"line":668,"column":11},"end":{"line":668,"column":22}},"type":"default-arg","locations":[{"start":{"line":668,"column":20},"end":{"line":668,"column":22}}],"line":668},"46":{"loc":{"start":{"line":671,"column":8},"end":{"line":675,"column":9}},"type":"if","locations":[{"start":{"line":671,"column":8},"end":{"line":675,"column":9}},{"start":{"line":673,"column":15},"end":{"line":675,"column":9}}],"line":671},"47":{"loc":{"start":{"line":680,"column":11},"end":{"line":680,"column":22}},"type":"default-arg","locations":[{"start":{"line":680,"column":20},"end":{"line":680,"column":22}}],"line":680},"48":{"loc":{"start":{"line":683,"column":8},"end":{"line":687,"column":9}},"type":"if","locations":[{"start":{"line":683,"column":8},"end":{"line":687,"column":9}},{"start":{"line":685,"column":15},"end":{"line":687,"column":9}}],"line":683},"49":{"loc":{"start":{"line":695,"column":8},"end":{"line":700,"column":9}},"type":"if","locations":[{"start":{"line":695,"column":8},"end":{"line":700,"column":9}},{"start":{"line":697,"column":15},"end":{"line":700,"column":9}}],"line":695}},"s":{"0":3,"1":3,"2":3,"3":3,"4":3,"5":3,"6":3,"7":3,"8":3,"9":3,"10":3,"11":3,"12":3,"13":3,"14":3,"15":0,"16":3,"17":3,"18":3,"19":3,"20":3,"21":3,"22":3,"23":42,"24":3,"25":3,"26":3,"27":3,"28":3,"29":3,"30":3,"31":0,"32":3,"33":36,"34":3,"35":0,"36":3,"37":3,"38":42,"39":3,"40":0,"41":3,"42":3,"43":42,"44":3,"45":0,"46":3,"47":3,"48":42,"49":3,"50":0,"51":0,"52":3,"53":3,"54":0,"55":3,"56":3,"57":3,"58":27,"59":3,"60":0,"61":3,"62":3,"63":27,"64":3,"65":0,"66":3,"67":0,"68":3,"69":3,"70":0,"71":3,"72":18,"73":3,"74":0,"75":0,"76":3,"77":3,"78":0,"79":3,"80":30,"81":3,"82":0,"83":3,"84":3,"85":3,"86":0,"87":3,"88":3,"89":0,"90":3,"91":3,"92":3,"93":3,"94":3,"95":54,"96":3,"97":3,"98":3,"99":3,"100":3,"101":3,"102":3,"103":3,"104":3,"105":3,"106":3,"107":3,"108":3,"109":3,"110":3,"111":3,"112":3,"113":3,"114":0,"115":3,"116":30,"117":30,"118":30,"119":0,"120":0,"121":0,"122":0,"123":3,"124":0,"125":0,"126":0,"127":0,"128":3,"129":0,"130":0,"131":0,"132":0,"133":3,"134":3,"135":3,"136":3,"137":3,"138":3,"139":3,"140":3,"141":3,"142":3,"143":3,"144":3,"145":3,"146":0,"147":0,"148":0,"149":0,"150":0,"151":0,"152":0,"153":0,"154":0,"155":0,"156":0,"157":0,"158":0,"159":3,"160":3,"161":27,"162":3,"163":0,"164":3,"165":0,"166":3,"167":3,"168":27,"169":3,"170":0,"171":3,"172":3,"173":0,"174":3,"175":3,"176":3,"177":93,"178":3,"179":0,"180":0,"181":0,"182":221,"183":221,"184":221,"185":0,"186":221,"187":62,"188":62,"189":62,"190":0,"191":62,"192":108,"193":108,"194":108,"195":0,"196":108,"197":3,"198":3,"199":3,"200":0,"201":3,"202":3,"203":3},"f":{"0":3,"1":3,"2":3,"3":3,"4":42,"5":3,"6":36,"7":3,"8":42,"9":3,"10":42,"11":3,"12":42,"13":3,"14":3,"15":27,"16":3,"17":27,"18":3,"19":18,"20":3,"21":30,"22":3,"23":3,"24":3,"25":3,"26":3,"27":0,"28":30,"29":0,"30":3,"31":3,"32":27,"33":3,"34":27,"35":3,"36":221,"37":221,"38":221,"39":62,"40":62,"41":62,"42":108,"43":108,"44":108,"45":3,"46":3,"47":3},"b":{"0":[3,0],"1":[3,0],"2":[3,0],"3":[3,3],"4":[0,3],"5":[3,3],"6":[3,3,0,0],"7":[3,0],"8":[3,0],"9":[0,3],"10":[3,3],"11":[0,3],"12":[0,3],"13":[0,3],"14":[0,3],"15":[0,3],"16":[3,3],"17":[0,3],"18":[0,3],"19":[0,3],"20":[0,3],"21":[3,3],"22":[0,3],"23":[0,3],"24":[3,3],"25":[0,3],"26":[0,3],"27":[0,3],"28":[30,0],"29":[30,30],"30":[0,0],"31":[0,0],"32":[0,3],"33":[0,0],"34":[0,3],"35":[0,0],"36":[3,0],"37":[3,3],"38":[0,0],"39":[0,3],"40":[0,3],"41":[0,3],"42":[0,3],"43":[69],"44":[0,221],"45":[16],"46":[0,62],"47":[75],"48":[0,108],"49":[0,3]},"_coverageSchema":"1a1c01bbd47fc00a2c39e90264f33305004495a9","hash":"297f6e5990eb46d233d47e029e01dee57eb86500"}
,"C:\\Users\\reuto\\CascadeProjects\\windsurf-project\\src\\index.js": {"path":"C:\\Users\\reuto\\CascadeProjects\\windsurf-project\\src\\index.js","statementMap":{"0":{"start":{"line":1,"column":16},"end":{"line":1,"column":34}},"1":{"start":{"line":2,"column":13},"end":{"line":2,"column":28}},"2":{"start":{"line":3,"column":15},"end":{"line":3,"column":32}},"3":{"start":{"line":4,"column":19},"end":{"line":4,"column":41}},"4":{"start":{"line":5,"column":13},"end":{"line":5,"column":28}},"5":{"start":{"line":6,"column":11},"end":{"line":6,"column":24}},"6":{"start":{"line":7,"column":15},"end":{"line":7,"column":32}},"7":{"start":{"line":8,"column":18},"end":{"line":8,"column":47}},"8":{"start":{"line":9,"column":23},"end":{"line":9,"column":38}},"9":{"start":{"line":10,"column":17},"end":{"line":10,"column":38}},"10":{"start":{"line":11,"column":22},"end":{"line":11,"column":48}},"11":{"start":{"line":12,"column":21},"end":{"line":12,"column":46}},"12":{"start":{"line":13,"column":22},"end":{"line":13,"column":48}},"13":{"start":{"line":14,"column":20},"end":{"line":14,"column":44}},"14":{"start":{"line":15,"column":20},"end":{"line":15,"column":44}},"15":{"start":{"line":16,"column":23},"end":{"line":16,"column":50}},"16":{"start":{"line":17,"column":26},"end":{"line":17,"column":56}},"17":{"start":{"line":18,"column":26},"end":{"line":18,"column":56}},"18":{"start":{"line":19,"column":34},"end":{"line":19,"column":72}},"19":{"start":{"line":20,"column":25},"end":{"line":20,"column":42}},"20":{"start":{"line":21,"column":29},"end":{"line":21,"column":50}},"21":{"start":{"line":23,"column":12},"end":{"line":23,"column":21}},"22":{"start":{"line":24,"column":0},"end":{"line":24,"column":26}},"23":{"start":{"line":25,"column":13},"end":{"line":25,"column":37}},"24":{"start":{"line":26,"column":16},"end":{"line":26,"column":21}},"25":{"start":{"line":27,"column":22},"end":{"line":27,"column":65}},"26":{"start":{"line":29,"column":29},"end":{"line":29,"column":38}},"27":{"start":{"line":32,"column":15},"end":{"line":32,"column":53}},"28":{"start":{"line":33,"column":2},"end":{"line":33,"column":84}},"29":{"start":{"line":37,"column":22},"end":{"line":37,"column":53}},"30":{"start":{"line":38,"column":2},"end":{"line":38,"column":34}},"31":{"start":{"line":38,"column":21},"end":{"line":38,"column":34}},"32":{"start":{"line":39,"column":19},"end":{"line":39,"column":42}},"33":{"start":{"line":40,"column":17},"end":{"line":40,"column":62}},"34":{"start":{"line":41,"column":2},"end":{"line":41,"column":87}},"35":{"start":{"line":44,"column":21},"end":{"line":50,"column":2}},"36":{"start":{"line":52,"column":21},"end":{"line":58,"column":2}},"37":{"start":{"line":59,"column":21},"end":{"line":59,"column":58}},"38":{"start":{"line":60,"column":24},"end":{"line":60,"column":33}},"39":{"start":{"line":63,"column":0},"end":{"line":79,"column":3}},"40":{"start":{"line":64,"column":16},"end":{"line":64,"column":39}},"41":{"start":{"line":65,"column":22},"end":{"line":65,"column":29}},"42":{"start":{"line":66,"column":2},"end":{"line":77,"column":4}},"43":{"start":{"line":67,"column":16},"end":{"line":67,"column":39}},"44":{"start":{"line":68,"column":15},"end":{"line":68,"column":40}},"45":{"start":{"line":69,"column":4},"end":{"line":75,"column":5}},"46":{"start":{"line":70,"column":6},"end":{"line":72,"column":7}},"47":{"start":{"line":71,"column":8},"end":{"line":71,"column":57}},"48":{"start":{"line":76,"column":4},"end":{"line":76,"column":41}},"49":{"start":{"line":78,"column":2},"end":{"line":78,"column":9}},"50":{"start":{"line":81,"column":0},"end":{"line":86,"column":3}},"51":{"start":{"line":82,"column":2},"end":{"line":84,"column":3}},"52":{"start":{"line":83,"column":4},"end":{"line":83,"column":47}},"53":{"start":{"line":85,"column":2},"end":{"line":85,"column":9}},"54":{"start":{"line":88,"column":0},"end":{"line":116,"column":3}},"55":{"start":{"line":89,"column":2},"end":{"line":115,"column":3}},"56":{"start":{"line":90,"column":4},"end":{"line":90,"column":24}},"57":{"start":{"line":91,"column":4},"end":{"line":91,"column":25}},"58":{"start":{"line":93,"column":23},"end":{"line":93,"column":46}},"59":{"start":{"line":94,"column":21},"end":{"line":94,"column":48}},"60":{"start":{"line":95,"column":17},"end":{"line":95,"column":65}},"61":{"start":{"line":96,"column":4},"end":{"line":96,"column":42}},"62":{"start":{"line":96,"column":28},"end":{"line":96,"column":42}},"63":{"start":{"line":98,"column":21},"end":{"line":98,"column":53}},"64":{"start":{"line":99,"column":20},"end":{"line":99,"column":54}},"65":{"start":{"line":100,"column":4},"end":{"line":107,"column":5}},"66":{"start":{"line":101,"column":19},"end":{"line":104,"column":7}},"67":{"start":{"line":105,"column":6},"end":{"line":105,"column":90}},"68":{"start":{"line":106,"column":6},"end":{"line":106,"column":52}},"69":{"start":{"line":108,"column":4},"end":{"line":111,"column":5}},"70":{"start":{"line":109,"column":6},"end":{"line":109,"column":25}},"71":{"start":{"line":110,"column":6},"end":{"line":110,"column":32}},"72":{"start":{"line":112,"column":4},"end":{"line":112,"column":18}},"73":{"start":{"line":114,"column":4},"end":{"line":114,"column":23}},"74":{"start":{"line":118,"column":0},"end":{"line":118,"column":18}},"75":{"start":{"line":119,"column":0},"end":{"line":119,"column":16}},"76":{"start":{"line":120,"column":0},"end":{"line":120,"column":27}},"77":{"start":{"line":121,"column":0},"end":{"line":121,"column":51}},"78":{"start":{"line":123,"column":0},"end":{"line":137,"column":3}},"79":{"start":{"line":124,"column":2},"end":{"line":124,"column":42}},"80":{"start":{"line":124,"column":28},"end":{"line":124,"column":42}},"81":{"start":{"line":125,"column":18},"end":{"line":125,"column":48}},"82":{"start":{"line":126,"column":21},"end":{"line":126,"column":74}},"83":{"start":{"line":127,"column":2},"end":{"line":127,"column":53}},"84":{"start":{"line":127,"column":39},"end":{"line":127,"column":53}},"85":{"start":{"line":128,"column":2},"end":{"line":128,"column":34}},"86":{"start":{"line":129,"column":2},"end":{"line":135,"column":5}},"87":{"start":{"line":136,"column":2},"end":{"line":136,"column":16}},"88":{"start":{"line":139,"column":0},"end":{"line":156,"column":3}},"89":{"start":{"line":140,"column":2},"end":{"line":140,"column":85}},"90":{"start":{"line":140,"column":71},"end":{"line":140,"column":85}},"91":{"start":{"line":141,"column":2},"end":{"line":154,"column":5}},"92":{"start":{"line":142,"column":4},"end":{"line":142,"column":38}},"93":{"start":{"line":142,"column":31},"end":{"line":142,"column":38}},"94":{"start":{"line":143,"column":17},"end":{"line":143,"column":46}},"95":{"start":{"line":144,"column":4},"end":{"line":144,"column":22}},"96":{"start":{"line":144,"column":15},"end":{"line":144,"column":22}},"97":{"start":{"line":145,"column":19},"end":{"line":145,"column":88}},"98":{"start":{"line":146,"column":4},"end":{"line":153,"column":7}},"99":{"start":{"line":155,"column":2},"end":{"line":155,"column":16}},"100":{"start":{"line":159,"column":11},"end":{"line":159,"column":25}},"101":{"start":{"line":160,"column":22},"end":{"line":160,"column":43}},"102":{"start":{"line":161,"column":21},"end":{"line":161,"column":41}},"103":{"start":{"line":162,"column":22},"end":{"line":162,"column":43}},"104":{"start":{"line":163,"column":20},"end":{"line":163,"column":39}},"105":{"start":{"line":164,"column":20},"end":{"line":164,"column":39}},"106":{"start":{"line":165,"column":23},"end":{"line":165,"column":45}},"107":{"start":{"line":166,"column":26},"end":{"line":166,"column":51}},"108":{"start":{"line":167,"column":26},"end":{"line":167,"column":51}},"109":{"start":{"line":168,"column":34},"end":{"line":168,"column":67}},"110":{"start":{"line":171,"column":19},"end":{"line":171,"column":56}},"111":{"start":{"line":172,"column":2},"end":{"line":175,"column":3}},"112":{"start":{"line":173,"column":4},"end":{"line":173,"column":30}},"113":{"start":{"line":174,"column":4},"end":{"line":174,"column":28}},"114":{"start":{"line":176,"column":2},"end":{"line":176,"column":24}},"115":{"start":{"line":180,"column":2},"end":{"line":180,"column":41}},"116":{"start":{"line":180,"column":28},"end":{"line":180,"column":41}},"117":{"start":{"line":181,"column":2},"end":{"line":181,"column":61}},"118":{"start":{"line":181,"column":48},"end":{"line":181,"column":61}},"119":{"start":{"line":182,"column":17},"end":{"line":182,"column":40}},"120":{"start":{"line":183,"column":20},"end":{"line":183,"column":48}},"121":{"start":{"line":184,"column":2},"end":{"line":184,"column":63}},"122":{"start":{"line":184,"column":50},"end":{"line":184,"column":63}},"123":{"start":{"line":185,"column":2},"end":{"line":185,"column":52}},"124":{"start":{"line":189,"column":18},"end":{"line":189,"column":50}},"125":{"start":{"line":190,"column":2},"end":{"line":190,"column":28}},"126":{"start":{"line":190,"column":16},"end":{"line":190,"column":28}},"127":{"start":{"line":191,"column":43},"end":{"line":191,"column":61}},"128":{"start":{"line":192,"column":2},"end":{"line":192,"column":70}},"129":{"start":{"line":192,"column":58},"end":{"line":192,"column":70}},"130":{"start":{"line":193,"column":2},"end":{"line":197,"column":4}},"131":{"start":{"line":201,"column":2},"end":{"line":220,"column":3}},"132":{"start":{"line":202,"column":20},"end":{"line":202,"column":60}},"133":{"start":{"line":203,"column":22},"end":{"line":203,"column":66}},"134":{"start":{"line":204,"column":4},"end":{"line":217,"column":6}},"135":{"start":{"line":219,"column":4},"end":{"line":219,"column":56}},"136":{"start":{"line":224,"column":2},"end":{"line":224,"column":65}},"137":{"start":{"line":224,"column":39},"end":{"line":224,"column":65}},"138":{"start":{"line":225,"column":2},"end":{"line":225,"column":74}},"139":{"start":{"line":225,"column":43},"end":{"line":225,"column":74}},"140":{"start":{"line":226,"column":17},"end":{"line":226,"column":58}},"141":{"start":{"line":227,"column":2},"end":{"line":227,"column":35}},"142":{"start":{"line":231,"column":2},"end":{"line":231,"column":69}},"143":{"start":{"line":231,"column":41},"end":{"line":231,"column":69}},"144":{"start":{"line":232,"column":2},"end":{"line":232,"column":68}},"145":{"start":{"line":232,"column":40},"end":{"line":232,"column":68}},"146":{"start":{"line":233,"column":2},"end":{"line":233,"column":66}},"147":{"start":{"line":233,"column":39},"end":{"line":233,"column":66}},"148":{"start":{"line":235,"column":2},"end":{"line":235,"column":33}},"149":{"start":{"line":235,"column":21},"end":{"line":235,"column":33}},"150":{"start":{"line":236,"column":12},"end":{"line":236,"column":85}},"151":{"start":{"line":237,"column":2},"end":{"line":237,"column":25}},"152":{"start":{"line":241,"column":2},"end":{"line":241,"column":42}},"153":{"start":{"line":241,"column":28},"end":{"line":241,"column":42}},"154":{"start":{"line":242,"column":2},"end":{"line":242,"column":66}},"155":{"start":{"line":246,"column":19},"end":{"line":246,"column":41}},"156":{"start":{"line":247,"column":2},"end":{"line":247,"column":31}},"157":{"start":{"line":247,"column":17},"end":{"line":247,"column":31}},"158":{"start":{"line":249,"column":16},"end":{"line":249,"column":39}},"159":{"start":{"line":250,"column":2},"end":{"line":252,"column":3}},"160":{"start":{"line":251,"column":4},"end":{"line":251,"column":65}},"161":{"start":{"line":253,"column":2},"end":{"line":253,"column":16}},"162":{"start":{"line":257,"column":0},"end":{"line":259,"column":3}},"163":{"start":{"line":258,"column":2},"end":{"line":258,"column":94}},"164":{"start":{"line":261,"column":0},"end":{"line":288,"column":3}},"165":{"start":{"line":262,"column":2},"end":{"line":287,"column":3}},"166":{"start":{"line":263,"column":17},"end":{"line":263,"column":103}},"167":{"start":{"line":264,"column":21},"end":{"line":264,"column":95}},"168":{"start":{"line":265,"column":17},"end":{"line":270,"column":12}},"169":{"start":{"line":271,"column":15},"end":{"line":271,"column":71}},"170":{"start":{"line":273,"column":4},"end":{"line":280,"column":7}},"171":{"start":{"line":282,"column":4},"end":{"line":282,"column":61}},"172":{"start":{"line":282,"column":13},"end":{"line":282,"column":61}},"173":{"start":{"line":283,"column":4},"end":{"line":283,"column":74}},"174":{"start":{"line":284,"column":4},"end":{"line":284,"column":56}},"175":{"start":{"line":286,"column":4},"end":{"line":286,"column":58}},"176":{"start":{"line":290,"column":0},"end":{"line":300,"column":3}},"177":{"start":{"line":291,"column":15},"end":{"line":291,"column":101}},"178":{"start":{"line":292,"column":2},"end":{"line":298,"column":5}},"179":{"start":{"line":299,"column":2},"end":{"line":299,"column":25}},"180":{"start":{"line":302,"column":0},"end":{"line":319,"column":3}},"181":{"start":{"line":303,"column":19},"end":{"line":303,"column":101}},"182":{"start":{"line":304,"column":2},"end":{"line":317,"column":3}},"183":{"start":{"line":305,"column":20},"end":{"line":305,"column":50}},"184":{"start":{"line":306,"column":23},"end":{"line":306,"column":88}},"185":{"start":{"line":307,"column":4},"end":{"line":316,"column":5}},"186":{"start":{"line":308,"column":6},"end":{"line":308,"column":38}},"187":{"start":{"line":309,"column":6},"end":{"line":315,"column":9}},"188":{"start":{"line":318,"column":2},"end":{"line":318,"column":25}},"189":{"start":{"line":321,"column":0},"end":{"line":357,"column":3}},"190":{"start":{"line":322,"column":2},"end":{"line":356,"column":3}},"191":{"start":{"line":323,"column":18},"end":{"line":323,"column":82}},"192":{"start":{"line":324,"column":19},"end":{"line":324,"column":67}},"193":{"start":{"line":325,"column":18},"end":{"line":325,"column":20}},"194":{"start":{"line":326,"column":19},"end":{"line":326,"column":21}},"195":{"start":{"line":328,"column":4},"end":{"line":331,"column":5}},"196":{"start":{"line":329,"column":6},"end":{"line":329,"column":35}},"197":{"start":{"line":330,"column":6},"end":{"line":330,"column":39}},"198":{"start":{"line":332,"column":4},"end":{"line":335,"column":5}},"199":{"start":{"line":333,"column":6},"end":{"line":333,"column":31}},"200":{"start":{"line":334,"column":6},"end":{"line":334,"column":36}},"201":{"start":{"line":336,"column":4},"end":{"line":339,"column":5}},"202":{"start":{"line":337,"column":6},"end":{"line":337,"column":30}},"203":{"start":{"line":338,"column":6},"end":{"line":338,"column":35}},"204":{"start":{"line":341,"column":21},"end":{"line":341,"column":71}},"205":{"start":{"line":342,"column":17},"end":{"line":346,"column":5}},"206":{"start":{"line":348,"column":4},"end":{"line":353,"column":6}},"207":{"start":{"line":349,"column":25},"end":{"line":352,"column":7}},"208":{"start":{"line":355,"column":4},"end":{"line":355,"column":51}},"209":{"start":{"line":359,"column":0},"end":{"line":389,"column":3}},"210":{"start":{"line":360,"column":2},"end":{"line":388,"column":3}},"211":{"start":{"line":361,"column":25},"end":{"line":361,"column":105}},"212":{"start":{"line":362,"column":4},"end":{"line":364,"column":5}},"213":{"start":{"line":363,"column":6},"end":{"line":363,"column":49}},"214":{"start":{"line":365,"column":4},"end":{"line":367,"column":5}},"215":{"start":{"line":366,"column":6},"end":{"line":366,"column":64}},"216":{"start":{"line":368,"column":4},"end":{"line":370,"column":5}},"217":{"start":{"line":369,"column":6},"end":{"line":369,"column":71}},"218":{"start":{"line":372,"column":4},"end":{"line":375,"column":6}},"219":{"start":{"line":376,"column":4},"end":{"line":376,"column":33}},"220":{"start":{"line":378,"column":4},"end":{"line":383,"column":7}},"221":{"start":{"line":385,"column":4},"end":{"line":385,"column":27}},"222":{"start":{"line":387,"column":4},"end":{"line":387,"column":51}},"223":{"start":{"line":391,"column":0},"end":{"line":400,"column":3}},"224":{"start":{"line":392,"column":2},"end":{"line":399,"column":3}},"225":{"start":{"line":393,"column":17},"end":{"line":395,"column":5}},"226":{"start":{"line":396,"column":4},"end":{"line":396,"column":19}},"227":{"start":{"line":398,"column":4},"end":{"line":398,"column":51}},"228":{"start":{"line":402,"column":0},"end":{"line":428,"column":3}},"229":{"start":{"line":403,"column":2},"end":{"line":427,"column":3}},"230":{"start":{"line":404,"column":17},"end":{"line":404,"column":103}},"231":{"start":{"line":405,"column":21},"end":{"line":405,"column":102}},"232":{"start":{"line":406,"column":4},"end":{"line":406,"column":51}},"233":{"start":{"line":406,"column":15},"end":{"line":406,"column":51}},"234":{"start":{"line":407,"column":4},"end":{"line":407,"column":87}},"235":{"start":{"line":407,"column":29},"end":{"line":407,"column":87}},"236":{"start":{"line":409,"column":21},"end":{"line":409,"column":100}},"237":{"start":{"line":410,"column":4},"end":{"line":410,"column":76}},"238":{"start":{"line":410,"column":18},"end":{"line":410,"column":76}},"239":{"start":{"line":412,"column":4},"end":{"line":415,"column":6}},"240":{"start":{"line":416,"column":4},"end":{"line":416,"column":33}},"241":{"start":{"line":417,"column":4},"end":{"line":423,"column":7}},"242":{"start":{"line":424,"column":4},"end":{"line":424,"column":27}},"243":{"start":{"line":426,"column":4},"end":{"line":426,"column":51}},"244":{"start":{"line":430,"column":0},"end":{"line":455,"column":3}},"245":{"start":{"line":431,"column":2},"end":{"line":454,"column":3}},"246":{"start":{"line":432,"column":21},"end":{"line":432,"column":102}},"247":{"start":{"line":433,"column":4},"end":{"line":433,"column":87}},"248":{"start":{"line":433,"column":29},"end":{"line":433,"column":87}},"249":{"start":{"line":435,"column":19},"end":{"line":435,"column":97}},"250":{"start":{"line":436,"column":4},"end":{"line":436,"column":57}},"251":{"start":{"line":436,"column":17},"end":{"line":436,"column":57}},"252":{"start":{"line":438,"column":4},"end":{"line":441,"column":6}},"253":{"start":{"line":442,"column":4},"end":{"line":442,"column":33}},"254":{"start":{"line":443,"column":4},"end":{"line":450,"column":7}},"255":{"start":{"line":451,"column":4},"end":{"line":451,"column":27}},"256":{"start":{"line":453,"column":4},"end":{"line":453,"column":51}},"257":{"start":{"line":457,"column":0},"end":{"line":480,"column":3}},"258":{"start":{"line":458,"column":2},"end":{"line":479,"column":3}},"259":{"start":{"line":459,"column":19},"end":{"line":459,"column":97}},"260":{"start":{"line":460,"column":4},"end":{"line":460,"column":57}},"261":{"start":{"line":460,"column":17},"end":{"line":460,"column":57}},"262":{"start":{"line":461,"column":4},"end":{"line":461,"column":93}},"263":{"start":{"line":461,"column":39},"end":{"line":461,"column":93}},"264":{"start":{"line":463,"column":18},"end":{"line":463,"column":88}},"265":{"start":{"line":464,"column":4},"end":{"line":464,"column":87}},"266":{"start":{"line":464,"column":31},"end":{"line":464,"column":87}},"267":{"start":{"line":466,"column":4},"end":{"line":466,"column":70}},"268":{"start":{"line":467,"column":4},"end":{"line":467,"column":33}},"269":{"start":{"line":468,"column":4},"end":{"line":475,"column":7}},"270":{"start":{"line":476,"column":4},"end":{"line":476,"column":27}},"271":{"start":{"line":478,"column":4},"end":{"line":478,"column":51}},"272":{"start":{"line":482,"column":0},"end":{"line":564,"column":3}},"273":{"start":{"line":483,"column":2},"end":{"line":485,"column":3}},"274":{"start":{"line":484,"column":4},"end":{"line":484,"column":71}},"275":{"start":{"line":487,"column":2},"end":{"line":487,"column":19}},"276":{"start":{"line":488,"column":2},"end":{"line":563,"column":3}},"277":{"start":{"line":489,"column":24},"end":{"line":489,"column":26}},"278":{"start":{"line":490,"column":28},"end":{"line":490,"column":32}},"279":{"start":{"line":491,"column":4},"end":{"line":497,"column":5}},"280":{"start":{"line":492,"column":6},"end":{"line":492,"column":53}},"281":{"start":{"line":493,"column":6},"end":{"line":493,"column":80}},"282":{"start":{"line":493,"column":55},"end":{"line":493,"column":66}},"283":{"start":{"line":495,"column":6},"end":{"line":495,"column":77}},"284":{"start":{"line":496,"column":6},"end":{"line":496,"column":25}},"285":{"start":{"line":499,"column":19},"end":{"line":499,"column":73}},"286":{"start":{"line":500,"column":20},"end":{"line":500,"column":40}},"287":{"start":{"line":501,"column":34},"end":{"line":507,"column":21}},"288":{"start":{"line":509,"column":24},"end":{"line":510,"column":33}},"289":{"start":{"line":509,"column":60},"end":{"line":509,"column":102}},"290":{"start":{"line":511,"column":18},"end":{"line":511,"column":53}},"291":{"start":{"line":512,"column":19},"end":{"line":512,"column":58}},"292":{"start":{"line":513,"column":19},"end":{"line":513,"column":58}},"293":{"start":{"line":514,"column":19},"end":{"line":514,"column":50}},"294":{"start":{"line":515,"column":20},"end":{"line":515,"column":55}},"295":{"start":{"line":516,"column":20},"end":{"line":516,"column":55}},"296":{"start":{"line":518,"column":4},"end":{"line":523,"column":5}},"297":{"start":{"line":519,"column":6},"end":{"line":522,"column":8}},"298":{"start":{"line":525,"column":4},"end":{"line":525,"column":21}},"299":{"start":{"line":527,"column":4},"end":{"line":527,"column":35}},"300":{"start":{"line":529,"column":22},"end":{"line":529,"column":94}},"301":{"start":{"line":530,"column":22},"end":{"line":530,"column":94}},"302":{"start":{"line":532,"column":4},"end":{"line":532,"column":65}},"303":{"start":{"line":532,"column":46},"end":{"line":532,"column":65}},"304":{"start":{"line":533,"column":4},"end":{"line":533,"column":65}},"305":{"start":{"line":533,"column":46},"end":{"line":533,"column":65}},"306":{"start":{"line":535,"column":4},"end":{"line":535,"column":26}},"307":{"start":{"line":537,"column":4},"end":{"line":557,"column":5}},"308":{"start":{"line":538,"column":6},"end":{"line":551,"column":7}},"309":{"start":{"line":539,"column":8},"end":{"line":550,"column":10}},"310":{"start":{"line":553,"column":6},"end":{"line":556,"column":7}},"311":{"start":{"line":554,"column":8},"end":{"line":554,"column":51}},"312":{"start":{"line":555,"column":8},"end":{"line":555,"column":85}},"313":{"start":{"line":558,"column":4},"end":{"line":558,"column":27}},"314":{"start":{"line":560,"column":4},"end":{"line":560,"column":51}},"315":{"start":{"line":562,"column":4},"end":{"line":562,"column":22}},"316":{"start":{"line":566,"column":0},"end":{"line":589,"column":3}},"317":{"start":{"line":567,"column":2},"end":{"line":569,"column":3}},"318":{"start":{"line":568,"column":4},"end":{"line":568,"column":71}},"319":{"start":{"line":571,"column":2},"end":{"line":571,"column":19}},"320":{"start":{"line":572,"column":2},"end":{"line":588,"column":3}},"321":{"start":{"line":573,"column":4},"end":{"line":573,"column":52}},"322":{"start":{"line":574,"column":18},"end":{"line":574,"column":32}},"323":{"start":{"line":575,"column":4},"end":{"line":575,"column":29}},"324":{"start":{"line":576,"column":4},"end":{"line":582,"column":5}},"325":{"start":{"line":577,"column":25},"end":{"line":577,"column":105}},"326":{"start":{"line":578,"column":21},"end":{"line":578,"column":66}},"327":{"start":{"line":579,"column":6},"end":{"line":579,"column":23}},"328":{"start":{"line":581,"column":6},"end":{"line":581,"column":26}},"329":{"start":{"line":583,"column":4},"end":{"line":583,"column":54}},"330":{"start":{"line":585,"column":4},"end":{"line":585,"column":51}},"331":{"start":{"line":587,"column":4},"end":{"line":587,"column":22}},"332":{"start":{"line":591,"column":0},"end":{"line":613,"column":3}},"333":{"start":{"line":592,"column":2},"end":{"line":594,"column":3}},"334":{"start":{"line":593,"column":4},"end":{"line":593,"column":71}},"335":{"start":{"line":596,"column":2},"end":{"line":596,"column":19}},"336":{"start":{"line":597,"column":2},"end":{"line":612,"column":3}},"337":{"start":{"line":598,"column":4},"end":{"line":598,"column":38}},"338":{"start":{"line":599,"column":19},"end":{"line":599,"column":33}},"339":{"start":{"line":600,"column":4},"end":{"line":600,"column":30}},"340":{"start":{"line":601,"column":4},"end":{"line":605,"column":5}},"341":{"start":{"line":602,"column":6},"end":{"line":602,"column":33}},"342":{"start":{"line":604,"column":6},"end":{"line":604,"column":27}},"343":{"start":{"line":606,"column":4},"end":{"line":606,"column":40}},"344":{"start":{"line":607,"column":4},"end":{"line":607,"column":27}},"345":{"start":{"line":609,"column":4},"end":{"line":609,"column":51}},"346":{"start":{"line":611,"column":4},"end":{"line":611,"column":22}},"347":{"start":{"line":615,"column":0},"end":{"line":622,"column":3}},"348":{"start":{"line":616,"column":2},"end":{"line":621,"column":3}},"349":{"start":{"line":617,"column":17},"end":{"line":617,"column":47}},"350":{"start":{"line":618,"column":4},"end":{"line":618,"column":19}},"351":{"start":{"line":620,"column":4},"end":{"line":620,"column":51}},"352":{"start":{"line":624,"column":0},"end":{"line":631,"column":3}},"353":{"start":{"line":625,"column":2},"end":{"line":630,"column":3}},"354":{"start":{"line":626,"column":17},"end":{"line":626,"column":55}},"355":{"start":{"line":627,"column":4},"end":{"line":627,"column":31}},"356":{"start":{"line":629,"column":4},"end":{"line":629,"column":51}},"357":{"start":{"line":633,"column":0},"end":{"line":640,"column":3}},"358":{"start":{"line":634,"column":2},"end":{"line":639,"column":3}},"359":{"start":{"line":635,"column":17},"end":{"line":635,"column":70}},"360":{"start":{"line":636,"column":4},"end":{"line":636,"column":19}},"361":{"start":{"line":638,"column":4},"end":{"line":638,"column":51}},"362":{"start":{"line":642,"column":0},"end":{"line":649,"column":3}},"363":{"start":{"line":643,"column":2},"end":{"line":648,"column":3}},"364":{"start":{"line":644,"column":4},"end":{"line":644,"column":48}},"365":{"start":{"line":645,"column":4},"end":{"line":645,"column":27}},"366":{"start":{"line":647,"column":4},"end":{"line":647,"column":51}},"367":{"start":{"line":651,"column":0},"end":{"line":658,"column":3}},"368":{"start":{"line":652,"column":2},"end":{"line":657,"column":3}},"369":{"start":{"line":653,"column":4},"end":{"line":653,"column":45}},"370":{"start":{"line":654,"column":4},"end":{"line":654,"column":27}},"371":{"start":{"line":656,"column":4},"end":{"line":656,"column":51}},"372":{"start":{"line":660,"column":0},"end":{"line":667,"column":3}},"373":{"start":{"line":661,"column":2},"end":{"line":666,"column":3}},"374":{"start":{"line":662,"column":4},"end":{"line":662,"column":47}},"375":{"start":{"line":663,"column":4},"end":{"line":663,"column":27}},"376":{"start":{"line":665,"column":4},"end":{"line":665,"column":51}},"377":{"start":{"line":669,"column":0},"end":{"line":676,"column":3}},"378":{"start":{"line":670,"column":2},"end":{"line":675,"column":3}},"379":{"start":{"line":671,"column":20},"end":{"line":671,"column":55}},"380":{"start":{"line":672,"column":4},"end":{"line":672,"column":22}},"381":{"start":{"line":674,"column":4},"end":{"line":674,"column":51}},"382":{"start":{"line":678,"column":0},"end":{"line":685,"column":3}},"383":{"start":{"line":679,"column":2},"end":{"line":684,"column":3}},"384":{"start":{"line":680,"column":19},"end":{"line":680,"column":61}},"385":{"start":{"line":681,"column":4},"end":{"line":681,"column":33}},"386":{"start":{"line":683,"column":4},"end":{"line":683,"column":51}},"387":{"start":{"line":687,"column":0},"end":{"line":697,"column":3}},"388":{"start":{"line":688,"column":2},"end":{"line":696,"column":3}},"389":{"start":{"line":689,"column":19},"end":{"line":689,"column":67}},"390":{"start":{"line":690,"column":4},"end":{"line":692,"column":5}},"391":{"start":{"line":691,"column":6},"end":{"line":691,"column":65}},"392":{"start":{"line":693,"column":4},"end":{"line":693,"column":21}},"393":{"start":{"line":695,"column":4},"end":{"line":695,"column":51}},"394":{"start":{"line":699,"column":0},"end":{"line":706,"column":3}},"395":{"start":{"line":700,"column":2},"end":{"line":705,"column":3}},"396":{"start":{"line":701,"column":19},"end":{"line":701,"column":76}},"397":{"start":{"line":702,"column":4},"end":{"line":702,"column":21}},"398":{"start":{"line":704,"column":4},"end":{"line":704,"column":51}},"399":{"start":{"line":708,"column":0},"end":{"line":715,"column":3}},"400":{"start":{"line":709,"column":2},"end":{"line":714,"column":3}},"401":{"start":{"line":710,"column":4},"end":{"line":710,"column":52}},"402":{"start":{"line":711,"column":4},"end":{"line":711,"column":27}},"403":{"start":{"line":713,"column":4},"end":{"line":713,"column":51}},"404":{"start":{"line":718,"column":0},"end":{"line":725,"column":3}},"405":{"start":{"line":719,"column":2},"end":{"line":724,"column":3}},"406":{"start":{"line":720,"column":20},"end":{"line":720,"column":59}},"407":{"start":{"line":721,"column":4},"end":{"line":721,"column":22}},"408":{"start":{"line":723,"column":4},"end":{"line":723,"column":51}},"409":{"start":{"line":727,"column":0},"end":{"line":734,"column":3}},"410":{"start":{"line":728,"column":2},"end":{"line":733,"column":3}},"411":{"start":{"line":729,"column":19},"end":{"line":729,"column":60}},"412":{"start":{"line":730,"column":4},"end":{"line":730,"column":29}},"413":{"start":{"line":732,"column":4},"end":{"line":732,"column":51}},"414":{"start":{"line":736,"column":0},"end":{"line":743,"column":3}},"415":{"start":{"line":737,"column":2},"end":{"line":742,"column":3}},"416":{"start":{"line":738,"column":19},"end":{"line":738,"column":65}},"417":{"start":{"line":739,"column":4},"end":{"line":739,"column":33}},"418":{"start":{"line":741,"column":4},"end":{"line":741,"column":51}},"419":{"start":{"line":745,"column":0},"end":{"line":752,"column":3}},"420":{"start":{"line":746,"column":2},"end":{"line":751,"column":3}},"421":{"start":{"line":747,"column":19},"end":{"line":747,"column":69}},"422":{"start":{"line":748,"column":4},"end":{"line":748,"column":21}},"423":{"start":{"line":750,"column":4},"end":{"line":750,"column":51}},"424":{"start":{"line":754,"column":0},"end":{"line":761,"column":3}},"425":{"start":{"line":755,"column":2},"end":{"line":760,"column":3}},"426":{"start":{"line":756,"column":19},"end":{"line":756,"column":68}},"427":{"start":{"line":757,"column":4},"end":{"line":757,"column":21}},"428":{"start":{"line":759,"column":4},"end":{"line":759,"column":51}},"429":{"start":{"line":763,"column":0},"end":{"line":770,"column":3}},"430":{"start":{"line":764,"column":2},"end":{"line":769,"column":3}},"431":{"start":{"line":765,"column":19},"end":{"line":765,"column":70}},"432":{"start":{"line":766,"column":4},"end":{"line":766,"column":21}},"433":{"start":{"line":768,"column":4},"end":{"line":768,"column":51}},"434":{"start":{"line":772,"column":0},"end":{"line":779,"column":3}},"435":{"start":{"line":773,"column":2},"end":{"line":778,"column":3}},"436":{"start":{"line":774,"column":19},"end":{"line":774,"column":70}},"437":{"start":{"line":775,"column":4},"end":{"line":775,"column":21}},"438":{"start":{"line":777,"column":4},"end":{"line":777,"column":51}},"439":{"start":{"line":781,"column":0},"end":{"line":789,"column":3}},"440":{"start":{"line":782,"column":2},"end":{"line":788,"column":3}},"441":{"start":{"line":783,"column":28},"end":{"line":783,"column":116}},"442":{"start":{"line":784,"column":18},"end":{"line":784,"column":68}},"443":{"start":{"line":785,"column":4},"end":{"line":785,"column":20}},"444":{"start":{"line":787,"column":4},"end":{"line":787,"column":51}},"445":{"start":{"line":791,"column":0},"end":{"line":798,"column":3}},"446":{"start":{"line":792,"column":2},"end":{"line":797,"column":3}},"447":{"start":{"line":793,"column":17},"end":{"line":793,"column":55}},"448":{"start":{"line":794,"column":4},"end":{"line":794,"column":31}},"449":{"start":{"line":796,"column":4},"end":{"line":796,"column":51}},"450":{"start":{"line":800,"column":0},"end":{"line":810,"column":3}},"451":{"start":{"line":801,"column":2},"end":{"line":809,"column":3}},"452":{"start":{"line":802,"column":17},"end":{"line":802,"column":61}},"453":{"start":{"line":803,"column":4},"end":{"line":805,"column":5}},"454":{"start":{"line":804,"column":6},"end":{"line":804,"column":63}},"455":{"start":{"line":806,"column":4},"end":{"line":806,"column":19}},"456":{"start":{"line":808,"column":4},"end":{"line":808,"column":51}},"457":{"start":{"line":812,"column":0},"end":{"line":819,"column":3}},"458":{"start":{"line":813,"column":2},"end":{"line":818,"column":3}},"459":{"start":{"line":814,"column":17},"end":{"line":814,"column":70}},"460":{"start":{"line":815,"column":4},"end":{"line":815,"column":19}},"461":{"start":{"line":817,"column":4},"end":{"line":817,"column":51}},"462":{"start":{"line":821,"column":0},"end":{"line":828,"column":3}},"463":{"start":{"line":822,"column":2},"end":{"line":827,"column":3}},"464":{"start":{"line":823,"column":4},"end":{"line":823,"column":48}},"465":{"start":{"line":824,"column":4},"end":{"line":824,"column":27}},"466":{"start":{"line":826,"column":4},"end":{"line":826,"column":51}},"467":{"start":{"line":830,"column":0},"end":{"line":837,"column":3}},"468":{"start":{"line":831,"column":2},"end":{"line":836,"column":3}},"469":{"start":{"line":832,"column":19},"end":{"line":832,"column":75}},"470":{"start":{"line":833,"column":4},"end":{"line":833,"column":21}},"471":{"start":{"line":835,"column":4},"end":{"line":835,"column":51}},"472":{"start":{"line":839,"column":0},"end":{"line":846,"column":3}},"473":{"start":{"line":840,"column":2},"end":{"line":845,"column":3}},"474":{"start":{"line":841,"column":22},"end":{"line":841,"column":95}},"475":{"start":{"line":842,"column":4},"end":{"line":842,"column":24}},"476":{"start":{"line":844,"column":4},"end":{"line":844,"column":51}},"477":{"start":{"line":848,"column":0},"end":{"line":855,"column":3}},"478":{"start":{"line":849,"column":2},"end":{"line":854,"column":3}},"479":{"start":{"line":850,"column":21},"end":{"line":850,"column":98}},"480":{"start":{"line":851,"column":4},"end":{"line":851,"column":35}},"481":{"start":{"line":853,"column":4},"end":{"line":853,"column":51}},"482":{"start":{"line":857,"column":0},"end":{"line":864,"column":3}},"483":{"start":{"line":858,"column":2},"end":{"line":863,"column":3}},"484":{"start":{"line":859,"column":21},"end":{"line":859,"column":100}},"485":{"start":{"line":860,"column":4},"end":{"line":860,"column":23}},"486":{"start":{"line":862,"column":4},"end":{"line":862,"column":51}},"487":{"start":{"line":866,"column":0},"end":{"line":873,"column":3}},"488":{"start":{"line":867,"column":2},"end":{"line":872,"column":3}},"489":{"start":{"line":868,"column":19},"end":{"line":868,"column":88}},"490":{"start":{"line":869,"column":4},"end":{"line":869,"column":21}},"491":{"start":{"line":871,"column":4},"end":{"line":871,"column":51}},"492":{"start":{"line":875,"column":0},"end":{"line":882,"column":3}},"493":{"start":{"line":876,"column":2},"end":{"line":881,"column":3}},"494":{"start":{"line":877,"column":18},"end":{"line":877,"column":89}},"495":{"start":{"line":878,"column":4},"end":{"line":878,"column":20}},"496":{"start":{"line":880,"column":4},"end":{"line":880,"column":51}},"497":{"start":{"line":884,"column":0},"end":{"line":891,"column":3}},"498":{"start":{"line":885,"column":2},"end":{"line":890,"column":3}},"499":{"start":{"line":886,"column":18},"end":{"line":886,"column":107}},"500":{"start":{"line":887,"column":4},"end":{"line":887,"column":20}},"501":{"start":{"line":889,"column":4},"end":{"line":889,"column":51}},"502":{"start":{"line":893,"column":0},"end":{"line":902,"column":3}},"503":{"start":{"line":894,"column":2},"end":{"line":901,"column":3}},"504":{"start":{"line":895,"column":21},"end":{"line":895,"column":51}},"505":{"start":{"line":896,"column":23},"end":{"line":896,"column":61}},"506":{"start":{"line":897,"column":21},"end":{"line":897,"column":94}},"507":{"start":{"line":898,"column":4},"end":{"line":898,"column":23}},"508":{"start":{"line":900,"column":4},"end":{"line":900,"column":51}},"509":{"start":{"line":904,"column":0},"end":{"line":923,"column":3}},"510":{"start":{"line":905,"column":2},"end":{"line":922,"column":3}},"511":{"start":{"line":906,"column":17},"end":{"line":913,"column":5}},"512":{"start":{"line":915,"column":19},"end":{"line":915,"column":21}},"513":{"start":{"line":916,"column":4},"end":{"line":918,"column":5}},"514":{"start":{"line":917,"column":6},"end":{"line":917,"column":49}},"515":{"start":{"line":919,"column":4},"end":{"line":919,"column":21}},"516":{"start":{"line":921,"column":4},"end":{"line":921,"column":51}},"517":{"start":{"line":925,"column":0},"end":{"line":946,"column":3}},"518":{"start":{"line":926,"column":2},"end":{"line":945,"column":3}},"519":{"start":{"line":927,"column":27},"end":{"line":927,"column":57}},"520":{"start":{"line":928,"column":4},"end":{"line":930,"column":5}},"521":{"start":{"line":929,"column":6},"end":{"line":929,"column":76}},"522":{"start":{"line":932,"column":24},"end":{"line":932,"column":68}},"523":{"start":{"line":933,"column":4},"end":{"line":935,"column":5}},"524":{"start":{"line":934,"column":6},"end":{"line":934,"column":49}},"525":{"start":{"line":937,"column":20},"end":{"line":941,"column":6}},"526":{"start":{"line":942,"column":4},"end":{"line":942,"column":34}},"527":{"start":{"line":944,"column":4},"end":{"line":944,"column":51}},"528":{"start":{"line":948,"column":0},"end":{"line":958,"column":3}},"529":{"start":{"line":949,"column":2},"end":{"line":957,"column":3}},"530":{"start":{"line":950,"column":20},"end":{"line":950,"column":70}},"531":{"start":{"line":951,"column":4},"end":{"line":953,"column":5}},"532":{"start":{"line":952,"column":6},"end":{"line":952,"column":66}},"533":{"start":{"line":954,"column":4},"end":{"line":954,"column":22}},"534":{"start":{"line":956,"column":4},"end":{"line":956,"column":51}},"535":{"start":{"line":960,"column":0},"end":{"line":971,"column":3}},"536":{"start":{"line":961,"column":2},"end":{"line":970,"column":3}},"537":{"start":{"line":962,"column":27},"end":{"line":962,"column":35}},"538":{"start":{"line":963,"column":4},"end":{"line":965,"column":5}},"539":{"start":{"line":964,"column":6},"end":{"line":964,"column":48}},"540":{"start":{"line":966,"column":20},"end":{"line":966,"column":85}},"541":{"start":{"line":967,"column":4},"end":{"line":967,"column":22}},"542":{"start":{"line":969,"column":4},"end":{"line":969,"column":51}},"543":{"start":{"line":973,"column":0},"end":{"line":1041,"column":3}},"544":{"start":{"line":974,"column":2},"end":{"line":1040,"column":3}},"545":{"start":{"line":975,"column":27},"end":{"line":975,"column":97}},"546":{"start":{"line":976,"column":4},"end":{"line":978,"column":5}},"547":{"start":{"line":977,"column":6},"end":{"line":977,"column":52}},"548":{"start":{"line":980,"column":19},"end":{"line":980,"column":72}},"549":{"start":{"line":981,"column":4},"end":{"line":983,"column":5}},"550":{"start":{"line":982,"column":6},"end":{"line":982,"column":42}},"551":{"start":{"line":985,"column":30},"end":{"line":985,"column":132}},"552":{"start":{"line":986,"column":28},"end":{"line":986,"column":124}},"553":{"start":{"line":988,"column":21},"end":{"line":988,"column":23}},"554":{"start":{"line":989,"column":4},"end":{"line":991,"column":5}},"555":{"start":{"line":990,"column":6},"end":{"line":990,"column":76}},"556":{"start":{"line":993,"column":22},"end":{"line":993,"column":90}},"557":{"start":{"line":994,"column":4},"end":{"line":996,"column":5}},"558":{"start":{"line":995,"column":6},"end":{"line":995,"column":64}},"559":{"start":{"line":998,"column":24},"end":{"line":998,"column":26}},"560":{"start":{"line":999,"column":24},"end":{"line":999,"column":25}},"561":{"start":{"line":1000,"column":27},"end":{"line":1000,"column":28}},"562":{"start":{"line":1002,"column":4},"end":{"line":1023,"column":5}},"563":{"start":{"line":1003,"column":22},"end":{"line":1003,"column":81}},"564":{"start":{"line":1004,"column":24},"end":{"line":1004,"column":67}},"565":{"start":{"line":1007,"column":27},"end":{"line":1007,"column":77}},"566":{"start":{"line":1008,"column":30},"end":{"line":1008,"column":66}},"567":{"start":{"line":1009,"column":6},"end":{"line":1011,"column":7}},"568":{"start":{"line":1010,"column":8},"end":{"line":1010,"column":90}},"569":{"start":{"line":1013,"column":6},"end":{"line":1013,"column":54}},"570":{"start":{"line":1014,"column":6},"end":{"line":1014,"column":42}},"571":{"start":{"line":1015,"column":6},"end":{"line":1022,"column":9}},"572":{"start":{"line":1025,"column":4},"end":{"line":1027,"column":5}},"573":{"start":{"line":1026,"column":6},"end":{"line":1026,"column":98}},"574":{"start":{"line":1029,"column":4},"end":{"line":1037,"column":7}},"575":{"start":{"line":1039,"column":4},"end":{"line":1039,"column":51}},"576":{"start":{"line":1043,"column":0},"end":{"line":1102,"column":3}},"577":{"start":{"line":1044,"column":2},"end":{"line":1101,"column":3}},"578":{"start":{"line":1045,"column":27},"end":{"line":1045,"column":97}},"579":{"start":{"line":1046,"column":4},"end":{"line":1048,"column":5}},"580":{"start":{"line":1047,"column":6},"end":{"line":1047,"column":52}},"581":{"start":{"line":1050,"column":19},"end":{"line":1050,"column":72}},"582":{"start":{"line":1051,"column":4},"end":{"line":1053,"column":5}},"583":{"start":{"line":1052,"column":6},"end":{"line":1052,"column":42}},"584":{"start":{"line":1055,"column":30},"end":{"line":1055,"column":132}},"585":{"start":{"line":1056,"column":28},"end":{"line":1056,"column":124}},"586":{"start":{"line":1057,"column":4},"end":{"line":1059,"column":5}},"587":{"start":{"line":1058,"column":6},"end":{"line":1058,"column":111}},"588":{"start":{"line":1061,"column":22},"end":{"line":1061,"column":90}},"589":{"start":{"line":1062,"column":4},"end":{"line":1064,"column":5}},"590":{"start":{"line":1063,"column":6},"end":{"line":1063,"column":65}},"591":{"start":{"line":1066,"column":24},"end":{"line":1066,"column":26}},"592":{"start":{"line":1067,"column":4},"end":{"line":1091,"column":5}},"593":{"start":{"line":1068,"column":22},"end":{"line":1068,"column":81}},"594":{"start":{"line":1069,"column":6},"end":{"line":1071,"column":7}},"595":{"start":{"line":1070,"column":8},"end":{"line":1070,"column":17}},"596":{"start":{"line":1072,"column":23},"end":{"line":1079,"column":8}},"597":{"start":{"line":1080,"column":6},"end":{"line":1080,"column":36}},"598":{"start":{"line":1083,"column":6},"end":{"line":1090,"column":9}},"599":{"start":{"line":1093,"column":4},"end":{"line":1095,"column":5}},"600":{"start":{"line":1094,"column":6},"end":{"line":1094,"column":91}},"601":{"start":{"line":1097,"column":4},"end":{"line":1097,"column":59}},"602":{"start":{"line":1098,"column":4},"end":{"line":1098,"column":26}},"603":{"start":{"line":1100,"column":4},"end":{"line":1100,"column":51}},"604":{"start":{"line":1104,"column":0},"end":{"line":1116,"column":3}},"605":{"start":{"line":1105,
[...]
ine":91,"column":54}}],"line":91},"16":{"loc":{"start":{"line":122,"column":29},"end":{"line":122,"column":43}},"type":"binary-expr","locations":[{"start":{"line":122,"column":29},"end":{"line":122,"column":37}},{"start":{"line":122,"column":41},"end":{"line":122,"column":43}}],"line":122},"17":{"loc":{"start":{"line":156,"column":4},"end":{"line":156,"column":53}},"type":"if","locations":[{"start":{"line":156,"column":4},"end":{"line":156,"column":53}},{"start":{},"end":{}}],"line":156},"18":{"loc":{"start":{"line":158,"column":4},"end":{"line":160,"column":5}},"type":"if","locations":[{"start":{"line":158,"column":4},"end":{"line":160,"column":5}},{"start":{},"end":{}}],"line":158},"19":{"loc":{"start":{"line":163,"column":4},"end":{"line":165,"column":5}},"type":"if","locations":[{"start":{"line":163,"column":4},"end":{"line":165,"column":5}},{"start":{},"end":{}}],"line":163},"20":{"loc":{"start":{"line":163,"column":8},"end":{"line":163,"column":34}},"type":"binary-expr","locations":[{"start":{"line":163,"column":8},"end":{"line":163,"column":14}},{"start":{"line":163,"column":18},"end":{"line":163,"column":34}}],"line":163},"21":{"loc":{"start":{"line":182,"column":4},"end":{"line":182,"column":53}},"type":"if","locations":[{"start":{"line":182,"column":4},"end":{"line":182,"column":53}},{"start":{},"end":{}}],"line":182},"22":{"loc":{"start":{"line":183,"column":4},"end":{"line":185,"column":5}},"type":"if","locations":[{"start":{"line":183,"column":4},"end":{"line":185,"column":5}},{"start":{},"end":{}}],"line":183},"23":{"loc":{"start":{"line":200,"column":4},"end":{"line":200,"column":53}},"type":"if","locations":[{"start":{"line":200,"column":4},"end":{"line":200,"column":53}},{"start":{},"end":{}}],"line":200},"24":{"loc":{"start":{"line":202,"column":4},"end":{"line":204,"column":5}},"type":"if","locations":[{"start":{"line":202,"column":4},"end":{"line":204,"column":5}},{"start":{},"end":{}}],"line":202},"25":{"loc":{"start":{"line":231,"column":4},"end":{"line":231,"column":53}},"type":"if","locations":[{"start":{"line":231,"column":4},"end":{"line":231,"column":53}},{"start":{},"end":{}}],"line":231},"26":{"loc":{"start":{"line":233,"column":4},"end":{"line":235,"column":5}},"type":"if","locations":[{"start":{"line":233,"column":4},"end":{"line":235,"column":5}},{"start":{},"end":{}}],"line":233},"27":{"loc":{"start":{"line":251,"column":4},"end":{"line":251,"column":53}},"type":"if","locations":[{"start":{"line":251,"column":4},"end":{"line":251,"column":53}},{"start":{},"end":{}}],"line":251},"28":{"loc":{"start":{"line":253,"column":4},"end":{"line":255,"column":5}},"type":"if","locations":[{"start":{"line":253,"column":4},"end":{"line":255,"column":5}},{"start":{},"end":{}}],"line":253}},"s":{"0":3,"1":3,"2":0,"3":0,"4":0,"5":0,"6":0,"7":0,"8":0,"9":0,"10":0,"11":0,"12":0,"13":0,"14":1,"15":0,"16":4,"17":0,"18":1,"19":0,"20":0,"21":0,"22":0,"23":0,"24":0,"25":0,"26":0,"27":0,"28":0,"29":0,"30":0,"31":0,"32":0,"33":0,"34":0,"35":0,"36":0,"37":0,"38":0,"39":0,"40":0,"41":0,"42":0,"43":0,"44":0,"45":0,"46":0,"47":0,"48":0,"49":0,"50":0,"51":0,"52":0,"53":0,"54":0,"55":0,"56":0,"57":0,"58":0,"59":0,"60":0,"61":0,"62":0,"63":0,"64":0,"65":0,"66":0,"67":0,"68":0,"69":0,"70":0,"71":0,"72":0,"73":0,"74":0,"75":0,"76":0,"77":0,"78":0,"79":0,"80":0,"81":0,"82":0,"83":0,"84":0,"85":0,"86":0,"87":0,"88":0,"89":0,"90":0,"91":0,"92":0,"93":0,"94":0,"95":0,"96":0,"97":0,"98":0,"99":0,"100":0,"101":0,"102":0,"103":0,"104":0,"105":0,"106":0,"107":0,"108":0,"109":0,"110":0,"111":0,"112":0,"113":0,"114":0,"115":0,"116":3},"f":{"0":3,"1":0,"2":0,"3":1,"4":0,"5":4,"6":0,"7":1,"8":0,"9":0,"10":0,"11":0,"12":0,"13":0},"b":{"0":[0,0],"1":[0,0],"2":[0,0],"3":[0,0],"4":[0],"5":[0,0],"6":[0,0],"7":[0,0],"8":[0,0],"9":[0,0],"10":[0,0],"11":[0,0],"12":[0,0],"13":[0,0],"14":[0,0],"15":[0,0],"16":[0,0],"17":[0,0],"18":[0,0],"19":[0,0],"20":[0,0],"21":[0,0],"22":[0,0],"23":[0,0],"24":[0,0],"25":[0,0],"26":[0,0],"27":[0,0],"28":[0,0]},"_coverageSchema":"1a1c01bbd47fc00a2c39e90264f33305004495a9","hash":"694061f6f58ad2ac98a0f0f815997aaa61b7acaa"}
,"C:\\Users\\reuto\\CascadeProjects\\windsurf-project\\src\\models\\teamSeasonDivision.js": {"path":"C:\\Users\\reuto\\CascadeProjects\\windsurf-project\\src\\models\\teamSeasonDivision.js","statementMap":{"0":{"start":{"line":1,"column":23},"end":{"line":1,"column":38}},"1":{"start":{"line":5,"column":4},"end":{"line":5,"column":23}},"2":{"start":{"line":9,"column":19},"end":{"line":9,"column":104}},"3":{"start":{"line":10,"column":4},"end":{"line":10,"column":53}},"4":{"start":{"line":10,"column":17},"end":{"line":10,"column":53}},"5":{"start":{"line":12,"column":4},"end":{"line":14,"column":5}},"6":{"start":{"line":13,"column":6},"end":{"line":13,"column":100}},"7":{"start":{"line":18,"column":4},"end":{"line":24,"column":6}},"8":{"start":{"line":28,"column":4},"end":{"line":28,"column":89}},"9":{"start":{"line":32,"column":4},"end":{"line":39,"column":6}},"10":{"start":{"line":43,"column":17},"end":{"line":43,"column":68}},"11":{"start":{"line":44,"column":4},"end":{"line":44,"column":60}},"12":{"start":{"line":44,"column":15},"end":{"line":44,"column":60}},"13":{"start":{"line":46,"column":4},"end":{"line":46,"column":51}},"14":{"start":{"line":48,"column":15},"end":{"line":48,"column":23}},"15":{"start":{"line":49,"column":23},"end":{"line":49,"column":78}},"16":{"start":{"line":51,"column":4},"end":{"line":55,"column":6}},"17":{"start":{"line":57,"column":4},"end":{"line":57,"column":36}},"18":{"start":{"line":61,"column":21},"end":{"line":61,"column":59}},"19":{"start":{"line":62,"column":4},"end":{"line":62,"column":57}},"20":{"start":{"line":62,"column":19},"end":{"line":62,"column":57}},"21":{"start":{"line":64,"column":4},"end":{"line":64,"column":62}},"22":{"start":{"line":66,"column":17},"end":{"line":66,"column":84}},"23":{"start":{"line":67,"column":23},"end":{"line":67,"column":101}},"24":{"start":{"line":69,"column":4},"end":{"line":69,"column":60}},"25":{"start":{"line":69,"column":15},"end":{"line":69,"column":60}},"26":{"start":{"line":71,"column":4},"end":{"line":76,"column":6}},"27":{"start":{"line":78,"column":4},"end":{"line":78,"column":44}},"28":{"start":{"line":82,"column":21},"end":{"line":82,"column":59}},"29":{"start":{"line":83,"column":4},"end":{"line":83,"column":57}},"30":{"start":{"line":83,"column":19},"end":{"line":83,"column":57}},"31":{"start":{"line":85,"column":4},"end":{"line":85,"column":62}},"32":{"start":{"line":87,"column":21},"end":{"line":90,"column":5}},"33":{"start":{"line":91,"column":4},"end":{"line":91,"column":98}},"34":{"start":{"line":91,"column":36},"end":{"line":91,"column":98}},"35":{"start":{"line":93,"column":24},"end":{"line":93,"column":119}},"36":{"start":{"line":94,"column":4},"end":{"line":94,"column":95}},"37":{"start":{"line":94,"column":39},"end":{"line":94,"column":95}},"38":{"start":{"line":96,"column":4},"end":{"line":96,"column":86}},"39":{"start":{"line":97,"column":4},"end":{"line":97,"column":24}},"40":{"start":{"line":101,"column":21},"end":{"line":101,"column":59}},"41":{"start":{"line":102,"column":4},"end":{"line":102,"column":57}},"42":{"start":{"line":102,"column":19},"end":{"line":102,"column":57}},"43":{"start":{"line":104,"column":4},"end":{"line":111,"column":6}},"44":{"start":{"line":115,"column":21},"end":{"line":115,"column":59}},"45":{"start":{"line":116,"column":4},"end":{"line":116,"column":57}},"46":{"start":{"line":116,"column":19},"end":{"line":116,"column":57}},"47":{"start":{"line":118,"column":4},"end":{"line":118,"column":62}},"48":{"start":{"line":120,"column":4},"end":{"line":120,"column":77}},"49":{"start":{"line":120,"column":33},"end":{"line":120,"column":77}},"50":{"start":{"line":122,"column":19},"end":{"line":122,"column":51}},"51":{"start":{"line":123,"column":4},"end":{"line":123,"column":94}},"52":{"start":{"line":123,"column":56},"end":{"line":123,"column":94}},"53":{"start":{"line":125,"column":4},"end":{"line":131,"column":5}},"54":{"start":{"line":126,"column":19},"end":{"line":129,"column":7}},"55":{"start":{"line":127,"column":74},"end":{"line":127,"column":77}},"56":{"start":{"line":130,"column":6},"end":{"line":130,"column":98}},"57":{"start":{"line":130,"column":39},"end":{"line":130,"column":98}},"58":{"start":{"line":133,"column":4},"end":{"line":133,"column":43}},"59":{"start":{"line":134,"column":4},"end":{"line":153,"column":5}},"60":{"start":{"line":135,"column":6},"end":{"line":135,"column":102}},"61":{"start":{"line":137,"column":6},"end":{"line":143,"column":7}},"62":{"start":{"line":138,"column":8},"end":{"line":142,"column":10}},"63":{"start":{"line":145,"column":6},"end":{"line":145,"column":34}},"64":{"start":{"line":147,"column":6},"end":{"line":151,"column":7}},"65":{"start":{"line":148,"column":8},"end":{"line":148,"column":38}},"66":{"start":{"line":152,"column":6},"end":{"line":152,"column":14}},"67":{"start":{"line":155,"column":4},"end":{"line":155,"column":45}},"68":{"start":{"line":159,"column":17},"end":{"line":164,"column":5}},"69":{"start":{"line":165,"column":4},"end":{"line":165,"column":38}},"70":{"start":{"line":165,"column":27},"end":{"line":165,"column":36}},"71":{"start":{"line":169,"column":0},"end":{"line":169,"column":43}}},"fnMap":{"0":{"name":"(anonymous_0)","decl":{"start":{"line":4,"column":2},"end":{"line":4,"column":3}},"loc":{"start":{"line":4,"column":24},"end":{"line":6,"column":3}},"line":4},"1":{"name":"(anonymous_1)","decl":{"start":{"line":8,"column":2},"end":{"line":8,"column":3}},"loc":{"start":{"line":8,"column":44},"end":{"line":15,"column":3}},"line":8},"2":{"name":"(anonymous_2)","decl":{"start":{"line":17,"column":2},"end":{"line":17,"column":3}},"loc":{"start":{"line":17,"column":43},"end":{"line":25,"column":3}},"line":17},"3":{"name":"(anonymous_3)","decl":{"start":{"line":27,"column":2},"end":{"line":27,"column":3}},"loc":{"start":{"line":27,"column":36},"end":{"line":29,"column":3}},"line":27},"4":{"name":"(anonymous_4)","decl":{"start":{"line":31,"column":2},"end":{"line":31,"column":3}},"loc":{"start":{"line":31,"column":50},"end":{"line":40,"column":3}},"line":31},"5":{"name":"(anonymous_5)","decl":{"start":{"line":42,"column":2},"end":{"line":42,"column":3}},"loc":{"start":{"line":42,"column":43},"end":{"line":58,"column":3}},"line":42},"6":{"name":"(anonymous_6)","decl":{"start":{"line":60,"column":2},"end":{"line":60,"column":3}},"loc":{"start":{"line":60,"column":41},"end":{"line":79,"column":3}},"line":60},"7":{"name":"(anonymous_7)","decl":{"start":{"line":81,"column":2},"end":{"line":81,"column":3}},"loc":{"start":{"line":81,"column":35},"end":{"line":98,"column":3}},"line":81},"8":{"name":"(anonymous_8)","decl":{"start":{"line":100,"column":2},"end":{"line":100,"column":3}},"loc":{"start":{"line":100,"column":37},"end":{"line":112,"column":3}},"line":100},"9":{"name":"(anonymous_9)","decl":{"start":{"line":114,"column":2},"end":{"line":114,"column":3}},"loc":{"start":{"line":114,"column":46},"end":{"line":156,"column":3}},"line":114},"10":{"name":"(anonymous_10)","decl":{"start":{"line":127,"column":68},"end":{"line":127,"column":69}},"loc":{"start":{"line":127,"column":74},"end":{"line":127,"column":77}},"line":127},"11":{"name":"(anonymous_11)","decl":{"start":{"line":158,"column":2},"end":{"line":158,"column":3}},"loc":{"start":{"line":158,"column":42},"end":{"line":166,"column":3}},"line":158},"12":{"name":"(anonymous_12)","decl":{"start":{"line":165,"column":20},"end":{"line":165,"column":21}},"loc":{"start":{"line":165,"column":27},"end":{"line":165,"column":36}},"line":165}},"branchMap":{"0":{"loc":{"start":{"line":10,"column":4},"end":{"line":10,"column":53}},"type":"if","locations":[{"start":{"line":10,"column":4},"end":{"line":10,"column":53}},{"start":{},"end":{}}],"line":10},"1":{"loc":{"start":{"line":12,"column":4},"end":{"line":14,"column":5}},"type":"if","locations":[{"start":{"line":12,"column":4},"end":{"line":14,"column":5}},{"start":{},"end":{}}],"line":12},"2":{"loc":{"start":{"line":43,"column":18},"end":{"line":43,"column":60}},"type":"cond-expr","locations":[{"start":{"line":43,"column":38},"end":{"line":43,"column":55}},{"start":{"line":43,"column":58},"end":{"line":43,"column":60}}],"line":43},"3":{"loc":{"start":{"line":43,"column":18},"end":{"line":43,"column":35}},"type":"binary-expr","locations":[{"start":{"line":43,"column":18},"end":{"line":43,"column":22}},{"start":{"line":43,"column":26},"end":{"line":43,"column":35}}],"line":43},"4":{"loc":{"start":{"line":44,"column":4},"end":{"line":44,"column":60}},"type":"if","locations":[{"start":{"line":44,"column":4},"end":{"line":44,"column":60}},{"start":{},"end":{}}],"line":44},"5":{"loc":{"start":{"line":49,"column":23},"end":{"line":49,"column":78}},"type":"cond-expr","locations":[{"start":{"line":49,"column":59},"end":{"line":49,"column":74}},{"start":{"line":49,"column":77},"end":{"line":49,"column":78}}],"line":49},"6":{"loc":{"start":{"line":62,"column":4},"end":{"line":62,"column":57}},"type":"if","locations":[{"start":{"line":62,"column":4},"end":{"line":62,"column":57}},{"start":{},"end":{}}],"line":62},"7":{"loc":{"start":{"line":66,"column":17},"end":{"line":66,"column":84}},"type":"cond-expr","locations":[{"start":{"line":66,"column":44},"end":{"line":66,"column":68}},{"start":{"line":66,"column":71},"end":{"line":66,"column":84}}],"line":66},"8":{"loc":{"start":{"line":67,"column":23},"end":{"line":67,"column":101}},"type":"cond-expr","locations":[{"start":{"line":67,"column":56},"end":{"line":67,"column":79}},{"start":{"line":67,"column":82},"end":{"line":67,"column":101}}],"line":67},"9":{"loc":{"start":{"line":69,"column":4},"end":{"line":69,"column":60}},"type":"if","locations":[{"start":{"line":69,"column":4},"end":{"line":69,"column":60}},{"start":{},"end":{}}],"line":69},"10":{"loc":{"start":{"line":83,"column":4},"end":{"line":83,"column":57}},"type":"if","locations":[{"start":{"line":83,"column":4},"end":{"line":83,"column":57}},{"start":{},"end":{}}],"line":83},"11":{"loc":{"start":{"line":91,"column":4},"end":{"line":91,"column":98}},"type":"if","locations":[{"start":{"line":91,"column":4},"end":{"line":91,"column":98}},{"start":{},"end":{}}],"line":91},"12":{"loc":{"start":{"line":91,"column":9},"end":{"line":91,"column":29}},"type":"binary-expr","locations":[{"start":{"line":91,"column":9},"end":{"line":91,"column":24}},{"start":{"line":91,"column":28},"end":{"line":91,"column":29}}],"line":91},"13":{"loc":{"start":{"line":94,"column":4},"end":{"line":94,"column":95}},"type":"if","locations":[{"start":{"line":94,"column":4},"end":{"line":94,"column":95}},{"start":{},"end":{}}],"line":94},"14":{"loc":{"start":{"line":94,"column":9},"end":{"line":94,"column":32}},"type":"binary-expr","locations":[{"start":{"line":94,"column":9},"end":{"line":94,"column":27}},{"start":{"line":94,"column":31},"end":{"line":94,"column":32}}],"line":94},"15":{"loc":{"start":{"line":102,"column":4},"end":{"line":102,"column":57}},"type":"if","locations":[{"start":{"line":102,"column":4},"end":{"line":102,"column":57}},{"start":{},"end":{}}],"line":102},"16":{"loc":{"start":{"line":116,"column":4},"end":{"line":116,"column":57}},"type":"if","locations":[{"start":{"line":116,"column":4},"end":{"line":116,"column":57}},{"start":{},"end":{}}],"line":116},"17":{"loc":{"start":{"line":120,"column":4},"end":{"line":120,"column":77}},"type":"if","locations":[{"start":{"line":120,"column":4},"end":{"line":120,"column":77}},{"start":{},"end":{}}],"line":120},"18":{"loc":{"start":{"line":123,"column":4},"end":{"line":123,"column":94}},"type":"if","locations":[{"start":{"line":123,"column":4},"end":{"line":123,"column":94}},{"start":{},"end":{}}],"line":123},"19":{"loc":{"start":{"line":125,"column":4},"end":{"line":131,"column":5}},"type":"if","locations":[{"start":{"line":125,"column":4},"end":{"line":131,"column":5}},{"start":{},"end":{}}],"line":125},"20":{"loc":{"start":{"line":130,"column":6},"end":{"line":130,"column":98}},"type":"if","locations":[{"start":{"line":130,"column":6},"end":{"line":130,"column":98}},{"start":{},"end":{}}],"line":130}},"s":{"0":3,"1":3,"2":0,"3":0,"4":0,"5":0,"6":0,"7":0,"8":0,"9":0,"10":0,"11":0,"12":0,"13":0,"14":0,"15":0,"16":0,"17":0,"18":0,"19":0,"20":0,"21":0,"22":0,"23":0,"24":0,"25":0,"26":0,"27":0,"28":0,"29":0,"30":0,"31":0,"32":0,"33":0,"34":0,"35":0,"36":0,"37":0,"38":0,"39":0,"40":0,"41":0,"42":0,"43":0,"44":0,"45":0,"46":0,"47":0,"48":0,"49":0,"50":0,"51":0,"52":0,"53":0,"54":0,"55":0,"56":0,"57":0,"58":0,"59":0,"60":0,"61":0,"62":0,"63":0,"64":0,"65":0,"66":0,"67":0,"68":0,"69":0,"70":0,"71":3},"f":{"0":3,"1":0,"2":0,"3":0,"4":0,"5":0,"6":0,"7":0,"8":0,"9":0,"10":0,"11":0,"12":0},"b":{"0":[0,0],"1":[0,0],"2":[0,0],"3":[0,0],"4":[0,0],"5":[0,0],"6":[0,0],"7":[0,0],"8":[0,0],"9":[0,0],"10":[0,0],"11":[0,0],"12":[0,0],"13":[0,0],"14":[0,0],"15":[0,0],"16":[0,0],"17":[0,0],"18":[0,0],"19":[0,0],"20":[0,0]},"_coverageSchema":"1a1c01bbd47fc00a2c39e90264f33305004495a9","hash":"c3aff9e1fc9646f26a789a766aa533ce038d44b9"}
,"C:\\Users\\reuto\\CascadeProjects\\windsurf-project\\tests\\helpers.js": {"path":"C:\\Users\\reuto\\CascadeProjects\\windsurf-project\\tests\\helpers.js","statementMap":{"0":{"start":{"line":1,"column":11},"end":{"line":1,"column":24}},"1":{"start":{"line":2,"column":13},"end":{"line":2,"column":28}},"2":{"start":{"line":3,"column":11},"end":{"line":3,"column":24}},"3":{"start":{"line":13,"column":17},"end":{"line":16,"column":3}},"4":{"start":{"line":17,"column":2},"end":{"line":17,"column":31}},"5":{"start":{"line":19,"column":14},"end":{"line":19,"column":37}},"6":{"start":{"line":20,"column":2},"end":{"line":20,"column":18}},"7":{"start":{"line":22,"column":13},"end":{"line":22,"column":19}},"8":{"start":{"line":24,"column":18},"end":{"line":37,"column":3}},"9":{"start":{"line":25,"column":4},"end":{"line":29,"column":5}},"10":{"start":{"line":26,"column":6},"end":{"line":26,"column":23}},"11":{"start":{"line":30,"column":4},"end":{"line":36,"column":5}},"12":{"start":{"line":31,"column":6},"end":{"line":35,"column":7}},"13":{"start":{"line":32,"column":8},"end":{"line":32,"column":52}},"14":{"start":{"line":39,"column":2},"end":{"line":39,"column":38}},"15":{"start":{"line":42,"column":14},"end":{"line":42,"column":48}},"16":{"start":{"line":45,"column":2},"end":{"line":48,"column":4}},"17":{"start":{"line":51,"column":0},"end":{"line":51,"column":56}}},"fnMap":{"0":{"name":"createTestApp","decl":{"start":{"line":12,"column":15},"end":{"line":12,"column":28}},"loc":{"start":{"line":12,"column":40},"end":{"line":40,"column":1}},"line":12},"1":{"name":"(anonymous_1)","decl":{"start":{"line":24,"column":18},"end":{"line":24,"column":19}},"loc":{"start":{"line":24,"column":30},"end":{"line":37,"column":3}},"line":24},"2":{"name":"adminHeaders","decl":{"start":{"line":44,"column":9},"end":{"line":44,"column":21}},"loc":{"start":{"line":44,"column":38},"end":{"line":49,"column":1}},"line":44}},"branchMap":{"0":{"loc":{"start":{"line":44,"column":22},"end":{"line":44,"column":36}},"type":"default-arg","locations":[{"start":{"line":44,"column":34},"end":{"line":44,"column":36}}],"line":44},"1":{"loc":{"start":{"line":46,"column":20},"end":{"line":46,"column":48}},"type":"binary-expr","locations":[{"start":{"line":46,"column":20},"end":{"line":46,"column":34}},{"start":{"line":46,"column":38},"end":{"line":46,"column":48}}],"line":46},"2":{"loc":{"start":{"line":47,"column":24},"end":{"line":47,"column":60}},"type":"binary-expr","locations":[{"start":{"line":47,"column":24},"end":{"line":47,"column":42}},{"start":{"line":47,"column":46},"end":{"line":47,"column":60}}],"line":47}},"s":{"0":3,"1":3,"2":3,"3":3,"4":3,"5":3,"6":3,"7":3,"8":3,"9":3,"10":3,"11":3,"12":9,"13":9,"14":3,"15":3,"16":31,"17":3},"f":{"0":3,"1":3,"2":31},"b":{"0":[27],"1":[31,30],"2":[31,28]},"_coverageSchema":"1a1c01bbd47fc00a2c39e90264f33305004495a9","hash":"5daa4ff27ba689b2a05be6eb1a7ea08f6d103477"}
}
