TN:
SF:src\database.js
FN:42,(anonymous_0)
FN:49,(anonymous_1)
FN:71,(anonymous_2)
FN:85,(anonymous_3)
FN:87,(anonymous_4)
FN:98,(anonymous_5)
FN:101,(anonymous_6)
FN:108,(anonymous_7)
FN:110,(anonymous_8)
FN:117,(anonymous_9)
FN:119,(anonymous_10)
FN:126,(anonymous_11)
FN:128,(anonymous_12)
FN:136,(anonymous_13)
FN:146,(anonymous_14)
FN:148,(anonymous_15)
FN:155,(anonymous_16)
FN:157,(anonymous_17)
FN:167,(anonymous_18)
FN:170,(anonymous_19)
FN:178,(anonymous_20)
FN:181,(anonymous_21)
FN:188,(anonymous_22)
FN:189,(anonymous_23)
FN:195,(anonymous_24)
FN:206,(anonymous_25)
FN:505,(anonymous_26)
FN:507,(anonymous_27)
FN:509,(anonymous_28)
FN:512,(anonymous_29)
FN:568,(anonymous_30)
FN:609,(anonymous_31)
FN:611,(anonymous_32)
FN:621,(anonymous_33)
FN:623,(anonymous_34)
FN:630,(anonymous_35)
FN:656,(anonymous_36)
FN:657,(anonymous_37)
FN:658,(anonymous_38)
FN:668,(anonymous_39)
FN:669,(anonymous_40)
FN:670,(anonymous_41)
FN:680,(anonymous_42)
FN:681,(anonymous_43)
FN:682,(anonymous_44)
FN:692,(anonymous_45)
FN:693,(anonymous_46)
FN:694,(anonymous_47)
FNF:48
FNH:46
FNDA:3,(anonymous_0)
FNDA:3,(anonymous_1)
FNDA:3,(anonymous_2)
FNDA:3,(anonymous_3)
FNDA:42,(anonymous_4)
FNDA:3,(anonymous_5)
FNDA:36,(anonymous_6)
FNDA:3,(anonymous_7)
FNDA:42,(anonymous_8)
FNDA:3,(anonymous_9)
FNDA:42,(anonymous_10)
FNDA:3,(anonymous_11)
FNDA:42,(anonymous_12)
FNDA:3,(anonymous_13)
FNDA:3,(anonymous_14)
FNDA:27,(anonymous_15)
FNDA:3,(anonymous_16)
FNDA:27,(anonymous_17)
FNDA:3,(anonymous_18)
FNDA:18,(anonymous_19)
FNDA:3,(anonymous_20)
FNDA:30,(anonymous_21)
FNDA:3,(anonymous_22)
FNDA:3,(anonymous_23)
FNDA:3,(anonymous_24)
FNDA:3,(anonymous_25)
FNDA:3,(anonymous_26)
FNDA:0,(anonymous_27)
FNDA:30,(anonymous_28)
FNDA:0,(anonymous_29)
FNDA:3,(anonymous_30)
FNDA:3,(anonymous_31)
FNDA:27,(anonymous_32)
FNDA:3,(anonymous_33)
FNDA:27,(anonymous_34)
FNDA:3,(anonymous_35)
FNDA:221,(anonymous_36)
FNDA:221,(anonymous_37)
FNDA:221,(anonymous_38)
FNDA:62,(anonymous_39)
FNDA:62,(anonymous_40)
FNDA:62,(anonymous_41)
FNDA:108,(anonymous_42)
FNDA:108,(anonymous_43)
FNDA:108,(anonymous_44)
FNDA:3,(anonymous_45)
FNDA:3,(anonymous_46)
FNDA:3,(anonymous_47)
DA:1,3
DA:2,3
DA:3,3
DA:4,3
DA:5,3
DA:7,3
DA:43,3
DA:44,3
DA:50,3
DA:60,3
DA:61,3
DA:62,3
DA:63,3
DA:72,3
DA:73,3
DA:75,3
DA:76,3
DA:77,3
DA:78,3
DA:79,3
DA:86,3
DA:87,42
DA:89,3
DA:90,3
DA:91,3
DA:93,3
DA:94,3
DA:99,3
DA:100,3
DA:101,36
DA:103,3
DA:104,0
DA:109,3
DA:110,42
DA:112,3
DA:113,0
DA:118,3
DA:119,42
DA:121,3
DA:122,0
DA:127,3
DA:128,42
DA:130,3
DA:131,0
DA:132,0
DA:137,3
DA:138,3
DA:140,3
DA:147,3
DA:148,27
DA:150,3
DA:151,0
DA:156,3
DA:157,27
DA:159,3
DA:160,0
DA:162,3
DA:163,0
DA:168,3
DA:169,3
DA:170,18
DA:172,3
DA:173,0
DA:174,0
DA:179,3
DA:180,3
DA:181,30
DA:183,3
DA:184,0
DA:189,3
DA:190,3
DA:191,3
DA:192,0
DA:195,3
DA:196,3
DA:197,0
DA:199,3
DA:200,3
DA:209,3
DA:211,3
DA:454,3
DA:455,54
DA:460,3
DA:463,3
DA:466,3
DA:467,3
DA:470,3
DA:473,3
DA:476,3
DA:479,3
DA:482,3
DA:485,3
DA:488,3
DA:491,3
DA:494,3
DA:496,3
DA:499,3
DA:502,3
DA:506,3
DA:507,3
DA:509,3
DA:510,30
DA:511,30
DA:512,0
DA:513,0
DA:514,0
DA:518,3
DA:519,0
DA:521,0
DA:532,0
DA:534,0
DA:538,3
DA:539,0
DA:540,0
DA:547,0
DA:549,0
DA:554,3
DA:555,3
DA:556,3
DA:557,3
DA:559,3
DA:560,3
DA:561,3
DA:562,3
DA:564,3
DA:565,3
DA:569,3
DA:570,3
DA:572,0
DA:573,0
DA:574,0
DA:575,0
DA:580,0
DA:581,0
DA:582,0
DA:583,0
DA:590,0
DA:598,0
DA:600,0
DA:601,0
DA:605,0
DA:610,3
DA:611,27
DA:613,3
DA:614,0
DA:616,3
DA:617,0
DA:622,3
DA:623,27
DA:625,3
DA:626,0
DA:631,3
DA:632,3
DA:634,3
DA:635,3
DA:636,3
DA:637,93
DA:645,3
DA:647,0
DA:648,0
DA:652,0
DA:657,221
DA:658,221
DA:659,221
DA:660,0
DA:662,221
DA:669,62
DA:670,62
DA:671,62
DA:672,0
DA:674,62
DA:681,108
DA:682,108
DA:683,108
DA:684,0
DA:686,108
DA:693,3
DA:694,3
DA:695,3
DA:696,0
DA:698,3
DA:699,3
DA:706,3
LF:183
LH:136
BRDA:44,0,0,3
BRDA:44,0,1,0
BRDA:61,1,0,3
BRDA:61,1,1,0
BRDA:61,2,0,3
BRDA:61,2,1,0
BRDA:62,3,0,3
BRDA:62,3,1,3
BRDA:73,4,0,0
BRDA:73,4,1,3
BRDA:73,5,0,3
BRDA:73,5,1,3
BRDA:76,6,0,3
BRDA:76,6,1,3
BRDA:76,6,2,0
BRDA:76,6,3,0
BRDA:89,7,0,3
BRDA:89,7,1,0
BRDA:93,8,0,3
BRDA:93,8,1,0
BRDA:100,9,0,0
BRDA:100,9,1,3
BRDA:100,10,0,3
BRDA:100,10,1,3
BRDA:103,11,0,0
BRDA:103,11,1,3
BRDA:112,12,0,0
BRDA:112,12,1,3
BRDA:121,13,0,0
BRDA:121,13,1,3
BRDA:130,14,0,0
BRDA:130,14,1,3
BRDA:138,15,0,0
BRDA:138,15,1,3
BRDA:138,16,0,3
BRDA:138,16,1,3
BRDA:150,17,0,0
BRDA:150,17,1,3
BRDA:159,18,0,0
BRDA:159,18,1,3
BRDA:162,19,0,0
BRDA:162,19,1,3
BRDA:169,20,0,0
BRDA:169,20,1,3
BRDA:169,21,0,3
BRDA:169,21,1,3
BRDA:172,22,0,0
BRDA:172,22,1,3
BRDA:180,23,0,0
BRDA:180,23,1,3
BRDA:180,24,0,3
BRDA:180,24,1,3
BRDA:183,25,0,0
BRDA:183,25,1,3
BRDA:191,26,0,0
BRDA:191,26,1,3
BRDA:196,27,0,0
BRDA:196,27,1,3
BRDA:511,28,0,30
BRDA:511,28,1,0
BRDA:511,29,0,30
BRDA:511,29,1,30
BRDA:513,30,0,0
BRDA:513,30,1,0
BRDA:513,31,0,0
BRDA:513,31,1,0
BRDA:518,32,0,0
BRDA:518,32,1,3
BRDA:519,33,0,0
BRDA:519,33,1,0
BRDA:538,34,0,0
BRDA:538,34,1,3
BRDA:539,35,0,0
BRDA:539,35,1,0
BRDA:570,36,0,3
BRDA:570,36,1,0
BRDA:570,37,0,3
BRDA:570,37,1,3
BRDA:581,38,0,0
BRDA:581,38,1,0
BRDA:613,39,0,0
BRDA:613,39,1,3
BRDA:616,40,0,0
BRDA:616,40,1,3
BRDA:625,41,0,0
BRDA:625,41,1,3
BRDA:632,42,0,0
BRDA:632,42,1,3
BRDA:656,43,0,69
BRDA:659,44,0,0
BRDA:659,44,1,221
BRDA:668,45,0,16
BRDA:671,46,0,0
BRDA:671,46,1,62
BRDA:680,47,0,75
BRDA:683,48,0,0
BRDA:683,48,1,108
BRDA:695,49,0,0
BRDA:695,49,1,3
BRF:99
BRH:54
end_of_record
TN:
SF:src\index.js
FN:31,hashPassword
FN:36,verifyPassword
FN:63,(anonymous_2)
FN:66,(anonymous_3)
FN:81,(anonymous_4)
FN:88,(anonymous_5)
FN:123,(anonymous_6)
FN:139,(anonymous_7)
FN:141,(anonymous_8)
FN:170,resetVisitorLogCacheIfNeeded
FN:179,shouldLogVisit
FN:188,parseEntityFromPath
FN:200,logActivity
FN:223,resolveTeamSeasonId
FN:230,resolveDivisionId
FN:240,requireAdmin
FN:245,requireSeedToken
FN:257,(anonymous_17)
FN:261,(anonymous_18)
FN:290,(anonymous_19)
FN:302,(anonymous_20)
FN:321,(anonymous_21)
FN:349,(anonymous_22)
FN:359,(anonymous_23)
FN:391,(anonymous_24)
FN:402,(anonymous_25)
FN:430,(anonymous_26)
FN:457,(anonymous_27)
FN:482,(anonymous_28)
FN:493,(anonymous_29)
FN:509,(anonymous_30)
FN:566,(anonymous_31)
FN:591,(anonymous_32)
FN:615,(anonymous_33)
FN:624,(anonymous_34)
FN:633,(anonymous_35)
FN:642,(anonymous_36)
FN:651,(anonymous_37)
FN:660,(anonymous_38)
FN:669,(anonymous_39)
FN:678,(anonymous_40)
FN:687,(anonymous_41)
FN:699,(anonymous_42)
FN:708,(anonymous_43)
FN:718,(anonymous_44)
FN:727,(anonymous_45)
FN:736,(anonymous_46)
FN:745,(anonymous_47)
FN:754,(anonymous_48)
FN:763,(anonymous_49)
FN:772,(anonymous_50)
FN:781,(anonymous_51)
FN:791,(anonymous_52)
FN:800,(anonymous_53)
FN:812,(anonymous_54)
FN:821,(anonymous_55)
FN:830,(anonymous_56)
FN:839,(anonymous_57)
FN:848,(anonymous_58)
FN:857,(anonymous_59)
FN:866,(anonymous_60)
FN:875,(anonymous_61)
FN:884,(anonymous_62)
FN:893,(anonymous_63)
FN:904,(anonymous_64)
FN:925,(anonymous_65)
FN:948,(anonymous_66)
FN:960,(anonymous_67)
FN:973,(anonymous_68)
FN:1043,(anonymous_69)
FN:1104,(anonymous_70)
FN:1118,(anonymous_71)
FN:1128,(anonymous_72)
FN:1137,(anonymous_73)
FN:1146,(anonymous_74)
FN:1159,(anonymous_75)
FN:1170,(anonymous_76)
FN:1181,(anonymous_77)
FN:1221,(anonymous_78)
FN:1230,(anonymous_79)
FN:1239,(anonymous_80)
FN:1251,(anonymous_81)
FN:1260,(anonymous_82)
FN:1269,(anonymous_83)
FN:1278,(anonymous_84)
FN:1291,(anonymous_85)
FN:1298,(anonymous_86)
FN:1304,(anonymous_87)
FN:1305,(anonymous_88)
FN:1309,(anonymous_89)
FNF:90
FNH:46
FNDA:3,hashPassword
FNDA:17,verifyPassword
FNDA:69,(anonymous_2)
FNDA:69,(anonymous_3)
FNDA:69,(anonymous_4)
FNDA:69,(anonymous_5)
FNDA:69,(anonymous_6)
FNDA:69,(anonymous_7)
FNDA:36,(anonymous_8)
FNDA:3,resetVisitorLogCacheIfNeeded
FNDA:69,shouldLogVisit
FNDA:25,parseEntityFromPath
FNDA:30,logActivity
FNDA:3,resolveTeamSeasonId
FNDA:3,resolveDivisionId
FNDA:29,requireAdmin
FNDA:0,requireSeedToken
FNDA:8,(anonymous_17)
FNDA:11,(anonymous_18)
FNDA:0,(anonymous_19)
FNDA:5,(anonymous_20)
FNDA:2,(anonymous_21)
FNDA:6,(anonymous_22)
FNDA:1,(anonymous_23)
FNDA:5,(anonymous_24)
FNDA:3,(anonymous_25)
FNDA:1,(anonymous_26)
FNDA:3,(anonymous_27)
FNDA:0,(anonymous_28)
FNDA:0,(anonymous_29)
FNDA:0,(anonymous_30)
FNDA:0,(anonymous_31)
FNDA:0,(anonymous_32)
FNDA:6,(anonymous_33)
FNDA:2,(anonymous_34)
FNDA:1,(anonymous_35)
FNDA:1,(anonymous_36)
FNDA:1,(anonymous_37)
FNDA:1,(anonymous_38)
FNDA:2,(anonymous_39)
FNDA:1,(anonymous_40)
FNDA:0,(anonymous_41)
FNDA:0,(anonymous_42)
FNDA:1,(anonymous_43)
FNDA:1,(anonymous_44)
FNDA:0,(anonymous_45)
FNDA:0,(anonymous_46)
FNDA:0,(anonymous_47)
FNDA:0,(anonymous_48)
FNDA:0,(anonymous_49)
FNDA:0,(anonymous_50)
FNDA:1,(anonymous_51)
FNDA:1,(anonymous_52)
FNDA:0,(anonymous_53)
FNDA:0,(anonymous_54)
FNDA:1,(anonymous_55)
FNDA:0,(anonymous_56)
FNDA:0,(anonymous_57)
FNDA:0,(anonymous_58)
FNDA:0,(anonymous_59)
FNDA:0,(anonymous_60)
FNDA:0,(anonymous_61)
FNDA:0,(anonymous_62)
FNDA:1,(anonymous_63)
FNDA:0,(anonymous_64)
FNDA:0,(anonymous_65)
FNDA:0,(anonymous_66)
FNDA:0,(anonymous_67)
FNDA:0,(anonymous_68)
FNDA:0,(anonymous_69)
FNDA:0,(anonymous_70)
FNDA:0,(anonymous_71)
FNDA:0,(anonymous_72)
FNDA:0,(anonymous_73)
FNDA:0,(anonymous_74)
FNDA:1,(anonymous_75)
FNDA:1,(anonymous_76)
FNDA:1,(anonymous_77)
FNDA:1,(anonymous_78)
FNDA:0,(anonymous_79)
FNDA:0,(anonymous_80)
FNDA:0,(anonymous_81)
FNDA:1,(anonymous_82)
FNDA:0,(anonymous_83)
FNDA:0,(anonymous_84)
FNDA:0,(anonymous_85)
FNDA:3,(anonymous_86)
FNDA:0,(anonymous_87)
FNDA:0,(anonymous_88)
FNDA:0,(anonymous_89)
DA:1,3
DA:2,3
DA:3,3
DA:4,3
DA:5,3
DA:6,3
DA:7,3
DA:8,3
DA:9,3
DA:10,3
DA:11,3
DA:12,3
DA:13,3
DA:14,3
DA:15,3
DA:16,3
DA:17,3
DA:18,3
DA:19,3
DA:20,3
DA:21,3
DA:23,3
DA:24,3
DA:25,3
DA:26,3
DA:27,3
DA:29,3
DA:32,3
DA:33,3
DA:37,17
DA:38,17
DA:39,17
DA:40,17
DA:41,17
DA:44,3
DA:52,3
DA:59,3
DA:60,3
DA:63,3
DA:64,69
DA:65,69
DA:66,69
DA:67,69
DA:68,69
DA:69,69
DA:70,69
DA:71,69
DA:76,69
DA:78,69
DA:81,3
DA:82,69
DA:83,69
DA:85,69
DA:88,3
DA:89,69
DA:90,69
DA:91,69
DA:93,69
DA:94,69
DA:95,69
DA:96,69
DA:98,31
DA:99,31
DA:100,31
DA:101,9
DA:105,9
DA:106,9
DA:108,31
DA:109,29
DA:110,29
DA:112,31
DA:114,0
DA:118,3
DA:119,3
DA:120,3
DA:121,3
DA:123,3
DA:124,69
DA:125,0
DA:126,0
DA:127,0
DA:128,0
DA:129,0
DA:136,0
DA:139,3
DA:140,69
DA:141,36
DA:142,36
DA:143,25
DA:144,25
DA:145,13
DA:146,13
DA:155,36
DA:159,3
DA:160,3
DA:161,3
DA:162,3
DA:163,3
DA:164,3
DA:165,3
DA:166,3
DA:167,3
DA:168,3
DA:171,3
DA:172,3
DA:173,0
DA:174,0
DA:176,3
DA:180,69
DA:181,33
DA:182,0
DA:183,0
DA:184,0
DA:185,0
DA:189,25
DA:190,25
DA:191,25
DA:192,25
DA:193,13
DA:201,30
DA:202,30
DA:203,30
DA:204,30
DA:219,0
DA:224,3
DA:225,3
DA:226,3
DA:227,3
DA:231,3
DA:232,3
DA:233,3
DA:235,3
DA:236,0
DA:237,0
DA:241,29
DA:242,4
DA:246,0
DA:247,0
DA:249,0
DA:250,0
DA:251,0
DA:253,0
DA:257,3
DA:258,8
DA:261,3
DA:262,11
DA:263,11
DA:264,11
DA:265,11
DA:271,11
DA:273,11
DA:282,11
DA:283,6
DA:284,6
DA:286,0
DA:290,3
DA:291,0
DA:292,0
DA:299,0
DA:302,3
DA:303,5
DA:304,5
DA:305,3
DA:306,3
DA:307,3
DA:308,2
DA:309,2
DA:318,5
DA:321,3
DA:322,2
DA:323,2
DA:324,2
DA:325,2
DA:326,2
DA:328,2
DA:329,1
DA:330,1
DA:332,2
DA:333,0
DA:334,0
DA:336,2
DA:337,1
DA:338,1
DA:341,2
DA:342,2
DA:348,2
DA:349,6
DA:355,0
DA:359,3
DA:360,1
DA:361,1
DA:362,1
DA:363,0
DA:365,1
DA:366,0
DA:368,1
DA:369,0
DA:372,1
DA:376,1
DA:378,1
DA:385,1
DA:387,0
DA:391,3
DA:392,5
DA:393,5
DA:396,5
DA:398,0
DA:402,3
DA:403,3
DA:404,3
DA:405,3
DA:406,3
DA:407,3
DA:409,2
DA:410,2
DA:412,1
DA:416,1
DA:417,1
DA:424,1
DA:426,2
DA:430,3
DA:431,1
DA:432,1
DA:433,1
DA:435,1
DA:436,1
DA:438,1
DA:442,1
DA:443,1
DA:451,1
DA:453,0
DA:457,3
DA:458,3
DA:459,3
DA:460,3
DA:461,3
DA:463,1
DA:464,1
DA:466,1
DA:467,1
DA:468,1
DA:476,1
DA:478,2
DA:482,3
DA:483,0
DA:484,0
DA:487,0
DA:488,0
DA:489,0
DA:490,0
DA:491,0
DA:492,0
DA:493,0
DA:495,0
DA:496,0
DA:499,0
DA:500,0
DA:501,0
DA:509,0
DA:511,0
DA:512,0
DA:513,0
DA:514,0
DA:515,0
DA:516,0
DA:518,0
DA:519,0
DA:525,0
DA:527,0
DA:529,0
DA:530,0
DA:532,0
DA:533,0
DA:535,0
DA:537,0
DA:538,0
DA:539,0
DA:553,0
DA:554,0
DA:555,0
DA:558,0
DA:560,0
DA:562,0
DA:566,3
DA:567,0
DA:568,0
DA:571,0
DA:572,0
DA:573,0
DA:574,0
DA:575,0
DA:576,0
DA:577,0
DA:578,0
DA:579,0
DA:581,0
DA:583,0
DA:585,0
DA:587,0
DA:591,3
DA:592,0
DA:593,0
DA:596,0
DA:597,0
DA:598,0
DA:599,0
DA:600,0
DA:601,0
DA:602,0
DA:604,0
DA:606,0
DA:607,0
DA:609,0
DA:611,0
DA:615,3
DA:616,6
DA:617,6
DA:618,6
DA:620,0
DA:624,3
DA:625,2
DA:626,2
DA:627,2
DA:629,0
DA:633,3
DA:634,1
DA:635,1
DA:636,1
DA:638,0
DA:642,3
DA:643,1
DA:644,1
DA:645,1
DA:647,0
DA:651,3
DA:652,1
DA:653,1
DA:654,1
DA:656,0
DA:660,3
DA:661,1
DA:662,1
DA:663,1
DA:665,0
DA:669,3
DA:670,2
DA:671,2
DA:672,2
DA:674,0
DA:678,3
DA:679,1
DA:680,1
DA:681,1
DA:683,0
DA:687,3
DA:688,0
DA:689,0
DA:690,0
DA:691,0
DA:693,0
DA:695,0
DA:699,3
DA:700,0
DA:701,0
DA:702,0
DA:704,0
DA:708,3
DA:709,1
DA:710,1
DA:711,1
DA:713,0
DA:718,3
DA:719,1
DA:720,1
DA:721,1
DA:723,0
DA:727,3
DA:728,0
DA:729,0
DA:730,0
DA:732,0
DA:736,3
DA:737,0
DA:738,0
DA:739,0
DA:741,0
DA:745,3
DA:746,0
DA:747,0
DA:748,0
DA:750,0
DA:754,3
DA:755,0
DA:756,0
DA:757,0
DA:759,0
DA:763,3
DA:764,0
DA:765,0
DA:766,0
DA:768,0
DA:772,3
DA:773,0
DA:774,0
DA:775,0
DA:777,0
DA:781,3
DA:782,1
DA:783,1
DA:784,1
DA:785,1
DA:787,0
DA:791,3
DA:792,1
DA:793,1
DA:794,1
DA:796,0
DA:800,3
DA:801,0
DA:802,0
DA:803,0
DA:804,0
DA:806,0
DA:808,0
DA:812,3
DA:813,0
DA:814,0
DA:815,0
DA:817,0
DA:821,3
DA:822,1
DA:823,1
DA:824,1
DA:826,0
DA:830,3
DA:831,0
DA:832,0
DA:833,0
DA:835,0
DA:839,3
DA:840,0
DA:841,0
DA:842,0
DA:844,0
DA:848,3
DA:849,0
DA:850,0
DA:851,0
DA:853,0
DA:857,3
DA:858,0
DA:859,0
DA:860,0
DA:862,0
DA:866,3
DA:867,0
DA:868,0
DA:869,0
DA:871,0
DA:875,3
DA:876,0
DA:877,0
DA:878,0
DA:880,0
DA:884,3
DA:885,0
DA:886,0
DA:887,0
DA:889,0
DA:893,3
DA:894,1
DA:895,1
DA:896,1
DA:897,1
DA:898,1
DA:900,0
DA:904,3
DA:905,0
DA:906,0
DA:915,0
DA:916,0
DA:917,0
DA:919,0
DA:921,0
DA:925,3
DA:926,0
DA:927,0
DA:928,0
DA:929,0
DA:932,0
DA:933,0
DA:934,0
DA:937,0
DA:942,0
DA:944,0
DA:948,3
DA:949,0
DA:950,0
DA:951,0
DA:952,0
DA:954,0
DA:956,0
DA:960,3
DA:961,0
DA:962,0
DA:963,0
DA:964,0
DA:966,0
DA:967,0
DA:969,0
DA:973,3
DA:974,0
DA:975,0
DA:976,0
DA:977,0
DA:980,0
DA:981,0
DA:982,0
DA:985,0
DA:986,0
DA:988,0
DA:989,0
DA:990,0
DA:993,0
DA:994,0
DA:995,0
DA:998,0
DA:999,0
DA:1000,0
DA:1002,0
DA:1003,0
DA:1004,0
DA:1007,0
DA:1008,0
DA:1009,0
DA:1010,0
DA:1013,0
DA:1014,0
DA:1015,0
DA:1025,0
DA:1026,0
DA:1029,0
DA:1039,0
DA:1043,3
DA:1044,0
DA:1045,0
DA:1046,0
DA:1047,0
DA:1050,0
DA:1051,0
DA:1052,0
DA:1055,0
DA:1056,0
DA:1057,0
DA:1058,0
DA:1061,0
DA:1062,0
DA:1063,0
DA:1066,0
DA:1067,0
DA:1068,0
DA:1069,0
DA:1070,0
DA:1072,0
DA:1080,0
DA:1083,0
DA:1093,0
DA:1094,0
DA:1097,0
DA:1098,0
DA:1100,0
DA:1104,3
DA:1105,0
DA:1106,0
DA:1107,0
DA:1108,0
DA:1109,0
DA:1111,0
DA:1112,0
DA:1114,0
DA:1118,3
DA:1119,0
DA:1120,0
DA:1121,0
DA:1122,0
DA:1124,0
DA:1128,3
DA:1129,0
DA:1130,0
DA:1131,0
DA:1133,0
DA:1137,3
DA:1138,0
DA:1139,0
DA:1140,0
DA:1142,0
DA:1146,3
DA:1147,0
DA:1148,0
DA:1149,0
DA:1150,0
DA:1152,0
DA:1153,0
DA:1155,0
DA:1159,3
DA:1160,1
DA:1161,1
DA:1162,1
DA:1163,1
DA:1164,1
DA:1166,0
DA:1170,3
DA:1171,1
DA:1172,1
DA:1173,1
DA:1174,1
DA:1175,1
DA:1177,0
DA:1181,3
DA:1182,1
DA:1183,1
DA:1184,1
DA:1185,1
DA:1186,1
DA:1188,1
DA:1189,0
DA:1190,0
DA:1191,0
DA:1195,1
DA:1196,0
DA:1197,1
DA:1198,1
DA:1199,1
DA:1200,1
DA:1204,1
DA:1208,1
DA:1210,1
DA:1211,1
DA:1217,0
DA:1221,3
DA:1222,1
DA:1223,1
DA:1224,1
DA:1226,0
DA:1230,3
DA:1231,0
DA:1232,0
DA:1233,0
DA:1235,0
DA:1239,3
DA:1240,0
DA:1241,0
DA:1242,0
DA:1243,0
DA:1245,0
DA:1247,0
DA:1251,3
DA:1252,0
DA:1253,0
DA:1254,0
DA:1256,0
DA:1260,3
DA:1261,1
DA:1262,1
DA:1263,1
DA:1265,0
DA:1269,3
DA:1270,0
DA:1271,0
DA:1272,0
DA:1274,0
DA:1278,3
DA:1279,0
DA:1280,0
DA:1281,0
DA:1283,0
DA:1288,3
DA:1289,0
DA:1291,0
DA:1292,0
DA:1298,3
DA:1299,3
DA:1302,3
DA:1303,0
DA:1305,0
DA:1306,0
DA:1310,0
DA:1311,0
DA:1315,3
DA:1316,3
DA:1317,3
LF:691
LH:346
BRDA:25,0,0,3
BRDA:25,0,1,3
BRDA:37,1,0,17
BRDA:37,1,1,0
BRDA:38,2,0,0
BRDA:38,2,1,17
BRDA:38,3,0,17
BRDA:38,3,1,17
BRDA:41,4,0,17
BRDA:41,4,1,17
BRDA:70,5,0,69
BRDA:70,5,1,0
BRDA:82,6,0,69
BRDA:82,6,1,0
BRDA:82,7,0,69
BRDA:82,7,1,69
BRDA:95,8,0,31
BRDA:95,8,1,38
BRDA:96,9,0,38
BRDA:96,9,1,31
BRDA:96,10,0,69
BRDA:96,10,1,31
BRDA:100,11,0,9
BRDA:100,11,1,22
BRDA:105,12,0,7
BRDA:105,12,1,2
BRDA:105,13,0,9
BRDA:105,13,1,9
BRDA:108,14,0,29
BRDA:108,14,1,2
BRDA:124,15,0,69
BRDA:124,15,1,0
BRDA:126,16,0,0
BRDA:126,16,1,0
BRDA:127,17,0,0
BRDA:127,17,1,0
BRDA:140,18,0,33
BRDA:140,18,1,36
BRDA:140,19,0,69
BRDA:140,19,1,69
BRDA:142,20,0,11
BRDA:142,20,1,25
BRDA:144,21,0,12
BRDA:144,21,1,13
BRDA:145,22,0,4
BRDA:145,22,1,9
BRDA:172,23,0,0
BRDA:172,23,1,3
BRDA:180,24,0,36
BRDA:180,24,1,33
BRDA:181,25,0,33
BRDA:181,25,1,0
BRDA:181,26,0,33
BRDA:181,26,1,33
BRDA:182,27,0,0
BRDA:182,27,1,0
BRDA:183,28,0,0
BRDA:183,28,1,0
BRDA:184,29,0,0
BRDA:184,29,1,0
BRDA:184,30,0,0
BRDA:184,30,1,0
BRDA:185,31,0,0
BRDA:185,31,1,0
BRDA:190,32,0,0
BRDA:190,32,1,25
BRDA:192,33,0,12
BRDA:192,33,1,13
BRDA:192,34,0,25
BRDA:192,34,1,25
BRDA:192,34,2,18
BRDA:195,35,0,13
BRDA:195,35,1,4
BRDA:196,36,0,13
BRDA:196,36,1,9
BRDA:202,37,0,29
BRDA:202,37,1,1
BRDA:203,38,0,30
BRDA:203,38,1,19
BRDA:203,38,2,2
BRDA:203,38,3,0
BRDA:209,39,0,30
BRDA:209,39,1,0
BRDA:211,40,0,30
BRDA:211,40,1,0
BRDA:212,41,0,30
BRDA:212,41,1,19
BRDA:214,42,0,30
BRDA:214,42,1,0
BRDA:215,43,0,30
BRDA:215,43,1,29
BRDA:224,44,0,0
BRDA:224,44,1,3
BRDA:224,45,0,3
BRDA:224,45,1,3
BRDA:225,46,0,0
BRDA:225,46,1,3
BRDA:225,47,0,3
BRDA:225,47,1,3
BRDA:227,48,0,0
BRDA:227,48,1,3
BRDA:231,49,0,0
BRDA:231,49,1,3
BRDA:231,50,0,3
BRDA:231,50,1,3
BRDA:232,51,0,0
BRDA:232,51,1,3
BRDA:232,52,0,3
BRDA:232,52,1,3
BRDA:233,53,0,0
BRDA:233,53,1,3
BRDA:233,54,0,3
BRDA:233,54,1,3
BRDA:235,55,0,3
BRDA:235,55,1,0
BRDA:237,56,0,0
BRDA:237,56,1,0
BRDA:241,57,0,25
BRDA:241,57,1,4
BRDA:247,58,0,0
BRDA:247,58,1,0
BRDA:250,59,0,0
BRDA:250,59,1,0
BRDA:250,60,0,0
BRDA:250,60,1,0
BRDA:258,61,0,8
BRDA:258,61,1,0
BRDA:258,62,0,3
BRDA:258,62,1,5
BRDA:263,63,0,11
BRDA:263,63,1,0
BRDA:263,64,0,11
BRDA:263,64,1,11
BRDA:264,65,0,11
BRDA:264,65,1,0
BRDA:264,66,0,11
BRDA:264,66,1,11
BRDA:265,67,0,11
BRDA:265,67,1,0
BRDA:265,68,0,11
BRDA:265,68,1,11
BRDA:271,69,0,11
BRDA:271,69,1,8
BRDA:275,70,0,6
BRDA:275,70,1,5
BRDA:277,71,0,11
BRDA:277,71,1,0
BRDA:279,72,0,6
BRDA:279,72,1,5
BRDA:279,73,0,5
BRDA:279,73,1,0
BRDA:282,74,0,5
BRDA:282,74,1,6
BRDA:291,75,0,0
BRDA:291,75,1,0
BRDA:291,76,0,0
BRDA:291,76,1,0
BRDA:297,77,0,0
BRDA:297,77,1,0
BRDA:297,77,2,0
BRDA:303,78,0,5
BRDA:303,78,1,0
BRDA:303,79,0,5
BRDA:303,79,1,5
BRDA:304,80,0,3
BRDA:304,80,1,2
BRDA:304,81,0,5
BRDA:304,81,1,5
BRDA:304,81,2,4
BRDA:306,82,0,3
BRDA:306,82,1,2
BRDA:307,83,0,2
BRDA:307,83,1,1
BRDA:323,84,0,2
BRDA:323,84,1,1
BRDA:324,85,0,2
BRDA:324,85,1,2
BRDA:328,86,0,1
BRDA:328,86,1,1
BRDA:332,87,0,0
BRDA:332,87,1,2
BRDA:336,88,0,1
BRDA:336,88,1,1
BRDA:341,89,0,1
BRDA:341,89,1,1
BRDA:351,90,0,6
BRDA:351,90,1,0
BRDA:361,91,0,1
BRDA:361,91,1,0
BRDA:361,92,0,1
BRDA:361,92,1,1
BRDA:362,93,0,0
BRDA:362,93,1,1
BRDA:362,94,0,1
BRDA:362,94,1,1
BRDA:365,95,0,0
BRDA:365,95,1,1
BRDA:368,96,0,0
BRDA:368,96,1,1
BRDA:404,97,0,3
BRDA:404,97,1,0
BRDA:404,98,0,3
BRDA:404,98,1,3
BRDA:405,99,0,3
BRDA:405,99,1,0
BRDA:405,100,0,3
BRDA:405,100,1,3
BRDA:406,101,0,0
BRDA:406,101,1,3
BRDA:407,102,0,1
BRDA:407,102,1,2
BRDA:410,103,0,1
BRDA:410,103,1,1
BRDA:432,104,0,1
BRDA:432,104,1,0
BRDA:432,105,0,1
BRDA:432,105,1,1
BRDA:433,106,0,0
BRDA:433,106,1,1
BRDA:436,107,0,0
BRDA:436,107,1,1
BRDA:460,108,0,0
BRDA:460,108,1,3
BRDA:461,109,0,2
BRDA:461,109,1,1
BRDA:464,110,0,0
BRDA:464,110,1,1
BRDA:464,111,0,1
BRDA:464,111,1,1
BRDA:483,112,0,0
BRDA:483,112,1,0
BRDA:493,113,0,0
BRDA:493,113,1,0
BRDA:499,114,0,0
BRDA:499,114,1,0
BRDA:502,115,0,0
BRDA:502,115,1,0
BRDA:509,116,0,0
BRDA:509,116,1,0
BRDA:518,117,0,0
BRDA:518,117,1,0
BRDA:529,118,0,0
BRDA:529,118,1,0
BRDA:530,119,0,0
BRDA:530,119,1,0
BRDA:532,120,0,0
BRDA:532,120,1,0
BRDA:532,121,0,0
BRDA:532,121,1,0
BRDA:533,122,0,0
BRDA:533,122,1,0
BRDA:533,123,0,0
BRDA:533,123,1,0
BRDA:537,124,0,0
BRDA:537,124,1,0
BRDA:546,125,0,0
BRDA:546,125,1,0
BRDA:548,126,0,0
BRDA:548,126,1,0
BRDA:553,127,0,0
BRDA:553,127,1,0
BRDA:567,128,0,0
BRDA:567,128,1,0
BRDA:577,129,0,0
BRDA:577,129,1,0
BRDA:577,130,0,0
BRDA:577,130,1,0
BRDA:592,131,0,0
BRDA:592,131,1,0
BRDA:690,132,0,0
BRDA:690,132,1,0
BRDA:730,133,0,0
BRDA:730,133,1,0
BRDA:783,134,0,1
BRDA:783,134,1,1
BRDA:783,134,2,1
BRDA:803,135,0,0
BRDA:803,135,1,0
BRDA:897,136,0,0
BRDA:897,136,1,1
BRDA:928,137,0,0
BRDA:928,137,1,0
BRDA:933,138,0,0
BRDA:933,138,1,0
BRDA:951,139,0,0
BRDA:951,139,1,0
BRDA:963,140,0,0
BRDA:963,140,1,0
BRDA:975,141,0,0
BRDA:975,141,1,0
BRDA:975,142,0,0
BRDA:975,142,1,0
BRDA:976,143,0,0
BRDA:976,143,1,0
BRDA:981,144,0,0
BRDA:981,144,1,0
BRDA:985,145,0,0
BRDA:985,145,1,0
BRDA:985,146,0,0
BRDA:985,146,1,0
BRDA:986,147,0,0
BRDA:986,147,1,0
BRDA:986,148,0,0
BRDA:986,148,1,0
BRDA:989,149,0,0
BRDA:989,149,1,0
BRDA:989,150,0,0
BRDA:989,150,1,0
BRDA:994,151,0,0
BRDA:994,151,1,0
BRDA:994,152,0,0
BRDA:994,152,1,0
BRDA:1002,153,0,0
BRDA:1002,153,1,0
BRDA:1004,154,0,0
BRDA:1004,154,1,0
BRDA:1007,155,0,0
BRDA:1007,155,1,0
BRDA:1008,156,0,0
BRDA:1008,156,1,0
BRDA:1009,157,0,0
BRDA:1009,157,1,0
BRDA:1025,158,0,0
BRDA:1025,158,1,0
BRDA:1031,159,0,0
BRDA:1031,159,1,0
BRDA:1032,160,0,0
BRDA:1032,160,1,0
BRDA:1045,161,0,0
BRDA:1045,161,1,0
BRDA:1045,162,0,0
BRDA:1045,162,1,0
BRDA:1046,163,0,0
BRDA:1046,163,1,0
BRDA:1051,164,0,0
BRDA:1051,164,1,0
BRDA:1055,165,0,0
BRDA:1055,165,1,0
BRDA:1055,166,0,0
BRDA:1055,166,1,0
BRDA:1056,167,0,0
BRDA:1056,167,1,0
BRDA:1056,168,0,0
BRDA:1056,168,1,0
BRDA:1057,169,0,0
BRDA:1057,169,1,0
BRDA:1057,170,0,0
BRDA:1057,170,1,0
BRDA:1062,171,0,0
BRDA:1062,171,1,0
BRDA:1062,172,0,0
BRDA:1062,172,1,0
BRDA:1069,173,0,0
BRDA:1069,173,1,0
BRDA:1069,174,0,0
BRDA:1069,174,1,0
BRDA:1073,175,0,0
BRDA:1073,175,1,0
BRDA:1084,176,0,0
BRDA:1084,176,1,0
BRDA:1093,177,0,0
BRDA:1093,177,1,0
BRDA:1108,178,0,0
BRDA:1108,178,1,0
BRDA:1108,179,0,0
BRDA:1108,179,1,0
BRDA:1148,180,0,0
BRDA:1148,180,1,0
BRDA:1148,181,0,0
BRDA:1148,181,1,0
BRDA:1149,182,0,0
BRDA:1149,182,1,0
BRDA:1183,183,0,0
BRDA:1183,183,1,1
BRDA:1183,184,0,1
BRDA:1183,184,1,1
BRDA:1184,185,0,0
BRDA:1184,185,1,1
BRDA:1184,186,0,1
BRDA:1184,186,1,1
BRDA:1185,187,0,0
BRDA:1185,187,1,1
BRDA:1188,188,0,0
BRDA:1188,188,1,1
BRDA:1188,189,0,1
BRDA:1188,189,1,1
BRDA:1190,190,0,0
BRDA:1190,190,1,0
BRDA:1195,191,0,0
BRDA:1195,191,1,1
BRDA:1195,192,0,1
BRDA:1195,192,1,1
BRDA:1197,193,0,1
BRDA:1197,193,1,0
BRDA:1199,194,0,1
BRDA:1199,194,1,0
BRDA:1204,195,0,0
BRDA:1204,195,1,1
BRDA:1206,196,0,1
BRDA:1206,196,1,1
BRDA:1206,197,0,0
BRDA:1206,197,1,1
BRDA:1208,198,0,0
BRDA:1208,198,1,1
BRDA:1213,199,0,0
BRDA:1213,199,1,1
BRDA:1214,200,0,0
BRDA:1214,200,1,1
BRDA:1214,201,0,0
BRDA:1214,201,1,0
BRDA:1242,202,0,0
BRDA:1242,202,1,0
BRDA:1288,203,0,0
BRDA:1288,203,1,3
BRDA:1302,204,0,0
BRDA:1302,204,1,3
BRF:416
BRH:188
end_of_record
TN:
SF:src\realData.js
FN:3,(anonymous_0)
FN:124,populateRealData
FN:165,(anonymous_2)
FNF:3
FNH:0
FNDA:0,(anonymous_0)
FNDA:0,populateRealData
FNDA:0,(anonymous_2)
DA:1,3
DA:3,3
DA:4,0
DA:10,3
DA:17,3
DA:50,3
DA:77,3
DA:125,0
DA:126,0
DA:127,0
DA:128,0
DA:129,0
DA:132,0
DA:133,0
DA:134,0
DA:136,0
DA:137,0
DA:145,0
DA:146,0
DA:147,0
DA:153,0
DA:154,0
DA:155,0
DA:156,0
DA:157,0
DA:164,0
DA:165,0
DA:166,0
DA:167,0
DA:168,0
DA:169,0
DA:171,0
DA:172,0
DA:173,0
DA:174,0
DA:177,0
DA:178,0
DA:183,0
DA:184,0
DA:187,0
DA:189,0
DA:190,0
DA:191,0
DA:193,0
DA:194,0
DA:195,0
DA:197,0
DA:198,0
DA:199,0
DA:200,0
DA:205,0
DA:207,0
DA:214,0
DA:216,0
DA:217,0
DA:218,0
DA:219,0
DA:222,0
DA:223,0
DA:232,0
DA:234,0
DA:235,0
DA:239,0
DA:242,0
DA:248,0
DA:251,3
LF:66
LH:7
BRDA:4,0,0,0
BRDA:4,0,1,0
BRDA:124,1,0,0
BRDA:124,2,0,0
BRDA:128,3,0,0
BRDA:128,3,1,0
BRDA:128,4,0,0
BRDA:128,4,1,0
BRDA:128,4,2,0
BRDA:128,5,0,0
BRDA:128,5,1,0
BRDA:128,6,0,0
BRDA:128,6,1,0
BRDA:128,7,0,0
BRDA:128,7,1,0
BRDA:139,8,0,0
BRDA:139,8,1,0
BRDA:166,9,0,0
BRDA:166,9,1,0
BRDA:167,10,0,0
BRDA:167,10,1,0
BRDA:169,11,0,0
BRDA:169,11,1,0
BRDA:172,12,0,0
BRDA:172,12,1,0
BRDA:191,13,0,0
BRDA:191,13,1,0
BRDA:194,14,0,0
BRDA:194,14,1,0
BRDA:195,15,0,0
BRDA:195,15,1,0
BRDA:197,16,0,0
BRDA:197,16,1,0
BRDA:198,17,0,0
BRDA:198,17,1,0
BRDA:217,18,0,0
BRDA:217,18,1,0
BRDA:219,19,0,0
BRDA:219,19,1,0
BRF:39
BRH:0
end_of_record
TN:
SF:src\seed.js
FN:7,seedDatabase
FN:16,(anonymous_1)
FN:24,(anonymous_2)
FN:31,(anonymous_3)
FN:37,(anonymous_4)
FN:79,(anonymous_5)
FN:82,(anonymous_6)
FN:86,(anonymous_7)
FN:111,(anonymous_8)
FN:119,(anonymous_9)
FN:119,(anonymous_10)
FN:126,(anonymous_11)
FN:280,(anonymous_12)
FN:349,(anonymous_13)
FN:350,(anonymous_14)
FN:547,(anonymous_15)
FN:557,(anonymous_16)
FN:730,(anonymous_17)
FN:732,(anonymous_18)
FN:734,(anonymous_19)
FN:735,(anonymous_20)
FN:743,seed
FN:756,(anonymous_22)
FNF:23
FNH:0
FNDA:0,seedDatabase
FNDA:0,(anonymous_1)
FNDA:0,(anonymous_2)
FNDA:0,(anonymous_3)
FNDA:0,(anonymous_4)
FNDA:0,(anonymous_5)
FNDA:0,(anonymous_6)
FNDA:0,(anonymous_7)
FNDA:0,(anonymous_8)
FNDA:0,(anonymous_9)
FNDA:0,(anonymous_10)
FNDA:0,(anonymous_11)
FNDA:0,(anonymous_12)
FNDA:0,(anonymous_13)
FNDA:0,(anonymous_14)
FNDA:0,(anonymous_15)
FNDA:0,(anonymous_16)
FNDA:0,(anonymous_17)
FNDA:0,(anonymous_18)
FNDA:0,(anonymous_19)
FNDA:0,(anonymous_20)
FNDA:0,seed
FNDA:0,(anonymous_22)
DA:1,3
DA:2,3
DA:3,3
DA:4,3
DA:5,3
DA:8,0
DA:9,0
DA:10,0
DA:12,0
DA:13,0
DA:14,0
DA:16,0
DA:17,0
DA:18,0
DA:19,0
DA:21,0
DA:24,0
DA:27,0
DA:28,0
DA:29,0
DA:31,0
DA:33,0
DA:34,0
DA:37,0
DA:39,0
DA:40,0
DA:43,0
DA:44,0
DA:45,0
DA:48,0
DA:49,0
DA:51,0
DA:52,0
DA:53,0
DA:55,0
DA:56,0
DA:59,0
DA:63,0
DA:64,0
DA:65,0
DA:66,0
DA:69,0
DA:70,0
DA:71,0
DA:72,0
DA:76,0
DA:79,0
DA:80,0
DA:81,0
DA:82,0
DA:83,0
DA:84,0
DA:86,0
DA:87,0
DA:88,0
DA:91,0
DA:92,0
DA:93,0
DA:94,0
DA:95,0
DA:97,0
DA:98,0
DA:99,0
DA:100,0
DA:101,0
DA:102,0
DA:104,0
DA:108,0
DA:111,0
DA:112,0
DA:119,0
DA:120,0
DA:121,0
DA:123,0
DA:126,0
DA:128,0
DA:129,0
DA:131,0
DA:132,0
DA:135,0
DA:136,0
DA:138,0
DA:139,0
DA:140,0
DA:141,0
DA:142,0
DA:143,0
DA:145,0
DA:146,0
DA:165,0
DA:166,0
DA:167,0
DA:168,0
DA:169,0
DA:170,0
DA:172,0
DA:173,0
DA:174,0
DA:177,0
DA:178,0
DA:179,0
DA:180,0
DA:181,0
DA:184,0
DA:185,0
DA:187,0
DA:202,0
DA:203,0
DA:204,0
DA:205,0
DA:207,0
DA:208,0
DA:209,0
DA:210,0
DA:211,0
DA:212,0
DA:213,0
DA:215,0
DA:217,0
DA:231,0
DA:232,0
DA:233,0
DA:234,0
DA:236,0
DA:257,0
DA:258,0
DA:259,0
DA:267,0
DA:280,0
DA:281,0
DA:282,0
DA:284,0
DA:285,0
DA:287,0
DA:288,0
DA:289,0
DA:290,0
DA:291,0
DA:292,0
DA:294,0
DA:295,0
DA:314,0
DA:315,0
DA:316,0
DA:317,0
DA:318,0
DA:320,0
DA:321,0
DA:322,0
DA:323,0
DA:324,0
DA:325,0
DA:326,0
DA:327,0
DA:328,0
DA:329,0
DA:330,0
DA:332,0
DA:333,0
DA:336,0
DA:337,0
DA:338,0
DA:340,0
DA:341,0
DA:347,0
DA:348,0
DA:349,0
DA:350,0
DA:351,0
DA:352,0
DA:353,0
DA:354,0
DA:355,0
DA:356,0
DA:357,0
DA:358,0
DA:362,0
DA:364,0
DA:365,0
DA:367,0
DA:379,0
DA:380,0
DA:381,0
DA:382,0
DA:384,0
DA:385,0
DA:386,0
DA:387,0
DA:388,0
DA:389,0
DA:390,0
DA:391,0
DA:393,0
DA:407,0
DA:408,0
DA:409,0
DA:410,0
DA:412,0
DA:433,0
DA:434,0
DA:435,0
DA:436,0
DA:437,0
DA:446,0
DA:458,0
DA:461,0
DA:468,0
DA:469,0
DA:470,0
DA:471,0
DA:472,0
DA:479,0
DA:483,0
DA:485,0
DA:489,0
DA:490,0
DA:491,0
DA:492,0
DA:493,0
DA:494,0
DA:495,0
DA:496,0
DA:497,0
DA:498,0
DA:499,0
DA:500,0
DA:501,0
DA:502,0
DA:503,0
DA:505,0
DA:506,0
DA:509,0
DA:510,0
DA:517,0
DA:519,0
DA:520,0
DA:522,0
DA:524,0
DA:525,0
DA:526,0
DA:527,0
DA:528,0
DA:529,0
DA:531,0
DA:532,0
DA:537,0
DA:538,0
DA:541,0
DA:542,0
DA:544,0
DA:547,0
DA:548,0
DA:549,0
DA:554,0
DA:557,0
DA:558,0
DA:559,0
DA:568,0
DA:570,0
DA:571,0
DA:572,0
DA:573,0
DA:581,0
DA:582,0
DA:584,0
DA:585,0
DA:586,0
DA:587,0
DA:588,0
DA:590,0
DA:591,0
DA:594,0
DA:595,0
DA:596,0
DA:597,0
DA:604,0
DA:606,0
DA:615,0
DA:616,0
DA:618,0
DA:620,0
DA:621,0
DA:622,0
DA:623,0
DA:626,0
DA:627,0
DA:628,0
DA:629,0
DA:630,0
DA:634,0
DA:635,0
DA:636,0
DA:652,0
DA:659,0
DA:660,0
DA:661,0
DA:665,0
DA:666,0
DA:671,0
DA:672,0
DA:673,0
DA:674,0
DA:683,0
DA:684,0
DA:685,0
DA:689,0
DA:693,0
DA:694,0
DA:702,0
DA:703,0
DA:704,0
DA:713,0
DA:725,0
DA:726,0
DA:727,0
DA:728,0
DA:729,0
DA:730,0
DA:731,0
DA:732,0
DA:733,0
DA:734,0
DA:735,0
DA:737,0
DA:738,0
DA:744,0
DA:745,0
DA:746,0
DA:747,0
DA:749,0
DA:753,3
DA:755,3
DA:756,0
DA:757,0
DA:758,0
LF:335
LH:7
BRDA:44,0,0,0
BRDA:44,0,1,0
BRDA:44,0,2,0
BRDA:45,1,0,0
BRDA:45,1,1,0
BRDA:46,2,0,0
BRDA:46,2,1,0
BRDA:51,3,0,0
BRDA:51,3,1,0
BRDA:63,4,0,0
BRDA:63,4,1,0
BRDA:63,5,0,0
BRDA:63,5,1,0
BRDA:64,6,0,0
BRDA:64,6,1,0
BRDA:69,7,0,0
BRDA:69,7,1,0
BRDA:69,8,0,0
BRDA:69,8,1,0
BRDA:70,9,0,0
BRDA:70,9,1,0
BRDA:94,10,0,0
BRDA:94,10,1,0
BRDA:101,11,0,0
BRDA:101,11,1,0
BRDA:120,12,0,0
BRDA:120,12,1,0
BRDA:129,13,0,0
BRDA:129,13,1,0
BRDA:131,14,0,0
BRDA:131,14,1,0
BRDA:131,15,0,0
BRDA:131,15,1,0
BRDA:166,16,0,0
BRDA:166,16,1,0
BRDA:170,17,0,0
BRDA:170,17,1,0
BRDA:174,18,0,0
BRDA:174,18,1,0
BRDA:224,19,0,0
BRDA:224,19,1,0
BRDA:225,20,0,0
BRDA:225,20,1,0
BRDA:226,21,0,0
BRDA:226,21,1,0
BRDA:227,22,0,0
BRDA:227,22,1,0
BRDA:231,23,0,0
BRDA:231,23,1,0
BRDA:232,24,0,0
BRDA:232,24,1,0
BRDA:282,25,0,0
BRDA:282,25,1,0
BRDA:315,26,0,0
BRDA:315,26,1,0
BRDA:326,27,0,0
BRDA:326,27,1,0
BRDA:326,28,0,0
BRDA:326,28,1,0
BRDA:327,29,0,0
BRDA:327,29,1,0
BRDA:328,30,0,0
BRDA:328,30,1,0
BRDA:328,31,0,0
BRDA:328,31,1,0
BRDA:336,32,0,0
BRDA:336,32,1,0
BRDA:336,33,0,0
BRDA:336,33,1,0
BRDA:347,34,0,0
BRDA:347,34,1,0
BRDA:348,35,0,0
BRDA:348,35,1,0
BRDA:352,36,0,0
BRDA:352,36,1,0
BRDA:352,36,2,0
BRDA:353,37,0,0
BRDA:353,37,1,0
BRDA:353,38,0,0
BRDA:353,38,1,0
BRDA:356,39,0,0
BRDA:356,39,1,0
BRDA:356,40,0,0
BRDA:356,40,1,0
BRDA:387,41,0,0
BRDA:387,41,1,0
BRDA:400,42,0,0
BRDA:400,42,1,0
BRDA:401,43,0,0
BRDA:401,43,1,0
BRDA:402,44,0,0
BRDA:402,44,1,0
BRDA:402,45,0,0
BRDA:402,45,1,0
BRDA:403,46,0,0
BRDA:403,46,1,0
BRDA:403,47,0,0
BRDA:403,47,1,0
BRDA:407,48,0,0
BRDA:407,48,1,0
BRDA:408,49,0,0
BRDA:408,49,1,0
BRDA:433,50,0,0
BRDA:433,50,1,0
BRDA:509,51,0,0
BRDA:509,51,1,0
BRDA:519,52,0,0
BRDA:519,52,1,0
BRDA:590,53,0,0
BRDA:590,53,1,0
BRDA:596,54,0,0
BRDA:596,54,1,0
BRDA:618,55,0,0
BRDA:618,55,1,0
BRDA:622,56,0,0
BRDA:622,56,1,0
BRDA:683,57,0,0
BRDA:683,57,1,0
BRDA:683,58,0,0
BRDA:683,58,1,0
BRDA:755,59,0,0
BRDA:755,59,1,3
BRF:122
BRH:1
end_of_record
TN:
SF:src\models\fixture.js
FN:3,startOfDayUtc
FN:7,dateKeyUtc
FN:15,addDaysUtc
FN:21,weekdayIso1to7Utc
FN:27,nthWeekdayOfMonthUtc
FN:36,lastWeekdayOfMonthUtc
FN:43,easterSundayUtc
FN:62,observedIfWeekendUtc
FN:69,getIrishPublicHolidayKeysUtc
FN:104,isChristmasBlackoutUtc
FN:116,buildAllowedDatesUtc
FN:146,buildRoundRobinRounds
FN:177,frontLoadedTargetIndices
FN:191,(anonymous_13)
FN:195,(anonymous_14)
FN:253,(anonymous_15)
FN:279,(anonymous_16)
FN:327,(anonymous_17)
FN:364,(anonymous_18)
FN:367,(anonymous_19)
FN:408,(anonymous_20)
FN:448,(anonymous_21)
FN:478,(anonymous_22)
FN:545,(anonymous_23)
FN:672,(anonymous_24)
FN:704,(anonymous_25)
FN:718,(anonymous_26)
FN:750,(anonymous_27)
FN:954,(anonymous_28)
FN:976,(anonymous_29)
FN:993,(anonymous_30)
FN:1008,(anonymous_31)
FN:1030,(anonymous_32)
FN:1031,(anonymous_33)
FN:1032,(anonymous_34)
FN:1032,(anonymous_35)
FN:1056,(anonymous_36)
FN:1139,(anonymous_37)
FN:1150,(anonymous_38)
FN:1172,(anonymous_39)
FN:1189,(anonymous_40)
FN:1203,(anonymous_41)
FN:1205,(anonymous_42)
FN:1205,(anonymous_43)
FN:1206,(anonymous_44)
FN:1206,(anonymous_45)
FN:1259,(anonymous_46)
FN:1289,(anonymous_47)
FN:1309,(anonymous_48)
FN:1384,(anonymous_49)
FN:1401,(anonymous_50)
FN:1405,(anonymous_51)
FN:1429,(anonymous_52)
FN:1438,(anonymous_53)
FN:1511,(anonymous_54)
FN:1521,(anonymous_55)
FN:1522,(anonymous_56)
FN:1524,(anonymous_57)
FN:1525,(anonymous_58)
FN:1528,(anonymous_59)
FNF:60
FNH:1
FNDA:0,startOfDayUtc
FNDA:0,dateKeyUtc
FNDA:0,addDaysUtc
FNDA:0,weekdayIso1to7Utc
FNDA:0,nthWeekdayOfMonthUtc
FNDA:0,lastWeekdayOfMonthUtc
FNDA:0,easterSundayUtc
FNDA:0,observedIfWeekendUtc
FNDA:0,getIrishPublicHolidayKeysUtc
FNDA:0,isChristmasBlackoutUtc
FNDA:0,buildAllowedDatesUtc
FNDA:0,buildRoundRobinRounds
FNDA:0,frontLoadedTargetIndices
FNDA:3,(anonymous_13)
FNDA:0,(anonymous_14)
FNDA:0,(anonymous_15)
FNDA:0,(anonymous_16)
FNDA:0,(anonymous_17)
FNDA:0,(anonymous_18)
FNDA:0,(anonymous_19)
FNDA:0,(anonymous_20)
FNDA:0,(anonymous_21)
FNDA:0,(anonymous_22)
FNDA:0,(anonymous_23)
FNDA:0,(anonymous_24)
FNDA:0,(anonymous_25)
FNDA:0,(anonymous_26)
FNDA:0,(anonymous_27)
FNDA:0,(anonymous_28)
FNDA:0,(anonymous_29)
FNDA:0,(anonymous_30)
FNDA:0,(anonymous_31)
FNDA:0,(anonymous_32)
FNDA:0,(anonymous_33)
FNDA:0,(anonymous_34)
FNDA:0,(anonymous_35)
FNDA:0,(anonymous_36)
FNDA:0,(anonymous_37)
FNDA:0,(anonymous_38)
FNDA:0,(anonymous_39)
FNDA:0,(anonymous_40)
FNDA:0,(anonymous_41)
FNDA:0,(anonymous_42)
FNDA:0,(anonymous_43)
FNDA:0,(anonymous_44)
FNDA:0,(anonymous_45)
FNDA:0,(anonymous_46)
FNDA:0,(anonymous_47)
FNDA:0,(anonymous_48)
FNDA:0,(anonymous_49)
FNDA:0,(anonymous_50)
FNDA:0,(anonymous_51)
FNDA:0,(anonymous_52)
FNDA:0,(anonymous_53)
FNDA:0,(anonymous_54)
FNDA:0,(anonymous_55)
FNDA:0,(anonymous_56)
FNDA:0,(anonymous_57)
FNDA:0,(anonymous_58)
FNDA:0,(anonymous_59)
DA:1,3
DA:4,0
DA:8,0
DA:9,0
DA:10,0
DA:11,0
DA:12,0
DA:16,0
DA:17,0
DA:18,0
DA:23,0
DA:24,0
DA:29,0
DA:30,0
DA:31,0
DA:32,0
DA:33,0
DA:37,0
DA:38,0
DA:39,0
DA:40,0
DA:45,0
DA:46,0
DA:47,0
DA:48,0
DA:49,0
DA:50,0
DA:51,0
DA:52,0
DA:53,0
DA:54,0
DA:55,0
DA:56,0
DA:57,0
DA:58,0
DA:59,0
DA:63,0
DA:64,0
DA:65,0
DA:66,0
DA:70,0
DA:73,0
DA:76,0
DA:79,0
DA:82,0
DA:83,0
DA:86,0
DA:89,0
DA:92,0
DA:95,0
DA:98,0
DA:99,0
DA:101,0
DA:105,0
DA:106,0
DA:107,0
DA:108,0
DA:110,0
DA:111,0
DA:112,0
DA:113,0
DA:117,0
DA:118,0
DA:119,0
DA:121,0
DA:123,0
DA:124,0
DA:126,0
DA:127,0
DA:128,0
DA:131,0
DA:132,0
DA:133,0
DA:135,0
DA:136,0
DA:137,0
DA:138,0
DA:140,0
DA:141,0
DA:143,0
DA:147,0
DA:148,0
DA:151,0
DA:152,0
DA:154,0
DA:155,0
DA:156,0
DA:158,0
DA:159,0
DA:160,0
DA:161,0
DA:162,0
DA:163,0
DA:165,0
DA:168,0
DA:169,0
DA:170,0
DA:171,0
DA:174,0
DA:178,0
DA:179,0
DA:180,0
DA:181,0
DA:182,0
DA:183,0
DA:184,0
DA:185,0
DA:187,0
DA:192,3
DA:196,0
DA:197,0
DA:199,0
DA:200,0
DA:202,0
DA:204,0
DA:205,0
DA:208,0
DA:209,0
DA:210,0
DA:212,0
DA:213,0
DA:215,0
DA:216,0
DA:221,0
DA:223,0
DA:237,0
DA:239,0
DA:240,0
DA:244,0
DA:248,0
DA:250,0
DA:254,0
DA:255,0
DA:257,0
DA:262,0
DA:263,0
DA:264,0
DA:269,0
DA:272,0
DA:276,0
DA:280,0
DA:282,0
DA:283,0
DA:284,0
DA:287,0
DA:288,0
DA:289,0
DA:290,0
DA:294,0
DA:296,0
DA:298,0
DA:299,0
DA:300,0
DA:301,0
DA:304,0
DA:305,0
DA:306,0
DA:307,0
DA:308,0
DA:311,0
DA:312,0
DA:313,0
DA:317,0
DA:318,0
DA:319,0
DA:320,0
DA:324,0
DA:335,0
DA:336,0
DA:337,0
DA:340,0
DA:342,0
DA:349,0
DA:350,0
DA:351,0
DA:352,0
DA:353,0
DA:354,0
DA:357,0
DA:364,0
DA:365,0
DA:367,0
DA:368,0
DA:369,0
DA:371,0
DA:372,0
DA:373,0
DA:374,0
DA:376,0
DA:377,0
DA:378,0
DA:379,0
DA:380,0
DA:382,0
DA:384,0
DA:385,0
DA:388,0
DA:389,0
DA:390,0
DA:391,0
DA:392,0
DA:393,0
DA:396,0
DA:399,0
DA:403,0
DA:407,0
DA:408,0
DA:409,0
DA:412,0
DA:413,0
DA:415,0
DA:417,0
DA:418,0
DA:419,0
DA:420,0
DA:423,0
DA:432,0
DA:433,0
DA:434,0
DA:435,0
DA:436,0
DA:438,0
DA:449,0
DA:456,0
DA:457,0
DA:458,0
DA:460,0
DA:469,0
DA:479,0
DA:485,0
DA:487,0
DA:488,0
DA:489,0
DA:492,0
DA:493,0
DA:494,0
DA:495,0
DA:497,0
DA:504,0
DA:505,0
DA:506,0
DA:509,0
DA:510,0
DA:511,0
DA:513,0
DA:520,0
DA:521,0
DA:522,0
DA:523,0
DA:525,0
DA:526,0
DA:528,0
DA:537,0
DA:552,0
DA:554,0
DA:555,0
DA:557,0
DA:558,0
DA:559,0
DA:562,0
DA:563,0
DA:564,0
DA:565,0
DA:567,0
DA:568,0
DA:571,0
DA:572,0
DA:575,0
DA:576,0
DA:577,0
DA:578,0
DA:579,0
DA:580,0
DA:581,0
DA:584,0
DA:590,0
DA:594,0
DA:595,0
DA:596,0
DA:597,0
DA:598,0
DA:599,0
DA:600,0
DA:601,0
DA:602,0
DA:612,0
DA:613,0
DA:614,0
DA:615,0
DA:620,0
DA:621,0
DA:622,0
DA:623,0
DA:625,0
DA:626,0
DA:627,0
DA:633,0
DA:636,0
DA:637,0
DA:638,0
DA:640,0
DA:641,0
DA:643,0
DA:644,0
DA:645,0
DA:647,0
DA:648,0
DA:654,0
DA:659,0
DA:668,0
DA:669,0
DA:673,0
DA:674,0
DA:676,0
DA:680,0
DA:682,0
DA:701,0
DA:705,0
DA:712,0
DA:713,0
DA:714,0
DA:719,0
DA:721,0
DA:722,0
DA:725,0
DA:726,0
DA:728,0
DA:729,0
DA:732,0
DA:736,0
DA:737,0
DA:740,0
DA:741,0
DA:747,0
DA:753,0
DA:754,0
DA:756,0
DA:757,0
DA:758,0
DA:759,0
DA:760,0
DA:762,0
DA:763,0
DA:764,0
DA:767,0
DA:955,0
DA:968,0
DA:970,0
DA:971,0
DA:973,0
DA:977,0
DA:978,0
DA:980,0
DA:982,0
DA:990,0
DA:994,0
DA:996,0
DA:997,0
DA:1000,0
DA:1001,0
DA:1002,0
DA:1005,0
DA:1008,0
DA:1012,0
DA:1013,0
DA:1016,0
DA:1017,0
DA:1018,0
DA:1019,0
DA:1021,0
DA:1022,0
DA:1025,0
DA:1026,0
DA:1027,0
DA:1030,0
DA:1031,0
DA:1032,0
DA:1033,0
DA:1035,0
DA:1036,0
DA:1037,0
DA:1039,0
DA:1041,0
DA:1042,0
DA:1044,0
DA:1045,0
DA:1046,0
DA:1047,0
DA:1049,0
DA:1050,0
DA:1052,0
DA:1053,0
DA:1055,0
DA:1056,0
DA:1057,0
DA:1058,0
DA:1060,0
DA:1061,0
DA:1062,0
DA:1063,0
DA:1065,0
DA:1066,0
DA:1067,0
DA:1068,0
DA:1069,0
DA:1071,0
DA:1072,0
DA:1074,0
DA:1075,0
DA:1076,0
DA:1077,0
DA:1078,0
DA:1082,0
DA:1086,0
DA:1089,0
DA:1091,0
DA:1092,0
DA:1093,0
DA:1094,0
DA:1098,0
DA:1101,0
DA:1105,0
DA:1106,0
DA:1109,0
DA:1110,0
DA:1113,0
DA:1114,0
DA:1117,0
DA:1118,0
DA:1119,0
DA:1120,0
DA:1121,0
DA:1122,0
DA:1124,0
DA:1136,0
DA:1140,0
DA:1151,0
DA:1152,0
DA:1155,0
DA:1157,0
DA:1158,0
DA:1160,0
DA:1161,0
DA:1164,0
DA:1165,0
DA:1172,0
DA:1173,0
DA:1174,0
DA:1175,0
DA:1179,0
DA:1180,0
DA:1181,0
DA:1185,0
DA:1187,0
DA:1188,0
DA:1189,0
DA:1190,0
DA:1192,0
DA:1199,0
DA:1200,0
DA:1204,0
DA:1205,0
DA:1206,0
DA:1208,0
DA:1209,0
DA:1212,0
DA:1213,0
DA:1214,0
DA:1217,0
DA:1218,0
DA:1219,0
DA:1220,0
DA:1221,0
DA:1222,0
DA:1224,0
DA:1239,0
DA:1240,0
DA:1260,0
DA:1276,0
DA:1277,0
DA:1286,0
DA:1290,0
DA:1291,0
DA:1294,0
DA:1296,0
DA:1297,0
DA:1298,0
DA:1301,0
DA:1302,0
DA:1309,0
DA:1310,0
DA:1311,0
DA:1312,0
DA:1313,0
DA:1314,0
DA:1315,0
DA:1317,0
DA:1318,0
DA:1319,0
DA:1320,0
DA:1325,0
DA:1330,0
DA:1331,0
DA:1335,0
DA:1337,0
DA:1338,0
DA:1340,0
DA:1341,0
DA:1342,0
DA:1343,0
DA:1346,0
DA:1352,0
DA:1353,0
DA:1356,0
DA:1359,0
DA:1363,0
DA:1364,0
DA:1365,0
DA:1367,0
DA:1377,0
DA:1379,0
DA:1381,0
DA:1385,0
DA:1386,0
DA:1389,0
DA:1391,0
DA:1392,0
DA:1393,0
DA:1395,0
DA:1401,0
DA:1403,0
DA:1404,0
DA:1405,0
DA:1406,0
DA:1407,0
DA:1408,0
DA:1409,0
DA:1411,0
DA:1412,0
DA:1413,0
DA:1415,0
DA:1416,0
DA:1418,0
DA:1419,0
DA:1422,0
DA:1423,0
DA:1424,0
DA:1427,0
DA:1428,0
DA:1429,0
DA:1430,0
DA:1431,0
DA:1433,0
DA:1437,0
DA:1438,0
DA:1439,0
DA:1440,0
DA:1442,0
DA:1446,0
DA:1448,0
DA:1449,0
DA:1451,0
DA:1452,0
DA:1453,0
DA:1454,0
DA:1457,0
DA:1463,0
DA:1464,0
DA:1466,0
DA:1467,0
DA:1471,0
DA:1472,0
DA:1473,0
DA:1475,0
DA:1485,0
DA:1486,0
DA:1488,0
DA:1490,0
DA:1491,0
DA:1492,0
DA:1493,0
DA:1494,0
DA:1499,0
DA:1500,0
DA:1502,0
DA:1503,0
DA:1506,0
DA:1508,0
DA:1512,0
DA:1513,0
DA:1514,0
DA:1521,0
DA:1522,0
DA:1524,0
DA:1525,0
DA:1527,0
DA:1528,0
DA:1529,0
DA:1530,0
DA:1532,0
DA:1536,0
DA:1550,3
LF:602
LH:3
BRDA:24,0,0,0
BRDA:24,0,1,0
BRDA:64,1,0,0
BRDA:64,1,1,0
BRDA:65,2,0,0
BRDA:65,2,1,0
BRDA:113,3,0,0
BRDA:113,3,1,0
BRDA:113,3,2,0
BRDA:113,3,3,0
BRDA:119,4,0,0
BRDA:119,4,1,0
BRDA:135,5,0,0
BRDA:135,5,1,0
BRDA:136,6,0,0
BRDA:136,6,1,0
BRDA:137,7,0,0
BRDA:137,7,1,0
BRDA:138,8,0,0
BRDA:138,8,1,0
BRDA:148,9,0,0
BRDA:148,9,1,0
BRDA:152,10,0,0
BRDA:152,10,1,0
BRDA:163,11,0,0
BRDA:163,11,1,0
BRDA:163,12,0,0
BRDA:163,12,1,0
BRDA:178,13,0,0
BRDA:178,13,1,0
BRDA:196,14,0,0
BRDA:196,14,1,0
BRDA:197,15,0,0
BRDA:197,15,1,0
BRDA:200,16,0,0
BRDA:200,16,1,0
BRDA:204,17,0,0
BRDA:204,17,1,0
BRDA:204,18,0,0
BRDA:204,18,1,0
BRDA:208,19,0,0
BRDA:208,19,1,0
BRDA:209,20,0,0
BRDA:209,20,1,0
BRDA:234,21,0,0
BRDA:234,21,1,0
BRDA:234,22,0,0
BRDA:234,22,1,0
BRDA:254,23,0,0
BRDA:254,23,1,0
BRDA:255,24,0,0
BRDA:255,24,1,0
BRDA:262,25,0,0
BRDA:262,25,1,0
BRDA:300,26,0,0
BRDA:300,26,1,0
BRDA:304,27,0,0
BRDA:304,27,1,0
BRDA:312,28,0,0
BRDA:312,28,1,0
BRDA:336,29,0,0
BRDA:336,29,1,0
BRDA:352,30,0,0
BRDA:352,30,1,0
BRDA:369,31,0,0
BRDA:369,31,1,0
BRDA:369,32,0,0
BRDA:369,32,1,0
BRDA:373,33,0,0
BRDA:373,33,1,0
BRDA:374,34,0,0
BRDA:374,34,1,0
BRDA:374,35,0,0
BRDA:374,35,1,0
BRDA:379,36,0,0
BRDA:379,36,1,0
BRDA:382,37,0,0
BRDA:382,37,1,0
BRDA:382,38,0,0
BRDA:382,38,1,0
BRDA:382,38,2,0
BRDA:384,39,0,0
BRDA:384,39,1,0
BRDA:384,40,0,0
BRDA:384,40,1,0
BRDA:385,41,0,0
BRDA:385,41,1,0
BRDA:385,42,0,0
BRDA:385,42,1,0
BRDA:388,43,0,0
BRDA:388,43,1,0
BRDA:388,44,0,0
BRDA:388,44,1,0
BRDA:391,45,0,0
BRDA:391,45,1,0
BRDA:396,46,0,0
BRDA:396,46,1,0
BRDA:412,47,0,0
BRDA:412,47,1,0
BRDA:412,48,0,0
BRDA:412,48,1,0
BRDA:413,49,0,0
BRDA:413,49,1,0
BRDA:418,50,0,0
BRDA:418,50,1,0
BRDA:418,51,0,0
BRDA:418,51,1,0
BRDA:420,52,0,0
BRDA:420,52,1,0
BRDA:424,53,0,0
BRDA:424,53,1,0
BRDA:426,54,0,0
BRDA:426,54,1,0
BRDA:427,55,0,0
BRDA:427,55,1,0
BRDA:432,56,0,0
BRDA:432,56,1,0
BRDA:434,57,0,0
BRDA:434,57,1,0
BRDA:435,58,0,0
BRDA:435,58,1,0
BRDA:436,59,0,0
BRDA:436,59,1,0
BRDA:457,60,0,0
BRDA:457,60,1,0
BRDA:458,61,0,0
BRDA:458,61,1,0
BRDA:458,62,0,0
BRDA:458,62,1,0
BRDA:466,63,0,0
BRDA:466,63,1,0
BRDA:485,64,0,0
BRDA:485,64,1,0
BRDA:488,65,0,0
BRDA:488,65,1,0
BRDA:489,66,0,0
BRDA:489,66,1,0
BRDA:489,67,0,0
BRDA:489,67,1,0
BRDA:492,68,0,0
BRDA:492,68,1,0
BRDA:492,69,0,0
BRDA:492,69,1,0
BRDA:493,70,0,0
BRDA:493,70,1,0
BRDA:493,71,0,0
BRDA:493,71,1,0
BRDA:494,72,0,0
BRDA:494,72,1,0
BRDA:494,73,0,0
BRDA:494,73,1,0
BRDA:495,74,0,0
BRDA:495,74,1,0
BRDA:504,75,0,0
BRDA:504,75,1,0
BRDA:506,76,0,0
BRDA:506,76,1,0
BRDA:510,77,0,0
BRDA:510,77,1,0
BRDA:511,78,0,0
BRDA:511,78,1,0
BRDA:517,79,0,0
BRDA:517,79,1,0
BRDA:517,80,0,0
BRDA:517,80,1,0
BRDA:521,81,0,0
BRDA:521,81,1,0
BRDA:522,82,0,0
BRDA:522,82,1,0
BRDA:523,83,0,0
BRDA:523,83,1,0
BRDA:523,84,0,0
BRDA:523,84,1,0
BRDA:526,85,0,0
BRDA:526,85,1,0
BRDA:534,86,0,0
BRDA:534,86,1,0
BRDA:545,87,0,0
BRDA:554,88,0,0
BRDA:554,88,1,0
BRDA:555,89,0,0
BRDA:555,89,1,0
BRDA:557,90,0,0
BRDA:557,90,1,0
BRDA:558,91,0,0
BRDA:558,91,1,0
BRDA:562,92,0,0
BRDA:562,92,1,0
BRDA:563,93,0,0
BRDA:563,93,1,0
BRDA:564,94,0,0
BRDA:564,94,1,0
BRDA:564,95,0,0
BRDA:564,95,1,0
BRDA:567,96,0,0
BRDA:567,96,1,0
BRDA:567,97,0,0
BRDA:567,97,1,0
BRDA:580,98,0,0
BRDA:580,98,1,0
BRDA:580,99,0,0
BRDA:580,99,1,0
BRDA:580,99,2,0
BRDA:588,100,0,0
BRDA:588,100,1,0
BRDA:588,101,0,0
BRDA:588,101,1,0
BRDA:597,102,0,0
BRDA:597,102,1,0
BRDA:600,103,0,0
BRDA:600,103,1,0
BRDA:601,104,0,0
BRDA:601,104,1,0
BRDA:625,105,0,0
BRDA:625,105,1,0
BRDA:625,106,0,0
BRDA:625,106,1,0
BRDA:625,106,2,0
BRDA:625,106,3,0
BRDA:625,106,4,0
BRDA:626,107,0,0
BRDA:626,107,1,0
BRDA:636,108,0,0
BRDA:636,108,1,0
BRDA:636,109,0,0
BRDA:636,109,1,0
BRDA:636,110,0,0
BRDA:636,110,1,0
BRDA:636,111,0,0
BRDA:636,111,1,0
BRDA:636,112,0,0
BRDA:636,112,1,0
BRDA:637,113,0,0
BRDA:637,113,1,0
BRDA:638,114,0,0
BRDA:638,114,1,0
BRDA:641,115,0,0
BRDA:641,115,1,0
BRDA:644,116,0,0
BRDA:644,116,1,0
BRDA:645,117,0,0
BRDA:645,117,1,0
BRDA:647,118,0,0
BRDA:647,118,1,0
BRDA:647,119,0,0
BRDA:647,119,1,0
BRDA:647,120,0,0
BRDA:647,120,1,0
BRDA:647,121,0,0
BRDA:647,121,1,0
BRDA:647,122,0,0
BRDA:647,122,1,0
BRDA:647,123,0,0
BRDA:647,123,1,0
BRDA:652,124,0,0
BRDA:652,124,1,0
BRDA:652,125,0,0
BRDA:652,125,1,0
BRDA:673,126,0,0
BRDA:673,126,1,0
BRDA:674,127,0,0
BRDA:674,127,1,0
BRDA:680,128,0,0
BRDA:680,128,1,0
BRDA:712,129,0,0
BRDA:712,129,1,0
BRDA:713,130,0,0
BRDA:713,130,1,0
BRDA:721,131,0,0
BRDA:721,131,1,0
BRDA:725,132,0,0
BRDA:725,132,1,0
BRDA:725,133,0,0
BRDA:725,133,1,0
BRDA:728,134,0,0
BRDA:728,134,1,0
BRDA:736,135,0,0
BRDA:736,135,1,0
BRDA:744,136,0,0
BRDA:744,136,1,0
BRDA:744,137,0,0
BRDA:744,137,1,0
BRDA:753,138,0,0
BRDA:753,138,1,0
BRDA:754,139,0,0
BRDA:754,139,1,0
BRDA:758,140,0,0
BRDA:758,140,1,0
BRDA:762,141,0,0
BRDA:762,141,1,0
BRDA:948,142,0,0
BRDA:948,142,1,0
BRDA:968,143,0,0
BRDA:968,143,1,0
BRDA:978,144,0,0
BRDA:978,144,1,0
BRDA:993,145,0,0
BRDA:996,146,0,0
BRDA:996,146,1,0
BRDA:1000,147,0,0
BRDA:1000,147,1,0
BRDA:1001,148,0,0
BRDA:1001,148,1,0
BRDA:1001,149,0,0
BRDA:1001,149,1,0
BRDA:1012,150,0,0
BRDA:1012,150,1,0
BRDA:1016,151,0,0
BRDA:1016,151,1,0
BRDA:1017,152,0,0
BRDA:1017,152,1,0
BRDA:1018,153,0,0
BRDA:1018,153,1,0
BRDA:1018,154,0,0
BRDA:1018,154,1,0
BRDA:1021,155,0,0
BRDA:1021,155,1,0
BRDA:1021,156,0,0
BRDA:1021,156,1,0
BRDA:1026,157,0,0
BRDA:1026,157,1,0
BRDA:1047,158,0,0
BRDA:1047,158,1,0
BRDA:1047,159,0,0
BRDA:1047,159,1,0
BRDA:1049,160,0,0
BRDA:1049,160,1,0
BRDA:1050,161,0,0
BRDA:1050,161,1,0
BRDA:1062,162,0,0
BRDA:1062,162,1,0
BRDA:1063,163,0,0
BRDA:1063,163,1,0
BRDA:1063,164,0,0
BRDA:1063,164,1,0
BRDA:1068,165,0,0
BRDA:1068,165,1,0
BRDA:1069,166,0,0
BRDA:1069,166,1,0
BRDA:1069,167,0,0
BRDA:1069,167,1,0
BRDA:1072,168,0,0
BRDA:1072,168,1,0
BRDA:1072,169,0,0
BRDA:1072,169,1,0
BRDA:1072,169,2,0
BRDA:1077,170,0,0
BRDA:1077,170,1,0
BRDA:1078,171,0,0
BRDA:1078,171,1,0
BRDA:1082,172,0,0
BRDA:1082,172,1,0
BRDA:1083,173,0,0
BRDA:1083,173,1,0
BRDA:1089,174,0,0
BRDA:1089,174,1,0
BRDA:1089,175,0,0
BRDA:1089,175,1,0
BRDA:1092,176,0,0
BRDA:1092,176,1,0
BRDA:1098,177,0,0
BRDA:1098,177,1,0
BRDA:1105,178,0,0
BRDA:1105,178,1,0
BRDA:1109,179,0,0
BRDA:1109,179,1,0
BRDA:1113,180,0,0
BRDA:1113,180,1,0
BRDA:1118,181,0,0
BRDA:1118,181,1,0
BRDA:1151,182,0,0
BRDA:1151,182,1,0
BRDA:1158,183,0,0
BRDA:1158,183,1,0
BRDA:1160,184,0,0
BRDA:1160,184,1,0
BRDA:1160,185,0,0
BRDA:1160,185,1,0
BRDA:1164,186,0,0
BRDA:1164,186,1,0
BRDA:1174,187,0,0
BRDA:1174,187,1,0
BRDA:1180,188,0,0
BRDA:1180,188,1,0
BRDA:1190,189,0,0
BRDA:1190,189,1,0
BRDA:1195,190,0,0
BRDA:1195,190,1,0
BRDA:1208,191,0,0
BRDA:1208,191,1,0
BRDA:1208,192,0,0
BRDA:1208,192,1,0
BRDA:1213,193,0,0
BRDA:1213,193,1,0
BRDA:1252,194,0,0
BRDA:1252,194,1,0
BRDA:1253,195,0,0
BRDA:1253,195,1,0
BRDA:1290,196,0,0
BRDA:1290,196,1,0
BRDA:1290,197,0,0
BRDA:1290,197,1,0
BRDA:1290,197,2,0
BRDA:1297,198,0,0
BRDA:1297,198,1,0
BRDA:1301,199,0,0
BRDA:1301,199,1,0
BRDA:1301,200,0,0
BRDA:1301,200,1,0
BRDA:1314,201,0,0
BRDA:1314,201,1,0
BRDA:1314,202,0,0
BRDA:1314,202,1,0
BRDA:1317,203,0,0
BRDA:1317,203,1,0
BRDA:1318,204,0,0
BRDA:1318,204,1,0
BRDA:1319,205,0,0
BRDA:1319,205,1,0
BRDA:1319,206,0,0
BRDA:1319,206,1,0
BRDA:1330,207,0,0
BRDA:1330,207,1,0
BRDA:1342,208,0,0
BRDA:1342,208,1,0
BRDA:1342,209,0,0
BRDA:1342,209,1,0
BRDA:1352,210,0,0
BRDA:1352,210,1,0
BRDA:1353,211,0,0
BRDA:1353,211,1,0
BRDA:1356,212,0,0
BRDA:1356,212,1,0
BRDA:1356,213,0,0
BRDA:1356,213,1,0
BRDA:1364,214,0,0
BRDA:1364,214,1,0
BRDA:1365,215,0,0
BRDA:1365,215,1,0
BRDA:1385,216,0,0
BRDA:1385,216,1,0
BRDA:1385,217,0,0
BRDA:1385,217,1,0
BRDA:1392,218,0,0
BRDA:1392,218,1,0
BRDA:1393,219,0,0
BRDA:1393,219,1,0
BRDA:1415,220,0,0
BRDA:1415,220,1,0
BRDA:1415,221,0,0
BRDA:1415,221,1,0
BRDA:1415,221,2,0
BRDA:1418,222,0,0
BRDA:1418,222,1,0
BRDA:1418,223,0,0
BRDA:1418,223,1,0
BRDA:1418,223,2,0
BRDA:1423,224,0,0
BRDA:1423,224,1,0
BRDA:1427,225,0,0
BRDA:1427,225,1,0
BRDA:1428,226,0,0
BRDA:1428,226,1,0
BRDA:1429,227,0,0
BRDA:1429,227,1,0
BRDA:1429,228,0,0
BRDA:1429,228,1,0
BRDA:1429,229,0,0
BRDA:1429,229,1,0
BRDA:1429,230,0,0
BRDA:1429,230,1,0
BRDA:1430,231,0,0
BRDA:1430,231,1,0
BRDA:1437,232,0,0
BRDA:1437,232,1,0
BRDA:1438,233,0,0
BRDA:1438,233,1,0
BRDA:1438,234,0,0
BRDA:1438,234,1,0
BRDA:1438,235,0,0
BRDA:1438,235,1,0
BRDA:1438,236,0,0
BRDA:1438,236,1,0
BRDA:1439,237,0,0
BRDA:1439,237,1,0
BRDA:1453,238,0,0
BRDA:1453,238,1,0
BRDA:1453,239,0,0
BRDA:1453,239,1,0
BRDA:1463,240,0,0
BRDA:1463,240,1,0
BRDA:1464,241,0,0
BRDA:1464,241,1,0
BRDA:1466,242,0,0
BRDA:1466,242,1,0
BRDA:1466,243,0,0
BRDA:1466,243,1,0
BRDA:1472,244,0,0
BRDA:1472,244,1,0
BRDA:1473,245,0,0
BRDA:1473,245,1,0
BRDA:1485,246,0,0
BRDA:1485,246,1,0
BRDA:1486,247,0,0
BRDA:1486,247,1,0
BRDA:1486,248,0,0
BRDA:1486,248,1,0
BRDA:1490,249,0,0
BRDA:1490,249,1,0
BRDA:1491,250,0,0
BRDA:1491,250,1,0
BRDA:1493,251,0,0
BRDA:1493,251,1,0
BRDA:1493,252,0,0
BRDA:1493,252,1,0
BRDA:1513,253,0,0
BRDA:1513,253,1,0
BRDA:1524,254,0,0
BRDA:1524,254,1,0
BRDA:1525,255,0,0
BRDA:1525,255,1,0
BRDA:1528,256,0,0
BRDA:1528,256,1,0
BRDA:1528,257,0,0
BRDA:1528,257,1,0
BRDA:1529,258,0,0
BRDA:1529,258,1,0
BRDA:1530,259,0,0
BRDA:1530,259,1,0
BRDA:1530,260,0,0
BRDA:1530,260,1,0
BRDA:1532,261,0,0
BRDA:1532,261,1,0
BRF:533
BRH:0
end_of_record
TN:
SF:src\models\league.js
FN:4,(anonymous_0)
FN:8,(anonymous_1)
FN:33,(anonymous_2)
FN:44,(anonymous_3)
FN:104,(anonymous_4)
FN:168,(anonymous_5)
FN:182,(anonymous_6)
FN:199,(anonymous_7)
FN:203,(anonymous_8)
FN:207,(anonymous_9)
FN:217,(anonymous_10)
FN:239,(anonymous_11)
FN:249,(anonymous_12)
FN:267,(anonymous_13)
FN:268,(anonymous_14)
FNF:15
FNH:2
FNDA:3,(anonymous_0)
FNDA:1,(anonymous_1)
FNDA:0,(anonymous_2)
FNDA:0,(anonymous_3)
FNDA:0,(anonymous_4)
FNDA:0,(anonymous_5)
FNDA:0,(anonymous_6)
FNDA:0,(anonymous_7)
FNDA:0,(anonymous_8)
FNDA:0,(anonymous_9)
FNDA:0,(anonymous_10)
FNDA:0,(anonymous_11)
FNDA:0,(anonymous_12)
FNDA:0,(anonymous_13)
FNDA:0,(anonymous_14)
DA:1,3
DA:5,3
DA:9,1
DA:30,1
DA:33,1
DA:45,0
DA:46,0
DA:47,0
DA:49,0
DA:57,0
DA:75,0
DA:94,0
DA:105,0
DA:107,0
DA:108,0
DA:111,0
DA:112,0
DA:115,0
DA:116,0
DA:117,0
DA:126,0
DA:127,0
DA:128,0
DA:132,0
DA:133,0
DA:135,0
DA:136,0
DA:137,0
DA:139,0
DA:140,0
DA:141,0
DA:143,0
DA:153,0
DA:156,0
DA:157,0
DA:165,0
DA:169,0
DA:170,0
DA:171,0
DA:172,0
DA:175,0
DA:176,0
DA:179,0
DA:183,0
DA:185,0
DA:186,0
DA:189,0
DA:190,0
DA:195,0
DA:196,0
DA:200,0
DA:204,0
DA:208,0
DA:209,0
DA:214,0
DA:218,0
DA:237,0
DA:239,0
DA:250,0
DA:265,0
DA:267,0
DA:268,0
DA:270,0
DA:279,3
LF:64
LH:6
BRDA:36,0,0,0
BRDA:36,0,1,0
BRDA:37,1,0,0
BRDA:37,1,1,0
BRDA:38,2,0,0
BRDA:38,2,1,0
BRDA:39,3,0,0
BRDA:39,3,1,0
BRDA:40,4,0,0
BRDA:40,4,1,0
BRDA:107,5,0,0
BRDA:107,5,1,0
BRDA:139,6,0,0
BRDA:139,6,1,0
BRDA:156,7,0,0
BRDA:156,7,1,0
BRDA:175,8,0,0
BRDA:175,8,1,0
BRDA:175,9,0,0
BRDA:175,9,1,0
BRDA:185,10,0,0
BRDA:185,10,1,0
BRDA:185,11,0,0
BRDA:185,11,1,0
BRDA:185,11,2,0
BRDA:242,12,0,0
BRDA:242,12,1,0
BRDA:243,13,0,0
BRDA:243,13,1,0
BRDA:244,14,0,0
BRDA:244,14,1,0
BRDA:245,15,0,0
BRDA:245,15,1,0
BRF:33
BRH:0
end_of_record
TN:
SF:src\models\match.js
FN:4,(anonymous_0)
FN:8,(anonymous_1)
FN:52,(anonymous_2)
FN:68,(anonymous_3)
FN:84,(anonymous_4)
FN:118,(anonymous_5)
FN:126,(anonymous_6)
FN:149,(anonymous_7)
FN:164,(anonymous_8)
FN:182,(anonymous_9)
FN:199,(anonymous_10)
FNF:11
FNH:2
FNDA:3,(anonymous_0)
FNDA:0,(anonymous_1)
FNDA:1,(anonymous_2)
FNDA:0,(anonymous_3)
FNDA:0,(anonymous_4)
FNDA:0,(anonymous_5)
FNDA:0,(anonymous_6)
FNDA:0,(anonymous_7)
FNDA:0,(anonymous_8)
FNDA:0,(anonymous_9)
FNDA:0,(anonymous_10)
DA:1,3
DA:5,3
DA:9,0
DA:11,0
DA:12,0
DA:15,0
DA:16,0
DA:20,0
DA:25,0
DA:26,0
DA:29,0
DA:30,0
DA:31,0
DA:34,0
DA:35,0
DA:36,0
DA:37,0
DA:38,0
DA:39,0
DA:43,0
DA:48,0
DA:49,0
DA:53,1
DA:65,1
DA:69,0
DA:81,0
DA:85,0
DA:87,0
DA:90,0
DA:91,0
DA:92,0
DA:93,0
DA:94,0
DA:98,0
DA:109,0
DA:111,0
DA:112,0
DA:115,0
DA:119,0
DA:121,0
DA:122,0
DA:127,0
DA:146,0
DA:150,0
DA:161,0
DA:165,0
DA:179,0
DA:183,0
DA:196,0
DA:200,0
DA:202,0
DA:203,0
DA:206,0
DA:207,0
DA:208,0
DA:209,0
DA:210,0
DA:213,0
DA:223,0
DA:224,0
DA:228,3
LF:61
LH:5
BRDA:11,0,0,0
BRDA:11,0,1,0
BRDA:11,1,0,0
BRDA:11,1,1,0
BRDA:15,2,0,0
BRDA:15,2,1,0
BRDA:25,3,0,0
BRDA:25,3,1,0
BRDA:34,4,0,0
BRDA:34,4,1,0
BRDA:34,5,0,0
BRDA:34,5,1,0
BRDA:36,6,0,0
BRDA:36,6,1,0
BRDA:38,7,0,0
BRDA:38,7,1,0
BRDA:90,8,0,0
BRDA:90,8,1,0
BRDA:90,9,0,0
BRDA:90,9,1,0
BRDA:91,10,0,0
BRDA:91,10,1,0
BRDA:93,11,0,0
BRDA:93,11,1,0
BRDA:111,12,0,0
BRDA:111,12,1,0
BRDA:121,13,0,0
BRDA:121,13,1,0
BRDA:164,14,0,0
BRDA:202,15,0,0
BRDA:202,15,1,0
BRDA:202,16,0,0
BRDA:202,16,1,0
BRDA:207,17,0,0
BRDA:207,17,1,0
BRDA:209,18,0,0
BRDA:209,18,1,0
BRF:37
BRH:0
end_of_record
TN:
SF:src\models\news.js
FN:4,(anonymous_0)
FN:8,(anonymous_1)
FN:17,(anonymous_2)
FN:21,(anonymous_3)
FN:43,(anonymous_4)
FN:69,(anonymous_5)
FN:76,(anonymous_6)
FN:91,(anonymous_7)
FNF:8
FNH:8
FNDA:3,(anonymous_0)
FNDA:6,(anonymous_1)
FNDA:3,(anonymous_2)
FNDA:2,(anonymous_3)
FNDA:1,(anonymous_4)
FNDA:1,(anonymous_5)
FNDA:1,(anonymous_6)
FNDA:1,(anonymous_7)
DA:1,3
DA:5,3
DA:9,6
DA:18,3
DA:22,2
DA:23,2
DA:25,2
DA:26,0
DA:29,2
DA:30,0
DA:33,2
DA:34,2
DA:40,2
DA:44,1
DA:45,1
DA:47,1
DA:48,0
DA:51,1
DA:52,0
DA:55,1
DA:62,1
DA:63,0
DA:66,1
DA:70,1
DA:71,1
DA:72,0
DA:77,1
DA:78,1
DA:79,1
DA:80,1
DA:81,1
DA:82,0
DA:84,1
DA:86,0
DA:87,0
DA:92,1
DA:93,1
DA:94,0
DA:99,3
LF:39
LH:29
BRDA:21,0,0,0
BRDA:22,1,0,2
BRDA:22,1,1,0
BRDA:23,2,0,2
BRDA:23,2,1,0
BRDA:25,3,0,0
BRDA:25,3,1,2
BRDA:29,4,0,0
BRDA:29,4,1,2
BRDA:43,5,0,0
BRDA:44,6,0,1
BRDA:44,6,1,0
BRDA:45,7,0,1
BRDA:45,7,1,0
BRDA:47,8,0,0
BRDA:47,8,1,1
BRDA:51,9,0,0
BRDA:51,9,1,1
BRDA:62,10,0,0
BRDA:62,10,1,1
BRDA:71,11,0,0
BRDA:71,11,1,1
BRDA:81,12,0,0
BRDA:81,12,1,1
BRDA:93,13,0,0
BRDA:93,13,1,1
BRF:26
BRH:12
end_of_record
TN:
SF:src\models\player.js
FN:4,(anonymous_0)
FN:8,(anonymous_1)
FN:25,(anonymous_2)
FN:112,(anonymous_3)
FN:145,(anonymous_4)
FN:205,(anonymous_5)
FN:241,(anonymous_6)
FN:305,(anonymous_7)
FN:307,(anonymous_8)
FN:355,(anonymous_9)
FN:427,(anonymous_10)
FN:449,(anonymous_11)
FN:463,(anonymous_12)
FN:469,(anonymous_13)
FN:491,(anonymous_14)
FNF:15
FNH:6
FNDA:3,(anonymous_0)
FNDA:1,(anonymous_1)
FNDA:2,(anonymous_2)
FNDA:0,(anonymous_3)
FNDA:0,(anonymous_4)
FNDA:0,(anonymous_5)
FNDA:0,(anonymous_6)
FNDA:0,(anonymous_7)
FNDA:1,(anonymous_8)
FNDA:1,(anonymous_9)
FNDA:0,(anonymous_10)
FNDA:1,(anonymous_11)
FNDA:0,(anonymous_12)
FNDA:0,(anonymous_13)
FNDA:0,(anonymous_14)
DA:1,3
DA:5,3
DA:9,1
DA:11,1
DA:12,0
DA:15,1
DA:16,1
DA:21,1
DA:22,1
DA:26,2
DA:57,2
DA:59,2
DA:112,2
DA:114,2
DA:145,2
DA:147,2
DA:205,2
DA:207,2
DA:241,2
DA:243,2
DA:305,2
DA:307,2
DA:308,1
DA:309,1
DA:310,1
DA:311,1
DA:312,1
DA:314,1
DA:315,1
DA:316,1
DA:317,1
DA:319,1
DA:320,1
DA:321,1
DA:323,1
DA:324,1
DA:325,1
DA:326,1
DA:328,1
DA:356,1
DA:386,1
DA:387,1
DA:389,1
DA:419,1
DA:428,0
DA:430,0
DA:440,0
DA:442,0
DA:443,0
DA:446,0
DA:450,1
DA:456,1
DA:458,1
DA:459,0
DA:464,0
DA:465,0
DA:466,0
DA:470,0
DA:471,0
DA:473,0
DA:485,0
DA:492,0
DA:502,0
DA:503,0
DA:507,3
LF:65
LH:47
BRDA:9,0,0,0
BRDA:11,1,0,0
BRDA:11,1,1,1
BRDA:308,2,0,1
BRDA:308,2,1,1
BRDA:309,3,0,1
BRDA:309,3,1,1
BRDA:310,4,0,1
BRDA:310,4,1,1
BRDA:311,5,0,1
BRDA:311,5,1,1
BRDA:312,6,0,1
BRDA:312,6,1,1
BRDA:314,7,0,1
BRDA:314,7,1,1
BRDA:315,8,0,1
BRDA:315,8,1,1
BRDA:316,9,0,1
BRDA:316,9,1,1
BRDA:317,10,0,0
BRDA:317,10,1,1
BRDA:319,11,0,1
BRDA:319,11,1,1
BRDA:320,12,0,1
BRDA:320,12,1,1
BRDA:326,13,0,0
BRDA:326,13,1,1
BRDA:338,14,0,1
BRDA:338,14,1,1
BRDA:339,15,0,1
BRDA:339,15,1,1
BRDA:340,16,0,1
BRDA:340,16,1,1
BRDA:341,17,0,1
BRDA:341,17,1,1
BRDA:346,18,0,0
BRDA:346,18,1,1
BRDA:347,19,0,1
BRDA:347,19,1,1
BRDA:348,20,0,1
BRDA:348,20,1,1
BRDA:349,21,0,1
BRDA:349,21,1,1
BRDA:350,22,0,1
BRDA:350,22,1,1
BRDA:387,23,0,0
BRDA:387,23,1,1
BRDA:421,24,0,1
BRDA:421,24,1,1
BRDA:422,25,0,1
BRDA:422,25,1,1
BRDA:423,26,0,0
BRDA:423,26,1,1
BRDA:442,27,0,0
BRDA:442,27,1,0
BRDA:458,28,0,0
BRDA:458,28,1,1
BRDA:471,29,0,0
BRDA:471,29,1,0
BRF:59
BRH:47
end_of_record
TN:
SF:src\models\team.js
FN:4,(anonymous_0)
FN:8,(anonymous_1)
FN:17,(anonymous_2)
FN:40,(anonymous_3)
FN:55,(anonymous_4)
FN:67,(anonymous_5)
FN:101,(anonymous_6)
FN:114,(anonymous_7)
FN:126,(anonymous_8)
FN:151,(anonymous_9)
FN:171,(anonymous_10)
FN:172,(anonymous_11)
FNF:12
FNH:7
FNDA:3,(anonymous_0)
FNDA:1,(anonymous_1)
FNDA:1,(anonymous_2)
FNDA:1,(anonymous_3)
FNDA:1,(anonymous_4)
FNDA:0,(anonymous_5)
FNDA:1,(anonymous_6)
FNDA:1,(anonymous_7)
FNDA:0,(anonymous_8)
FNDA:0,(anonymous_9)
FNDA:0,(anonymous_10)
FNDA:0,(anonymous_11)
DA:1,3
DA:5,3
DA:9,1
DA:10,0
DA:11,0
DA:12,0
DA:14,0
DA:18,1
DA:20,1
DA:21,0
DA:24,1
DA:25,1
DA:37,1
DA:41,1
DA:43,1
DA:48,1
DA:49,0
DA:52,1
DA:56,1
DA:61,1
DA:63,1
DA:64,1
DA:68,0
DA:70,0
DA:72,0
DA:74,0
DA:94,0
DA:95,0
DA:98,0
DA:102,1
DA:109,1
DA:110,0
DA:115,1
DA:127,0
DA:129,0
DA:130,0
DA:133,0
DA:134,0
DA:137,0
DA:138,0
DA:139,0
DA:143,0
DA:144,0
DA:145,0
DA:149,0
DA:150,0
DA:151,0
DA:154,0
DA:155,0
DA:158,0
DA:159,0
DA:164,0
DA:170,0
DA:171,0
DA:172,0
DA:175,0
DA:176,0
DA:183,0
DA:185,0
DA:186,0
DA:190,0
DA:193,0
DA:197,3
LF:63
LH:20
BRDA:9,0,0,1
BRDA:9,0,1,0
BRDA:9,1,0,1
BRDA:9,1,1,0
BRDA:11,2,0,0
BRDA:11,2,1,0
BRDA:11,3,0,0
BRDA:11,3,1,0
BRDA:11,3,2,0
BRDA:11,3,3,0
BRDA:20,4,0,0
BRDA:20,4,1,1
BRDA:30,5,0,1
BRDA:30,5,1,1
BRDA:31,6,0,1
BRDA:31,6,1,1
BRDA:33,7,0,1
BRDA:33,7,1,1
BRDA:40,8,0,0
BRDA:44,9,0,0
BRDA:44,9,1,1
BRDA:61,10,0,0
BRDA:61,10,1,1
BRDA:70,11,0,0
BRDA:70,11,1,0
BRDA:88,12,0,0
BRDA:88,12,1,0
BRDA:89,13,0,0
BRDA:89,13,1,0
BRDA:94,14,0,0
BRDA:94,14,1,0
BRDA:109,15,0,0
BRDA:109,15,1,1
BRDA:127,16,0,0
BRDA:127,17,0,0
BRDA:129,18,0,0
BRDA:129,18,1,0
BRDA:129,19,0,0
BRDA:129,19,1,0
BRDA:133,20,0,0
BRDA:133,20,1,0
BRDA:133,21,0,0
BRDA:133,21,1,0
BRDA:138,22,0,0
BRDA:138,22,1,0
BRDA:144,23,0,0
BRDA:144,23,1,0
BRDA:154,24,0,0
BRDA:154,24,1,0
BRF:49
BRH:12
end_of_record
TN:
SF:src\models\teamLeague.js
FN:2,(anonymous_0)
FN:6,(anonymous_1)
FN:109,(anonymous_2)
FN:210,(anonymous_3)
FN:220,(anonymous_4)
FN:226,(anonymous_5)
FN:260,(anonymous_6)
FN:279,(anonymous_7)
FN:296,(anonymous_8)
FN:315,(anonymous_9)
FNF:10
FNH:4
FNDA:3,(anonymous_0)
FNDA:1,(anonymous_1)
FNDA:2,(anonymous_2)
FNDA:0,(anonymous_3)
FNDA:0,(anonymous_4)
FNDA:0,(anonymous_5)
FNDA:0,(anonymous_6)
FNDA:0,(anonymous_7)
FNDA:0,(anonymous_8)
FNDA:2,(anonymous_9)
DA:3,3
DA:7,1
DA:8,1
DA:10,1
DA:11,1
DA:12,1
DA:13,0
DA:14,0
DA:16,1
DA:17,0
DA:18,0
DA:20,1
DA:22,1
DA:26,1
DA:30,1
DA:35,1
DA:52,1
DA:93,1
DA:94,1
DA:96,1
DA:111,2
DA:113,0
DA:121,2
DA:124,0
DA:134,2
DA:137,2
DA:138,2
DA:141,0
DA:142,0
DA:143,0
DA:144,0
DA:145,0
DA:147,0
DA:148,0
DA:149,0
DA:151,0
DA:162,0
DA:163,0
DA:164,0
DA:177,0
DA:178,0
DA:179,0
DA:180,0
DA:182,0
DA:183,0
DA:185,0
DA:186,0
DA:187,0
DA:188,0
DA:190,0
DA:191,0
DA:192,0
DA:193,0
DA:195,0
DA:196,0
DA:198,0
DA:199,0
DA:200,0
DA:201,0
DA:202,0
DA:203,0
DA:207,0
DA:210,0
DA:211,0
DA:212,0
DA:213,0
DA:214,0
DA:218,0
DA:220,0
DA:226,0
DA:227,0
DA:238,0
DA:239,0
DA:240,0
DA:241,0
DA:242,0
DA:243,0
DA:244,0
DA:245,0
DA:246,0
DA:249,0
DA:250,0
DA:253,0
DA:254,0
DA:257,0
DA:261,0
DA:262,0
DA:263,0
DA:264,0
DA:265,0
DA:266,0
DA:269,0
DA:270,0
DA:273,0
DA:274,0
DA:275,0
DA:276,0
DA:279,0
DA:281,0
DA:282,0
DA:283,0
DA:286,0
DA:287,0
DA:289,0
DA:290,0
DA:292,0
DA:293,0
DA:296,0
DA:297,0
DA:298,0
DA:300,0
DA:303,0
DA:305,0
DA:308,0
DA:309,0
DA:312,0
DA:316,2
DA:317,2
DA:319,2
DA:321,0
DA:332,0
DA:333,2
DA:335,0
DA:379,0
DA:382,2
DA:389,2
DA:392,2
DA:393,2
DA:394,2
DA:395,0
DA:396,0
DA:398,2
DA:399,0
DA:400,0
DA:402,2
DA:403,2
DA:404,2
DA:405,2
DA:406,2
DA:407,2
DA:408,0
DA:409,0
DA:411,2
DA:412,0
DA:413,0
DA:415,2
DA:423,2
DA:610,2
DA:613,2
DA:614,2
DA:615,2
DA:616,0
DA:617,0
DA:618,0
DA:619,0
DA:621,0
DA:624,2
DA:628,3
LF:158
LH:46
BRDA:6,0,0,0
BRDA:12,1,0,0
BRDA:12,1,1,1
BRDA:16,2,0,0
BRDA:16,2,1,1
BRDA:20,3,0,0
BRDA:20,3,1,1
BRDA:84,4,0,0
BRDA:84,4,1,1
BRDA:85,5,0,0
BRDA:85,5,1,1
BRDA:88,6,0,0
BRDA:88,6,1,1
BRDA:89,7,0,0
BRDA:89,7,1,0
BRDA:90,8,0,0
BRDA:90,8,1,1
BRDA:102,9,0,1
BRDA:102,9,1,0
BRDA:109,10,0,0
BRDA:111,11,0,0
BRDA:111,11,1,2
BRDA:121,12,0,0
BRDA:121,12,1,2
BRDA:137,13,0,2
BRDA:137,13,1,0
BRDA:137,14,0,2
BRDA:137,14,1,2
BRDA:143,15,0,0
BRDA:143,15,1,0
BRDA:147,16,0,0
BRDA:147,16,1,0
BRDA:180,17,0,0
BRDA:180,17,1,0
BRDA:180,18,0,0
BRDA:180,18,1,0
BRDA:185,19,0,0
BRDA:185,19,1,0
BRDA:186,20,0,0
BRDA:186,20,1,0
BRDA:187,21,0,0
BRDA:187,21,1,0
BRDA:188,22,0,0
BRDA:188,22,1,0
BRDA:190,23,0,0
BRDA:190,23,1,0
BRDA:191,24,0,0
BRDA:191,24,1,0
BRDA:192,25,0,0
BRDA:192,25,1,0
BRDA:193,26,0,0
BRDA:193,26,1,0
BRDA:195,27,0,0
BRDA:195,27,1,0
BRDA:195,28,0,0
BRDA:195,28,1,0
BRDA:196,29,0,0
BRDA:196,29,1,0
BRDA:196,30,0,0
BRDA:196,30,1,0
BRDA:198,31,0,0
BRDA:198,31,1,0
BRDA:201,32,0,0
BRDA:201,32,1,0
BRDA:211,33,0,0
BRDA:211,33,1,0
BRDA:212,34,0,0
BRDA:212,34,1,0
BRDA:213,35,0,0
BRDA:213,35,1,0
BRDA:228,36,0,0
BRDA:228,36,1,0
BRDA:228,36,2,0
BRDA:228,36,3,0
BRDA:228,36,4,0
BRDA:228,36,5,0
BRDA:244,37,0,0
BRDA:244,37,1,0
BRDA:266,38,0,0
BRDA:266,38,1,0
BRDA:266,38,2,0
BRDA:273,39,0,0
BRDA:273,39,1,0
BRDA:287,40,0,0
BRDA:287,40,1,0
BRDA:287,41,0,0
BRDA:287,41,1,0
BRDA:292,42,0,0
BRDA:292,42,1,0
BRDA:293,43,0,0
BRDA:293,43,1,0
BRDA:300,44,0,0
BRDA:300,44,1,0
BRDA:303,45,0,0
BRDA:303,45,1,0
BRDA:315,46,0,0
BRDA:319,47,0,0
BRDA:319,47,1,2
BRDA:333,48,0,0
BRDA:333,48,1,2
BRDA:394,49,0,0
BRDA:394,49,1,2
BRDA:398,50,0,0
BRDA:398,50,1,2
BRDA:403,51,0,2
BRDA:403,51,1,0
BRDA:404,52,0,0
BRDA:404,52,1,2
BRDA:404,53,0,2
BRDA:404,53,1,2
BRDA:407,54,0,0
BRDA:407,54,1,2
BRDA:411,55,0,0
BRDA:411,55,1,2
BRDA:617,56,0,0
BRDA:617,56,1,0
BRDA:617,57,0,0
BRDA:617,57,1,0
BRF:118
BRH:23
end_of_record
TN:
SF:src\models\teamSeason.js
FN:4,(anonymous_0)
FN:8,(anonymous_1)
FN:15,(anonymous_2)
FN:22,(anonymous_3)
FN:33,(anonymous_4)
FN:37,(anonymous_5)
FN:41,(anonymous_6)
FN:48,(anonymous_7)
FN:55,(anonymous_8)
FN:154,(anonymous_9)
FN:180,(anonymous_10)
FN:198,(anonymous_11)
FN:229,(anonymous_12)
FN:249,(anonymous_13)
FNF:14
FNH:4
FNDA:3,(anonymous_0)
FNDA:0,(anonymous_1)
FNDA:0,(anonymous_2)
FNDA:1,(anonymous_3)
FNDA:0,(anonymous_4)
FNDA:4,(anonymous_5)
FNDA:0,(anonymous_6)
FNDA:1,(anonymous_7)
FNDA:0,(anonymous_8)
FNDA:0,(anonymous_9)
FNDA:0,(anonymous_10)
FNDA:0,(anonymous_11)
FNDA:0,(anonymous_12)
FNDA:0,(anonymous_13)
DA:1,3
DA:5,3
DA:9,0
DA:10,0
DA:11,0
DA:12,0
DA:16,0
DA:17,0
DA:18,0
DA:19,0
DA:23,1
DA:34,0
DA:38,4
DA:42,0
DA:49,1
DA:56,0
DA:58,0
DA:59,0
DA:61,0
DA:62,0
DA:63,0
DA:64,0
DA:65,0
DA:67,0
DA:68,0
DA:69,0
DA:71,0
DA:72,0
DA:73,0
DA:79,0
DA:80,0
DA:81,0
DA:83,0
DA:91,0
DA:93,0
DA:94,0
DA:100,0
DA:101,0
DA:102,0
DA:103,0
DA:105,0
DA:113,0
DA:114,0
DA:115,0
DA:122,0
DA:123,0
DA:133,0
DA:134,0
DA:141,0
DA:143,0
DA:144,0
DA:148,0
DA:151,0
DA:155,0
DA:156,0
DA:158,0
DA:159,0
DA:162,0
DA:163,0
DA:164,0
DA:167,0
DA:177,0
DA:181,0
DA:182,0
DA:183,0
DA:184,0
DA:187,0
DA:195,0
DA:199,0
DA:200,0
DA:202,0
DA:203,0
DA:207,0
DA:216,0
DA:226,0
DA:230,0
DA:231,0
DA:233,0
DA:234,0
DA:237,0
DA:246,0
DA:250,0
DA:251,0
DA:253,0
DA:254,0
DA:257,0
DA:258,0
DA:259,0
DA:270,0
DA:278,0
DA:286,0
DA:287,0
DA:288,0
DA:289,0
DA:291,0
DA:293,0
DA:294,0
DA:298,0
DA:301,0
DA:305,3
LF:100
LH:6
BRDA:9,0,0,0
BRDA:9,0,1,0
BRDA:11,1,0,0
BRDA:11,1,1,0
BRDA:16,2,0,0
BRDA:16,2,1,0
BRDA:18,3,0,0
BRDA:18,3,1,0
BRDA:55,4,0,0
BRDA:56,5,0,0
BRDA:56,5,1,0
BRDA:58,6,0,0
BRDA:58,6,1,0
BRDA:59,7,0,0
BRDA:59,7,1,0
BRDA:63,8,0,0
BRDA:63,8,1,0
BRDA:64,9,0,0
BRDA:64,9,1,0
BRDA:65,10,0,0
BRDA:65,10,1,0
BRDA:69,11,0,0
BRDA:69,11,1,0
BRDA:79,12,0,0
BRDA:79,12,1,0
BRDA:81,13,0,0
BRDA:81,13,1,0
BRDA:91,14,0,0
BRDA:91,14,1,0
BRDA:91,15,0,0
BRDA:91,15,1,0
BRDA:122,16,0,0
BRDA:122,16,1,0
BRDA:156,17,0,0
BRDA:156,17,1,0
BRDA:158,18,0,0
BRDA:158,18,1,0
BRDA:163,19,0,0
BRDA:163,19,1,0
BRDA:163,20,0,0
BRDA:163,20,1,0
BRDA:182,21,0,0
BRDA:182,21,1,0
BRDA:183,22,0,0
BRDA:183,22,1,0
BRDA:200,23,0,0
BRDA:200,23,1,0
BRDA:202,24,0,0
BRDA:202,24,1,0
BRDA:231,25,0,0
BRDA:231,25,1,0
BRDA:233,26,0,0
BRDA:233,26,1,0
BRDA:251,27,0,0
BRDA:251,27,1,0
BRDA:253,28,0,0
BRDA:253,28,1,0
BRF:57
BRH:0
end_of_record
TN:
SF:src\models\teamSeasonDivision.js
FN:4,(anonymous_0)
FN:8,(anonymous_1)
FN:17,(anonymous_2)
FN:27,(anonymous_3)
FN:31,(anonymous_4)
FN:42,(anonymous_5)
FN:60,(anonymous_6)
FN:81,(anonymous_7)
FN:100,(anonymous_8)
FN:114,(anonymous_9)
FN:127,(anonymous_10)
FN:158,(anonymous_11)
FN:165,(anonymous_12)
FNF:13
FNH:1
FNDA:3,(anonymous_0)
FNDA:0,(anonymous_1)
FNDA:0,(anonymous_2)
FNDA:0,(anonymous_3)
FNDA:0,(anonymous_4)
FNDA:0,(anonymous_5)
FNDA:0,(anonymous_6)
FNDA:0,(anonymous_7)
FNDA:0,(anonymous_8)
FNDA:0,(anonymous_9)
FNDA:0,(anonymous_10)
FNDA:0,(anonymous_11)
FNDA:0,(anonymous_12)
DA:1,3
DA:5,3
DA:9,0
DA:10,0
DA:12,0
DA:13,0
DA:18,0
DA:28,0
DA:32,0
DA:43,0
DA:44,0
DA:46,0
DA:48,0
DA:49,0
DA:51,0
DA:57,0
DA:61,0
DA:62,0
DA:64,0
DA:66,0
DA:67,0
DA:69,0
DA:71,0
DA:78,0
DA:82,0
DA:83,0
DA:85,0
DA:87,0
DA:91,0
DA:93,0
DA:94,0
DA:96,0
DA:97,0
DA:101,0
DA:102,0
DA:104,0
DA:115,0
DA:116,0
DA:118,0
DA:120,0
DA:122,0
DA:123,0
DA:125,0
DA:126,0
DA:127,0
DA:130,0
DA:133,0
DA:134,0
DA:135,0
DA:137,0
DA:138,0
DA:145,0
DA:147,0
DA:148,0
DA:152,0
DA:155,0
DA:159,0
DA:165,0
DA:169,3
LF:59
LH:3
BRDA:10,0,0,0
BRDA:10,0,1,0
BRDA:12,1,0,0
BRDA:12,1,1,0
BRDA:43,2,0,0
BRDA:43,2,1,0
BRDA:43,3,0,0
BRDA:43,3,1,0
BRDA:44,4,0,0
BRDA:44,4,1,0
BRDA:49,5,0,0
BRDA:49,5,1,0
BRDA:62,6,0,0
BRDA:62,6,1,0
BRDA:66,7,0,0
BRDA:66,7,1,0
BRDA:67,8,0,0
BRDA:67,8,1,0
BRDA:69,9,0,0
BRDA:69,9,1,0
BRDA:83,10,0,0
BRDA:83,10,1,0
BRDA:91,11,0,0
BRDA:91,11,1,0
BRDA:91,12,0,0
BRDA:91,12,1,0
BRDA:94,13,0,0
BRDA:94,13,1,0
BRDA:94,14,0,0
BRDA:94,14,1,0
BRDA:102,15,0,0
BRDA:102,15,1,0
BRDA:116,16,0,0
BRDA:116,16,1,0
BRDA:120,17,0,0
BRDA:120,17,1,0
BRDA:123,18,0,0
BRDA:123,18,1,0
BRDA:125,19,0,0
BRDA:125,19,1,0
BRDA:130,20,0,0
BRDA:130,20,1,0
BRF:42
BRH:0
end_of_record
TN:
SF:tests\helpers.js
FN:12,createTestApp
FN:24,(anonymous_1)
FN:44,adminHeaders
FNF:3
FNH:3
FNDA:3,createTestApp
FNDA:3,(anonymous_1)
FNDA:31,adminHeaders
DA:1,3
DA:2,3
DA:3,3
DA:13,3
DA:17,3
DA:19,3
DA:20,3
DA:22,3
DA:24,3
DA:25,3
DA:26,3
DA:30,3
DA:31,9
DA:32,9
DA:39,3
DA:42,3
DA:45,31
DA:51,3
LF:18
LH:18
BRDA:44,0,0,27
BRDA:46,1,0,31
BRDA:46,1,1,30
BRDA:47,2,0,31
BRDA:47,2,1,28
BRF:5
BRH:5
end_of_record
